000 (7715295.005.000) 12/18 13:27:55 Job submitted from host: <137.138.156.150:9618?addrs=137.138.156.150-9618+[2001-1458-d00-14--9a]-9618&alias=bigbird13.cern.ch&noUDP&sock=schedd_1788_ff6c>
...
040 (7715295.005.000) 12/18 13:29:26 Started transferring input files
	Transferring to host: <128.142.137.158:9618?addrs=128.142.137.158-9618+[2001-1458-301-5e--100-92]-9618&alias=b7g19p7561.cern.ch&noUDP&sock=slot1_1_5716_3062_24067>
...
040 (7715295.005.000) 12/18 13:29:26 Finished transferring input files
...
001 (7715295.005.000) 12/18 13:29:26 Job executing on host: <128.142.137.158:9618?addrs=128.142.137.158-9618+[2001-1458-301-5e--100-92]-9618&alias=b7g19p7561.cern.ch&noUDP&sock=startd_4880_da42>
...
006 (7715295.005.000) 12/18 13:29:34 Image size of job updated: 39924
	26  -  MemoryUsage of job (MB)
	25616  -  ResidentSetSize of job (KB)
...
006 (7715295.005.000) 12/18 13:29:42 Image size of job updated: 772572
	26  -  MemoryUsage of job (MB)
	25616  -  ResidentSetSize of job (KB)
...
040 (7715295.005.000) 12/18 13:29:42 Started transferring output files
...
040 (7715295.005.000) 12/18 13:29:42 Finished transferring output files
...
005 (7715295.005.000) 12/18 13:29:42 Job terminated.
	(1) Normal termination (return value 1)
		Usr 0 00:00:02, Sys 0 00:00:01  -  Run Remote Usage
		Usr 0 00:00:00, Sys 0 00:00:00  -  Run Local Usage
		Usr 0 00:00:02, Sys 0 00:00:01  -  Total Remote Usage
		Usr 0 00:00:00, Sys 0 00:00:00  -  Total Local Usage
	44341  -  Run Bytes Sent By Job
	959  -  Run Bytes Received By Job
	44341  -  Total Bytes Sent By Job
	959  -  Total Bytes Received By Job
	Partitionable Resources :    Usage  Request Allocated 
	   Cpus                 :                24        24 
	   Disk (KB)            :       99        1   1693441 
	   Memory (MB)          :       26    48000     48000 

	Job terminated of its own accord at 2022-12-18T12:29:42Z.
...
