000 (7717055.005.000) 12/19 13:34:21 Job submitted from host: <137.138.156.150:9618?addrs=137.138.156.150-9618+[2001-1458-d00-14--9a]-9618&alias=bigbird13.cern.ch&noUDP&sock=schedd_1788_ff6c>
...
040 (7717055.005.000) 12/19 13:36:21 Started transferring input files
	Transferring to host: <128.142.58.37:9618?addrs=128.142.58.37-9618&alias=b7s03p3926.cern.ch&noUDP&sock=slot1_1_3366_66c2_6272>
...
040 (7717055.005.000) 12/19 13:36:21 Finished transferring input files
...
001 (7717055.005.000) 12/19 13:36:21 Job executing on host: <128.142.58.37:9618?addrs=128.142.58.37-9618&alias=b7s03p3926.cern.ch&noUDP&sock=startd_2856_8e92>
...
006 (7717055.005.000) 12/19 13:36:30 Image size of job updated: 61764
	46  -  MemoryUsage of job (MB)
	46092  -  ResidentSetSize of job (KB)
...
006 (7717055.005.000) 12/19 13:41:31 Image size of job updated: 13174592
	10430  -  MemoryUsage of job (MB)
	10679824  -  ResidentSetSize of job (KB)
...
040 (7717055.005.000) 12/19 13:43:41 Started transferring output files
...
040 (7717055.005.000) 12/19 13:43:41 Finished transferring output files
...
005 (7717055.005.000) 12/19 13:43:42 Job terminated.
	(1) Normal termination (return value 1)
		Usr 0 00:04:40, Sys 0 00:00:46  -  Run Remote Usage
		Usr 0 00:00:00, Sys 0 00:00:00  -  Run Local Usage
		Usr 0 00:04:40, Sys 0 00:00:46  -  Total Remote Usage
		Usr 0 00:00:00, Sys 0 00:00:00  -  Total Local Usage
	126393  -  Run Bytes Sent By Job
	1047  -  Run Bytes Received By Job
	126393  -  Total Bytes Sent By Job
	1047  -  Total Bytes Received By Job
	Partitionable Resources :    Usage  Request Allocated 
	   Cpus                 :                 8         8 
	   Disk (KB)            :      181        2   1364459 
	   Memory (MB)          :    10430    16000     16000 

	Job terminated of its own accord at 2022-12-19T12:43:41Z.
...
