000 (7716584.004.000) 12/19 03:30:19 Job submitted from host: <137.138.156.150:9618?addrs=137.138.156.150-9618+[2001-1458-d00-14--9a]-9618&alias=bigbird13.cern.ch&noUDP&sock=schedd_1788_ff6c>
...
040 (7716584.004.000) 12/19 03:31:22 Started transferring input files
	Transferring to host: <128.142.137.158:9618?addrs=128.142.137.158-9618+[2001-1458-301-5e--100-92]-9618&alias=b7g19p7561.cern.ch&noUDP&sock=slot1_1_5716_3062_24448>
...
040 (7716584.004.000) 12/19 03:31:22 Finished transferring input files
...
001 (7716584.004.000) 12/19 03:31:22 Job executing on host: <128.142.137.158:9618?addrs=128.142.137.158-9618+[2001-1458-301-5e--100-92]-9618&alias=b7g19p7561.cern.ch&noUDP&sock=startd_4880_da42>
...
006 (7716584.004.000) 12/19 03:31:30 Image size of job updated: 1053044
	870  -  MemoryUsage of job (MB)
	890232  -  ResidentSetSize of job (KB)
...
006 (7716584.004.000) 12/19 03:36:30 Image size of job updated: 10273012
	8218  -  MemoryUsage of job (MB)
	8414552  -  ResidentSetSize of job (KB)
...
006 (7716584.004.000) 12/19 03:41:31 Image size of job updated: 33989152
	25422  -  MemoryUsage of job (MB)
	26031908  -  ResidentSetSize of job (KB)
...
006 (7716584.004.000) 12/19 03:46:32 Image size of job updated: 37793252
	30957  -  MemoryUsage of job (MB)
	31699180  -  ResidentSetSize of job (KB)
...
006 (7716584.004.000) 12/19 03:51:32 Image size of job updated: 37793252
	33969  -  MemoryUsage of job (MB)
	34783832  -  ResidentSetSize of job (KB)
...
006 (7716584.004.000) 12/19 03:56:32 Image size of job updated: 40117948
	37041  -  MemoryUsage of job (MB)
	37929084  -  ResidentSetSize of job (KB)
...
006 (7716584.004.000) 12/19 04:01:33 Image size of job updated: 43181536
	40043  -  MemoryUsage of job (MB)
	41003508  -  ResidentSetSize of job (KB)
...
006 (7716584.004.000) 12/19 04:06:34 Image size of job updated: 46125728
	42900  -  MemoryUsage of job (MB)
	43928932  -  ResidentSetSize of job (KB)
...
006 (7716584.004.000) 12/19 04:11:34 Image size of job updated: 49297364
	45997  -  MemoryUsage of job (MB)
	47100336  -  ResidentSetSize of job (KB)
...
006 (7716584.004.000) 12/19 04:16:35 Image size of job updated: 52808932
	49348  -  MemoryUsage of job (MB)
	50531548  -  ResidentSetSize of job (KB)
...
006 (7716584.004.000) 12/19 04:21:36 Image size of job updated: 56047880
	52589  -  MemoryUsage of job (MB)
	53850692  -  ResidentSetSize of job (KB)
...
006 (7716584.004.000) 12/19 04:26:36 Image size of job updated: 59095316
	55558  -  MemoryUsage of job (MB)
	56890760  -  ResidentSetSize of job (KB)
...
006 (7716584.004.000) 12/19 04:31:36 Image size of job updated: 62618996
	58991  -  MemoryUsage of job (MB)
	60406732  -  ResidentSetSize of job (KB)
...
006 (7716584.004.000) 12/19 04:36:38 Image size of job updated: 65450932
	61776  -  MemoryUsage of job (MB)
	63258152  -  ResidentSetSize of job (KB)
...
006 (7716584.004.000) 12/19 04:41:38 Image size of job updated: 70845340
	67198  -  MemoryUsage of job (MB)
	68810592  -  ResidentSetSize of job (KB)
...
006 (7716584.004.000) 12/19 04:46:38 Image size of job updated: 77955656
	73884  -  MemoryUsage of job (MB)
	75656468  -  ResidentSetSize of job (KB)
...
006 (7716584.004.000) 12/19 04:51:39 Image size of job updated: 81887960
	77723  -  MemoryUsage of job (MB)
	79588352  -  ResidentSetSize of job (KB)
...
006 (7716584.004.000) 12/19 04:56:40 Image size of job updated: 81950868
	77723  -  MemoryUsage of job (MB)
	79588352  -  ResidentSetSize of job (KB)
...
006 (7716584.004.000) 12/19 05:01:40 Image size of job updated: 82062460
	77723  -  MemoryUsage of job (MB)
	79588352  -  ResidentSetSize of job (KB)
...
040 (7716584.004.000) 12/19 07:04:32 Started transferring output files
...
040 (7716584.004.000) 12/19 07:04:32 Finished transferring output files
...
005 (7716584.004.000) 12/19 07:04:32 Job terminated.
	(1) Normal termination (return value 0)
		Usr 0 03:21:05, Sys 0 00:09:23  -  Run Remote Usage
		Usr 0 00:00:00, Sys 0 00:00:00  -  Run Local Usage
		Usr 0 03:21:05, Sys 0 00:09:23  -  Total Remote Usage
		Usr 0 00:00:00, Sys 0 00:00:00  -  Total Local Usage
	106648  -  Run Bytes Sent By Job
	959  -  Run Bytes Received By Job
	106648  -  Total Bytes Sent By Job
	959  -  Total Bytes Received By Job
	Partitionable Resources :      Usage  Request Allocated 
	   Cpus                 :       1.00       24        24 
	   Disk (KB)            : 1196342           1   1693150 
	   Memory (MB)          :   77723       48000     48000 

	Job terminated of its own accord at 2022-12-19T06:04:31Z.
...
