option: --period=2018D-5
/afs/cern.ch/work/m/malvesga/ProtonRecon/TEST/CMSSW_11_2_4/src/workspace/pps-ww-analysis-notebook
/eos/home-m/malvesga/SWAN_projects/Antonio_UL/output
/afs/cern.ch/work/m/malvesga/ProtonRecon/TEST/CMSSW_11_2_4/src/workspace/pps-ww-analysis-notebook
/pool/condor/dir_13509
_condor_stderr
_condor_stdout
condor_exec.exe
malvesga.cc
tmp
var
PYTHON3PATH set to /cvmfs/cms.cern.ch/share/overrides/python:/afs/cern.ch/work/m/malvesga/ProtonRecon/TEST/CMSSW_11_2_4/python:/afs/cern.ch/work/m/malvesga/ProtonRecon/TEST/CMSSW_11_2_4/lib/slc7_amd64_gcc900:/cvmfs/cms.cern.ch/slc7_amd64_gcc900/cms/cmssw/CMSSW_11_2_4/python:/cvmfs/cms.cern.ch/slc7_amd64_gcc900/cms/cmssw/CMSSW_11_2_4/lib/slc7_amd64_gcc900:/cvmfs/cms.cern.ch/slc7_amd64_gcc900/cms/cmssw-tool-conf/46.0-ghbfee12/lib/python3.8/site-packages:/afs/cern.ch/work/m/malvesga/ProtonRecon/TEST/CMSSW_11_2_4/src/workspace/pps-ww-analysis-notebook
SRT_G4LEVELGAMMADATA_SCRAMRTDEL=/cvmfs/cms.cern.ch/slc7_amd64_gcc900/external/geant4-G4PhotonEvaporation/5.5/data/PhotonEvaporation5.5
REMOTEHOST=177.23.51.38
G4LEVELGAMMADATA=/cvmfs/cms.cern.ch/slc7_amd64_gcc900/external/geant4-G4PhotonEvaporation/5.5/data/PhotonEvaporation5.5
UTM_XSD_DIR=/cvmfs/cms.cern.ch/slc7_amd64_gcc900/external/utm/utm_0.8.1
CUBACORES=24
CMSSW_RELEASE_BASE=/cvmfs/cms.cern.ch/slc7_amd64_gcc900/cms/cmssw/CMSSW_11_2_4
_CONDOR_JOB_PIDS=
MANPATH=/cvmfs/cms.cern.ch/share/man:/cvmfs/cms.cern.ch/share/man:/opt/glite/share/man:/cvmfs/cms.cern.ch/share/man:/cvmfs/cms.cern.ch/share/man:/cvmfs/cms.cern.ch/share/man:/cvmfs/cms.cern.ch/share/man::/opt/puppetlabs/puppet/share/man::
SCRAMRT_SET=CMSSW:CMSSW_11_2_4:slc7_amd64_gcc900:V2_2_9_pre16:SRT_
CMSSW_FWLITE_INCLUDE_PATH=/cvmfs/cms.cern.ch/slc7_amd64_gcc900/external/sherpa/2.2.10-ljfedo/include:/cvmfs/cms.cern.ch/slc7_amd64_gcc900/external/hepmc/2.06.07-bcolbf2/include:/cvmfs/cms.cern.ch/slc7_amd64_gcc900/external/clhep/2.4.1.3-ghbfee/include:/cvmfs/cms.cern.ch/slc7_amd64_gcc900/external/boost/1.72.0-ghbfee4/include
XDG_SESSION_ID=c5152
SRT_GCC_RUNTIME_ASAN_SCRAMRTDEL=/cvmfs/cms.cern.ch/slc7_amd64_gcc900/external/gcc/9.3.0/lib64/libasan.so
HOSTNAME=b7g23p0858.cern.ch
MKFIT_BASE=/cvmfs/cms.cern.ch/slc7_amd64_gcc900/external/mkfit/2.0.1-ghbfee4
GUESTFISH_INIT=\e[1;34m
VIRTUALENVWRAPPER_SCRIPT=/usr/bin/virtualenvwrapper.sh
SELINUX_ROLE_REQUESTED=
VO_VO_L3_CERN_CH_SW_DIR=/afs/cern.ch/l3
VO_ALICE_SW_DIR=/afs/cern.ch/project/gd/apps/alice
ROOT_INCLUDE_PATH=/afs/cern.ch/work/m/malvesga/ProtonRecon/TEST/CMSSW_11_2_4/src:/cvmfs/cms.cern.ch/slc7_amd64_gcc900/cms/cmssw/CMSSW_11_2_4/src:/cvmfs/cms.cern.ch/slc7_amd64_gcc900/cms/coral/CORAL_2_3_21-ghbfee11/include/LCG:/cvmfs/cms.cern.ch/slc7_amd64_gcc900/external/mctester/1.25.0a-ghbfee11/include:/cvmfs/cms.cern.ch/slc7_amd64_gcc900/external/dd4hep/v01-14x-ghbfee4/include:/cvmfs/cms.cern.ch/slc7_amd64_gcc900/external/herwigpp/7.2.0-ghbfee13/include:/cvmfs/cms.cern.ch/slc7_amd64_gcc900/external/tauolapp/1.1.5-ghbfee3/include:/cvmfs/cms.cern.ch/slc7_amd64_gcc900/external/charybdis/1.003-ghbfee3/include:/cvmfs/cms.cern.ch/slc7_amd64_gcc900/external/sherpa/2.2.10-ljfedo/include/SHERPA-MC:/cvmfs/cms.cern.ch/slc7_amd64_gcc900/external/thepeg/2.2.0-ghbfee4/include:/cvmfs/cms.cern.ch/slc7_amd64_gcc900/external/pythia8/303/include:/cvmfs/cms.cern.ch/slc7_amd64_gcc900/external/herwig/6.521-ghbfee2/include:/cvmfs/cms.cern.ch/slc7_amd64_gcc900/external/lwtnn/2.10-ghbfee4/include:/cvmfs/cms.cern.ch/slc7_amd64_gcc900/external/lhapdf/6.2.3-ghbfee/include:/cvmfs/cms.cern.ch/slc7_amd64_gcc900/external/cgal/4.2-ghbfee4/include:/cvmfs/cms.cern.ch/slc7_amd64_gcc900/external/starlight/r193-ghbfee/include:/cvmfs/cms.cern.ch/slc7_amd64_gcc900/external/rivet/3.1.3/include:/cvmfs/cms.cern.ch/slc7_amd64_gcc900/external/highfive/2.0-ghbfee3/include:/cvmfs/cms.cern.ch/slc7_amd64_gcc900/external/geant4/10.6.2-ghbfee/include/Geant4:/cvmfs/cms.cern.ch/slc7_amd64_gcc900/external/classlib/3.1.3-ghbfee/include:/cvmfs/cms.cern.ch/slc7_amd64_gcc900/external/tkonlinesw/4.2.0-1_gcc7-ghbfee11/include:/cvmfs/cms.cern.ch/slc7_amd64_gcc900/external/libungif/4.1.4-bcolbf2/include:/cvmfs/cms.cern.ch/slc7_amd64_gcc900/external/libtiff/4.0.10-ghbfee/include:/cvmfs/cms.cern.ch/slc7_amd64_gcc900/external/libpng/1.6.37-bcolbf2/include:/cvmfs/cms.cern.ch/slc7_amd64_gcc900/external/frontier_client/2.9.1-ghbfee/include:/cvmfs/cms.cern.ch/slc7_amd64_gcc900/external/pcre/8.43-bcolbf/include:/cvmfs/cms.cern.ch/slc7_amd64_gcc900/external/zstd/1.4.5/include:/cvmfs/cms.cern.ch/slc7_amd64_gcc900/external/xrootd/4.12.3/include/xrootd/private:/cvmfs/cms.cern.ch/slc7_amd64_gcc900/cms/vdt/0.4.0-ghbfee/include:/cvmfs/cms.cern.ch/slc7_amd64_gcc900/external/valgrind/3.15.0-bcolbf2/include:/cvmfs/cms.cern.ch/slc7_amd64_gcc900/external/utm/utm_0.8.1/include:/cvmfs/cms.cern.ch/slc7_amd64_gcc900/external/toprex/4.23-ghbfee/include:/cvmfs/cms.cern.ch/slc7_amd64_gcc900/external/tauola/27.121.5-ghbfee/include:/cvmfs/cms.cern.ch/slc7_amd64_gcc900/external/sigcpp/2.6.2-bcolbf2/include/sigc++-2.0:/cvmfs/cms.cern.ch/slc7_amd64_gcc900/external/sqlite/3.22.0-bcolbf/include:/cvmfs/cms.cern.ch/slc7_amd64_gcc900/external/pacparser/1.3.5-bcolbf/include:/cvmfs/cms.cern.ch/slc7_amd64_gcc900/external/oracle/12.1.0.2.0-bcolbf/include:/cvmfs/cms.cern.ch/slc7_amd64_gcc900/external/py2-numpy/1.16.6-ghbfee/c-api/core/include:/cvmfs/cms.cern.ch/slc7_amd64_gcc900/external/meschach/1.2.pCMS1-bcolbf2/include:/cvmfs/cms.cern.ch/slc7_amd64_gcc900/external/lz4/1.9.2/include:/cvmfs/cms.cern.ch/slc7_amd64_gcc900/external/libuuid/2.34-bcolbf2/include:/cvmfs/cms.cern.ch/slc7_amd64_gcc900/external/libunwind/1.4.0/include:/cvmfs/cms.cern.ch/slc7_amd64_gcc900/external/ktjet/1.06-ghbfee/include:/cvmfs/cms.cern.ch/slc7_amd64_gcc900/external/jimmy/4.2-ghbfee3/include:/cvmfs/cms.cern.ch/slc7_amd64_gcc900/external/jemalloc/5.2.1-ghbfee3/include:/cvmfs/cms.cern.ch/slc7_amd64_gcc900/external/hls/2019.08-bcolbf/include:/cvmfs/cms.cern.ch/slc7_amd64_gcc900/external/madgraph5amcatnlo/2.6.0-ghbfee12:/cvmfs/cms.cern.ch/slc7_amd64_gcc900/external/heppdt/3.03.00-ghbfee2/include:/cvmfs/cms.cern.ch/slc7_amd64_gcc900/external/hector/1.3.4_patch1-ghbfee11/include:/cvmfs/cms.cern.ch/slc7_amd64_gcc900/external/gsl/2.6-ghbfee/include:/cvmfs/cms.cern.ch/slc7_amd64_gcc900/external/protobuf/3.11.3-ghbfee/include:/cvmfs/cms.cern.ch/slc7_amd64_gcc900/external/libjpeg-turbo/2.0.2-ghbfee/include:/cvmfs/cms.cern.ch/slc7_amd64_gcc900/external/giflib/5.2.0-bcolbf2/include:/cvmfs/cms.cern.ch/slc7_amd64_gcc900/external/gdbm/1.10-bcolbf2/include:/cvmfs/cms.cern.ch/slc7_amd64_gcc900/external/freetype/2.10.0-bcolbf3/include:/cvmfs/cms.cern.ch/slc7_amd64_gcc900/external/fftw3/3.3.8-bcolbf/include:/cvmfs/cms.cern.ch/slc7_amd64_gcc900/external/fftjet/1.5.0-bcolbf3/include:/cvmfs/cms.cern.ch/slc7_amd64_gcc900/external/fastjet/3.3.4-ghbfee/include:/cvmfs/cms.cern.ch/slc7_amd64_gcc900/external/hepmc/2.06.07-bcolbf2/include:/cvmfs/cms.cern.ch/slc7_amd64_gcc900/external/dpm/1.8.0.1-ghbfee/include:/cvmfs/cms.cern.ch/slc7_amd64_gcc900/external/expat/2.1.0-bcolbf2/include:/cvmfs/cms.cern.ch/slc7_amd64_gcc900/external/vecgeom/v1.1.6-ghbfee3/include:/cvmfs/cms.cern.ch/slc7_amd64_gcc900/external/vecgeom/v1.1.6-ghbfee3/include/VecGeom:/cvmfs/cms.cern.ch/slc7_amd64_gcc900/external/xerces-c/3.1.3-bcolbf2/include:/cvmfs/cms.cern.ch/slc7_amd64_gcc900/external/xz/5.2.4-bcolbf2/include:/cvmfs/cms.cern.ch/slc7_amd64_gcc900/lcg/root/6.22.06/include:/cvmfs/cms.cern.ch/slc7_amd64_gcc900/external/dcap/2.47.12-bcolbf2/include:/cvmfs/cms.cern.ch/slc7_amd64_gcc900/external/libxml2/2.9.10/include/libxml2:/cvmfs/cms.cern.ch/slc7_amd64_gcc900/external/openssl/1.0.2d-bcolbf/include:/cvmfs/cms.cern.ch/slc7_amd64_gcc900/external/curl/7.70.0/include:/cvmfs/cms.cern.ch/slc7_amd64_gcc900/external/cppunit/1.15.x-bcolbf2/include:/cvmfs/cms.cern.ch/slc7_amd64_gcc900/external/clhep/2.4.1.3-ghbfee/include:/cvmfs/cms.cern.ch/slc7_amd64_gcc900/external/pythia6/426-ghbfee/include:/cvmfs/cms.cern.ch/slc7_amd64_gcc900/external/photos/215.5-bcolbf/include:/cvmfs/cms.cern.ch/slc7_amd64_gcc900/external/zlib/1.2.11-bcolbf/include:/cvmfs/cms.cern.ch/slc7_amd64_gcc900/external/cascade/2.2.04-ghbfee3/include:/cvmfs/cms.cern.ch/slc7_amd64_gcc900/external/bz2lib/1.0.6-bcolbf2/include:/cvmfs/cms.cern.ch/slc7_amd64_gcc900/external/python/2.7.15-bcolbf2/include/python2.7:/cvmfs/cms.cern.ch/slc7_amd64_gcc900/external/tbb/2020_U2-ghbfee/include:/cvmfs/cms.cern.ch/slc7_amd64_gcc900/external/boost/1.72.0-ghbfee4/include:/cvmfs/cms.cern.ch/slc7_amd64_gcc900/external/tinyxml2/6.2.0-ghbfee/include:/cvmfs/cms.cern.ch/slc7_amd64_gcc900/external/ittnotify/16.06.18-ghbfee/include:/cvmfs/cms.cern.ch/slc7_amd64_gcc900/external/gosamcontrib/2.0-20150803-bcolbf2/include:/cvmfs/cms.cern.ch/slc7_amd64_gcc900/external/fmt/7.0.1/include:/cvmfs/cms.cern.ch/slc7_amd64_gcc900/external/eigen/d812f411c3f9-ghbfee/include/eigen3:/usr/local/include:/usr/include
INTEL_LICENSE_FILE=28518@lxlicen01.cern.ch,28518@lxlicen02.cern.ch,28518@lxlicen03.cern.ch
SRT_TEXMFHOME_SCRAMRTDEL=/cvmfs/cms.cern.ch/slc7_amd64_gcc900/external/rivet/3.1.3/share/Rivet/texmf
GRID_ENV_LOCATION=/usr/libexec
TERM=xterm
SHELL=/bin/bash
HOST=b7g23p0858.cern.ch
SRT_GEANT4_PARFULLCMS_CONFIG_DIR_SCRAMRTDEL=/cvmfs/cms.cern.ch/slc7_amd64_gcc900/external/geant4-parfullcms/2014.01.27-ghbfee3/share/ParFullCMS
HISTSIZE=1000
SRT_TNS_ADMIN_SCRAMRTDEL=/etc
PDFPATH=/cvmfs/cms.cern.ch/slc7_amd64_gcc900/external/rivet/3.1.3/share
TMPDIR=/pool/condor/dir_13509/tmp
SSH_CLIENT=177.23.51.38 52983 22
ROOT_GCC_TOOLCHAIN=/cvmfs/cms.cern.ch/slc7_amd64_gcc900/external/gcc/9.3.0
VO_OPS_DEFAULT_SE=srm-public.cern.ch
G4FORCENUMBEROFTHREADS=max
OPENBLAS_NUM_THREADS=1
PERL5LIB=/cvmfs/cms.cern.ch/slc7_amd64_gcc900/external/git/2.23.0-ghbfee/share/perl5
SRT_PDFPATH_SCRAMRTDEL=/cvmfs/cms.cern.ch/slc7_amd64_gcc900/external/rivet/3.1.3/share
CONDA_SHLVL=0
LHAPDF_DATA_PATH=/cvmfs/cms.cern.ch/slc7_amd64_gcc900/external/lhapdf/6.2.3-ghbfee/share/LHAPDF
SELINUX_USE_CURRENT_RANGE=
CMSSW_DATA_PATH=/cvmfs/cms.cern.ch/slc7_amd64_gcc900/cms
CVSROOT=:gserver:cmssw.cvs.cern.ch:/local/reps/CMSSW
_CONDOR_SCRATCH_DIR=/pool/condor/dir_13509
CMSSW_GIT_HASH=CMSSW_11_2_4
SRT_G4ABLADATA_SCRAMRTDEL=/cvmfs/cms.cern.ch/slc7_amd64_gcc900/external/geant4-G4ABLA/3.1/data/G4ABLA3.1
VO_NA48_SW_DIR=/afs/cern.ch/project/gd/apps/na48
QTDIR=/usr/lib64/qt-3.3
SRT_SCONS_LIB_DIR_SCRAMRTDEL=/cvmfs/cms.cern.ch/slc7_amd64_gcc900/external/scons/3.0.1-bcolbf2/lib
QTINC=/usr/lib64/qt-3.3/include
SCRAM_ARCH=slc7_amd64_gcc900
SRT_MKFIT_BASE_SCRAMRTDEL=/cvmfs/cms.cern.ch/slc7_amd64_gcc900/external/mkfit/2.0.1-ghbfee4
VO_VO_OPAL_CERN_CH_DEFAULT_SE=srm-public.cern.ch
GIT_SSL_CAINFO=/cvmfs/cms.cern.ch/slc7_amd64_gcc900/external/git/2.23.0-ghbfee/share/ssl/certs/ca-bundle.crt
SRT_THEPEGPATH_SCRAMRTDEL=/cvmfs/cms.cern.ch/slc7_amd64_gcc900/external/thepeg/2.2.0-ghbfee4/share/ThePEG
SSH_TTY=/dev/pts/18
SRT_CMS_OPENLOOPS_PREFIX_SCRAMRTDEL=/cvmfs/cms.cern.ch/slc7_amd64_gcc900/external/openloops/2.1.1-gchjei
SRT_GIT_EXEC_PATH_SCRAMRTDEL=/cvmfs/cms.cern.ch/slc7_amd64_gcc900/external/git/2.23.0-ghbfee/libexec/git-core
GRIDMAPDIR=/etc/grid-security/gridmapdir
SRT_ROOT_INCLUDE_PATH_SCRAMRTDEL=/afs/cern.ch/work/m/malvesga/ProtonRecon/TEST/CMSSW_11_2_4/src:/cvmfs/cms.cern.ch/slc7_amd64_gcc900/cms/cmssw/CMSSW_11_2_4/src:/cvmfs/cms.cern.ch/slc7_amd64_gcc900/cms/coral/CORAL_2_3_21-ghbfee11/include/LCG:/cvmfs/cms.cern.ch/slc7_amd64_gcc900/external/mctester/1.25.0a-ghbfee11/include:/cvmfs/cms.cern.ch/slc7_amd64_gcc900/external/dd4hep/v01-14x-ghbfee4/include:/cvmfs/cms.cern.ch/slc7_amd64_gcc900/external/herwigpp/7.2.0-ghbfee13/include:/cvmfs/cms.cern.ch/slc7_amd64_gcc900/external/tauolapp/1.1.5-ghbfee3/include:/cvmfs/cms.cern.ch/slc7_amd64_gcc900/external/charybdis/1.003-ghbfee3/include:/cvmfs/cms.cern.ch/slc7_amd64_gcc900/external/sherpa/2.2.10-ljfedo/include/SHERPA-MC:/cvmfs/cms.cern.ch/slc7_amd64_gcc900/external/thepeg/2.2.0-ghbfee4/include:/cvmfs/cms.cern.ch/slc7_amd64_gcc900/external/pythia8/303/include:/cvmfs/cms.cern.ch/slc7_amd64_gcc900/external/herwig/6.521-ghbfee2/include:/cvmfs/cms.cern.ch/slc7_amd64_gcc900/external/lwtnn/2.10-ghbfee4/include:/cvmfs/cms.cern.ch/slc7_amd64_gcc900/external/lhapdf/6.2.3-ghbfee/include:/cvmfs/cms.cern.ch/slc7_amd64_gcc900/external/cgal/4.2-ghbfee4/include:/cvmfs/cms.cern.ch/slc7_amd64_gcc900/external/starlight/r193-ghbfee/include:/cvmfs/cms.cern.ch/slc7_amd64_gcc900/external/rivet/3.1.3/include:/cvmfs/cms.cern.ch/slc7_amd64_gcc900/external/highfive/2.0-ghbfee3/include:/cvmfs/cms.cern.ch/slc7_amd64_gcc900/external/geant4/10.6.2-ghbfee/include/Geant4:/cvmfs/cms.cern.ch/slc7_amd64_gcc900/external/classlib/3.1.3-ghbfee/include:/cvmfs/cms.cern.ch/slc7_amd64_gcc900/external/tkonlinesw/4.2.0-1_gcc7-ghbfee11/include:/cvmfs/cms.cern.ch/slc7_amd64_gcc900/external/libungif/4.1.4-bcolbf2/include:/cvmfs/cms.cern.ch/slc7_amd64_gcc900/external/libtiff/4.0.10-ghbfee/include:/cvmfs/cms.cern.ch/slc7_amd64_gcc900/external/libpng/1.6.37-bcolbf2/include:/cvmfs/cms.cern.ch/slc7_amd64_gcc900/external/frontier_client/2.9.1-ghbfee/include:/cvmfs/cms.cern.ch/slc7_amd64_gcc900/external/pcre/8.43-bcolbf/include:/cvmfs/cms.cern.ch/slc7_amd64_gcc900/external/zstd/1.4.5/include:/cvmfs/cms.cern.ch/slc7_amd64_gcc900/external/xrootd/4.12.3/include/xrootd/private:/cvmfs/cms.cern.ch/slc7_amd64_gcc900/cms/vdt/0.4.0-ghbfee/include:/cvmfs/cms.cern.ch/slc7_amd64_gcc900/external/valgrind/3.15.0-bcolbf2/include:/cvmfs/cms.cern.ch/slc7_amd64_gcc900/external/utm/utm_0.8.1/include:/cvmfs/cms.cern.ch/slc7_amd64_gcc900/external/toprex/4.23-ghbfee/include:/cvmfs/cms.cern.ch/slc7_amd64_gcc900/external/tauola/27.121.5-ghbfee/include:/cvmfs/cms.cern.ch/slc7_amd64_gcc900/external/sigcpp/2.6.2-bcolbf2/include/sigc++-2.0:/cvmfs/cms.cern.ch/slc7_amd64_gcc900/external/sqlite/3.22.0-bcolbf/include:/cvmfs/cms.cern.ch/slc7_amd64_gcc900/external/pacparser/1.3.5-bcolbf/include:/cvmfs/cms.cern.ch/slc7_amd64_gcc900/external/oracle/12.1.0.2.0-bcolbf/include:/cvmfs/cms.cern.ch/slc7_amd64_gcc900/external/py2-numpy/1.16.6-ghbfee/c-api/core/include:/cvmfs/cms.cern.ch/slc7_amd64_gcc900/external/meschach/1.2.pCMS1-bcolbf2/include:/cvmfs/cms.cern.ch/slc7_amd64_gcc900/external/lz4/1.9.2/include:/cvmfs/cms.cern.ch/slc7_amd64_gcc900/external/libuuid/2.34-bcolbf2/include:/cvmfs/cms.cern.ch/slc7_amd64_gcc900/external/libunwind/1.4.0/include:/cvmfs/cms.cern.ch/slc7_amd64_gcc900/external/ktjet/1.06-ghbfee/include:/cvmfs/cms.cern.ch/slc7_amd64_gcc900/external/jimmy/4.2-ghbfee3/include:/cvmfs/cms.cern.ch/slc7_amd64_gcc900/external/jemalloc/5.2.1-ghbfee3/include:/cvmfs/cms.cern.ch/slc7_amd64_gcc900/external/hls/2019.08-bcolbf/include:/cvmfs/cms.cern.ch/slc7_amd64_gcc900/external/madgraph5amcatnlo/2.6.0-ghbfee12:/cvmfs/cms.cern.ch/slc7_amd64_gcc900/external/heppdt/3.03.00-ghbfee2/include:/cvmfs/cms.cern.ch/slc7_amd64_gcc900/external/hector/1.3.4_patch1-ghbfee11/include:/cvmfs/cms.cern.ch/slc7_amd64_gcc900/external/gsl/2.6-ghbfee/include:/cvmfs/cms.cern.ch/slc7_amd64_gcc900/external/protobuf/3.11.3-ghbfee/include:/cvmfs/cms.cern.ch/slc7_amd64_gcc900/external/libjpeg-turbo/2.0.2-ghbfee/include:/cvmfs/cms.cern.ch/slc7_amd64_gcc900/external/giflib/5.2.0-bcolbf2/include:/cvmfs/cms.cern.ch/slc7_amd64_gcc900/external/gdbm/1.10-bcolbf2/include:/cvmfs/cms.cern.ch/slc7_amd64_gcc900/external/freetype/2.10.0-bcolbf3/include:/cvmfs/cms.cern.ch/slc7_amd64_gcc900/external/fftw3/3.3.8-bcolbf/include:/cvmfs/cms.cern.ch/slc7_amd64_gcc900/external/fftjet/1.5.0-bcolbf3/include:/cvmfs/cms.cern.ch/slc7_amd64_gcc900/external/fastjet/3.3.4-ghbfee/include:/cvmfs/cms.cern.ch/slc7_amd64_gcc900/external/hepmc/2.06.07-bcolbf2/include:/cvmfs/cms.cern.ch/slc7_amd64_gcc900/external/dpm/1.8.0.1-ghbfee/include:/cvmfs/cms.cern.ch/slc7_amd64_gcc900/external/expat/2.1.0-bcolbf2/include:/cvmfs/cms.cern.ch/slc7_amd64_gcc900/external/vecgeom/v1.1.6-ghbfee3/include:/cvmfs/cms.cern.ch/slc7_amd64_gcc900/external/vecgeom/v1.1.6-ghbfee3/include/VecGeom:/cvmfs/cms.cern.ch/slc7_amd64_gcc900/external/xerces-c/3.1.3-bcolbf2/include:/cvmfs/cms.cern.ch/slc7_amd64_gcc900/external/xz/5.2.4-bcolbf2/include:/cvmfs/cms.cern.ch/slc7_amd64_gcc900/lcg/root/6.22.06/include:/cvmfs/cms.cern.ch/slc7_amd64_gcc900/external/dcap/2.47.12-bcolbf2/include:/cvmfs/cms.cern.ch/slc7_amd64_gcc900/external/libxml2/2.9.10/include/libxml2:/cvmfs/cms.cern.ch/slc7_amd64_gcc900/external/openssl/1.0.2d-bcolbf/include:/cvmfs/cms.cern.ch/slc7_amd64_gcc900/external/curl/7.70.0/include:/cvmfs/cms.cern.ch/slc7_amd64_gcc900/external/cppunit/1.15.x-bcolbf2/include:/cvmfs/cms.cern.ch/slc7_amd64_gcc900/external/clhep/2.4.1.3-ghbfee/include:/cvmfs/cms.cern.ch/slc7_amd64_gcc900/external/pythia6/426-ghbfee/include:/cvmfs/cms.cern.ch/slc7_amd64_gcc900/external/photos/215.5-bcolbf/include:/cvmfs/cms.cern.ch/slc7_amd64_gcc900/external/zlib/1.2.11-bcolbf/include:/cvmfs/cms.cern.ch/slc7_amd64_gcc900/external/cascade/2.2.04-ghbfee3/include:/cvmfs/cms.cern.ch/slc7_amd64_gcc900/external/bz2lib/1.0.6-bcolbf2/include:/cvmfs/cms.cern.ch/slc7_amd64_gcc900/external/python/2.7.15-bcolbf2/include/python2.7:/cvmfs/cms.cern.ch/slc7_amd64_gcc900/external/tbb/2020_U2-ghbfee/include:/cvmfs/cms.cern.ch/slc7_amd64_gcc900/external/boost/1.72.0-ghbfee4/include:/cvmfs/cms.cern.ch/slc7_amd64_gcc900/external/tinyxml2/6.2.0-ghbfee/include:/cvmfs/cms.cern.ch/slc7_amd64_gcc900/external/ittnotify/16.06.18-ghbfee/include:/cvmfs/cms.cern.ch/slc7_amd64_gcc900/external/gosamcontrib/2.0-20150803-bcolbf2/include:/cvmfs/cms.cern.ch/slc7_amd64_gcc900/external/fmt/7.0.1/include:/cvmfs/cms.cern.ch/slc7_amd64_gcc900/external/eigen/d812f411c3f9-ghbfee/include/eigen3:/usr/local/include:/usr/include
SRT_INTEL_LICENSE_FILE_SCRAMRTDEL=28518@lxlicen01.cern.ch,28518@lxlicen02.cern.ch,28518@lxlicen03.cern.ch
EVTGENDATA=/cvmfs/cms.cern.ch/slc7_amd64_gcc900/external/evtgen/1.6.0-ghbfee3/share
ROOT_TTREECACHE_SIZE=0
STAGE_HOST=castorcms
VO_VO_ALEPH_CERN_CH_SW_DIR=/afs/cern.ch/aleph
SRT_ROOT_TTREECACHE_PREFILL_SCRAMRTDEL=0
QT_GRAPHICSSYSTEM_CHECKED=1
G4LEDATA=/cvmfs/cms.cern.ch/slc7_amd64_gcc900/external/geant4-G4EMLOW/7.9.1/data/G4EMLOW7.9.1
GROUP=zh
OPAL_PREFIX=/cvmfs/cms.cern.ch/slc7_amd64_gcc900/external/openmpi/4.0.5
USER=malvesga
_CHIRP_DELAYED_UPDATE_PREFIX=Chirp*
LD_LIBRARY_PATH=/afs/cern.ch/work/m/malvesga/ProtonRecon/TEST/CMSSW_11_2_4/biglib/slc7_amd64_gcc900:/afs/cern.ch/work/m/malvesga/ProtonRecon/TEST/CMSSW_11_2_4/lib/slc7_amd64_gcc900:/afs/cern.ch/work/m/malvesga/ProtonRecon/TEST/CMSSW_11_2_4/external/slc7_amd64_gcc900/lib:/cvmfs/cms.cern.ch/slc7_amd64_gcc900/cms/cmssw/CMSSW_11_2_4/biglib/slc7_amd64_gcc900:/cvmfs/cms.cern.ch/slc7_amd64_gcc900/cms/cmssw/CMSSW_11_2_4/lib/slc7_amd64_gcc900:/cvmfs/cms.cern.ch/slc7_amd64_gcc900/cms/cmssw/CMSSW_11_2_4/external/slc7_amd64_gcc900/lib:/cvmfs/cms.cern.ch/slc7_amd64_gcc900/external/llvm/10.0.0-ghbfee4/lib64:/cvmfs/cms.cern.ch/slc7_amd64_gcc900/external/gcc/9.3.0/lib64:/cvmfs/cms.cern.ch/slc7_amd64_gcc900/external/gcc/9.3.0/lib:/cvmfs/cms.cern.ch/slc7_amd64_gcc900/external/cuda/11.1.1/drivers
TEMP=/tmp
SRT_LHAPDF_DATA_PATH_SCRAMRTDEL=/cvmfs/cms.cern.ch/slc7_amd64_gcc900/external/lhapdf/6.2.3-ghbfee/share/LHAPDF
ROOT_PATH=/cvmfs/cms.cern.ch/slc7_amd64_gcc900/external/madgraph5amcatnlo/2.6.0-ghbfee12:/cvmfs/cms.cern.ch/slc7_amd64_gcc900/external/gosamcontrib/2.0-20150803-bcolbf2
LS_COLORS=rs=0:di=01;34:ln=01;36:mh=00:pi=40;33:so=01;35:do=01;35:bd=40;33;01:cd=40;33;01:or=40;31;01:mi=01;05;37;41:su=37;41:sg=30;43:ca=30;41:tw=30;42:ow=34;42:st=37;44:ex=01;32:*.tar=01;31:*.tgz=01;31:*.arc=01;31:*.arj=01;31:*.taz=01;31:*.lha=01;31:*.lz4=01;31:*.lzh=01;31:*.lzma=01;31:*.tlz=01;31:*.txz=01;31:*.tzo=01;31:*.t7z=01;31:*.zip=01;31:*.z=01;31:*.Z=01;31:*.dz=01;31:*.gz=01;31:*.lrz=01;31:*.lz=01;31:*.lzo=01;31:*.xz=01;31:*.bz2=01;31:*.bz=01;31:*.tbz=01;31:*.tbz2=01;31:*.tz=01;31:*.deb=01;31:*.rpm=01;31:*.jar=01;31:*.war=01;31:*.ear=01;31:*.sar=01;31:*.rar=01;31:*.alz=01;31:*.ace=01;31:*.zoo=01;31:*.cpio=01;31:*.7z=01;31:*.rz=01;31:*.cab=01;31:*.jpg=01;35:*.jpeg=01;35:*.gif=01;35:*.bmp=01;35:*.pbm=01;35:*.pgm=01;35:*.ppm=01;35:*.tga=01;35:*.xbm=01;35:*.xpm=01;35:*.tif=01;35:*.tiff=01;35:*.png=01;35:*.svg=01;35:*.svgz=01;35:*.mng=01;35:*.pcx=01;35:*.mov=01;35:*.mpg=01;35:*.mpeg=01;35:*.m2v=01;35:*.mkv=01;35:*.webm=01;35:*.ogm=01;35:*.mp4=01;35:*.m4v=01;35:*.mp4v=01;35:*.vob=01;35:*.qt=01;35:*.nuv=01;35:*.wmv=01;35:*.asf=01;35:*.rm=01;35:*.rmvb=01;35:*.flc=01;35:*.avi=01;35:*.fli=01;35:*.flv=01;35:*.gl=01;35:*.dl=01;35:*.xcf=01;35:*.xwd=01;35:*.yuv=01;35:*.cgm=01;35:*.emf=01;35:*.axv=01;35:*.anx=01;35:*.ogv=01;35:*.ogx=01;35:*.aac=01;36:*.au=01;36:*.flac=01;36:*.mid=01;36:*.midi=01;36:*.mka=01;36:*.mp3=01;36:*.mpc=01;36:*.ogg=01;36:*.ra=01;36:*.wav=01;36:*.axa=01;36:*.oga=01;36:*.spx=01;36:*.xspf=01;36:
SRT_PYTHON27PATH_SCRAMRTDEL=/cvmfs/cms.cern.ch/share/overrides/python:/afs/cern.ch/work/m/malvesga/ProtonRecon/TEST/CMSSW_11_2_4/python:/afs/cern.ch/work/m/malvesga/ProtonRecon/TEST/CMSSW_11_2_4/lib/slc7_amd64_gcc900:/cvmfs/cms.cern.ch/slc7_amd64_gcc900/cms/cmssw/CMSSW_11_2_4/python:/cvmfs/cms.cern.ch/slc7_amd64_gcc900/cms/cmssw/CMSSW_11_2_4/lib/slc7_amd64_gcc900:/cvmfs/cms.cern.ch/slc7_amd64_gcc900/cms/coral/CORAL_2_3_21-ghbfee11/slc7_amd64_gcc900/python:/cvmfs/cms.cern.ch/slc7_amd64_gcc900/cms/coral/CORAL_2_3_21-ghbfee11/slc7_amd64_gcc900/lib:/cvmfs/cms.cern.ch/slc7_amd64_gcc900/external/fastjet/3.3.4-ghbfee/lib/python2.7/site-packages:/cvmfs/cms.cern.ch/slc7_amd64_gcc900/cms/cmssw-tool-conf/46.0-ghbfee12/lib/python2.7/site-packages
SHERPA_INCLUDE_PATH=/cvmfs/cms.cern.ch/slc7_amd64_gcc900/external/sherpa/2.2.10-ljfedo/include/SHERPA-MC
SRT_RIVET_ANALYSIS_PATH_SCRAMRTDEL=/afs/cern.ch/work/m/malvesga/ProtonRecon/TEST/CMSSW_11_2_4/lib/slc7_amd64_gcc900:/cvmfs/cms.cern.ch/slc7_amd64_gcc900/cms/cmssw/CMSSW_11_2_4/lib/slc7_amd64_gcc900:/cvmfs/cms.cern.ch/slc7_amd64_gcc900/external/rivet/3.1.3/lib/Rivet
SRT_CMSSW_RELEASE_BASE_SCRAMRTDEL=/cvmfs/cms.cern.ch/slc7_amd64_gcc900/cms/cmssw/CMSSW_11_2_4
VO_DTEAM_SW_DIR=/afs/cern.ch/project/gd/apps/dteam
VO_CMS_SW_DIR=/cvmfs/cms.cern.ch
VO_VO_ALEPH_CERN_CH_DEFAULT_SE=srm-public.cern.ch
LCG_LOCATION=/usr
SRT_CMSSW_VERSION_SCRAMRTDEL=CMSSW_11_2_4
JULIA_NUM_THREADS=24
BATCH_SYSTEM=HTCondor
SCRAM_CXX11_ABI=1
GCC_RUNTIME_LSAN=/cvmfs/cms.cern.ch/slc7_amd64_gcc900/external/gcc/9.3.0/lib64/libasan.so
VALGRIND_LIB=/cvmfs/cms.cern.ch/slc7_amd64_gcc900/external/valgrind/3.15.0-bcolbf2/lib/valgrind
SRT_ROOTSYS_SCRAMRTDEL=/cvmfs/cms.cern.ch/slc7_amd64_gcc900/lcg/root/6.22.06/
SRT_CMSSW_GIT_HASH_SCRAMRTDEL=CMSSW_11_2_4
VO_VO_OPAL_CERN_CH_SW_DIR=/afs/cern.ch/opal
G4NEUTRONHPDATA=/cvmfs/cms.cern.ch/slc7_amd64_gcc900/external/geant4-G4NDL/4.6/data/G4NDL4.6
_CONDOR_CHIRP_CONFIG=/pool/condor/dir_13509/.chirp.config
SSH_AUTH_SOCK=/tmp/ssh-Im3js6dNkM/agent.32535
GEANT4_PARFULLCMS_CONFIG_DIR=/cvmfs/cms.cern.ch/slc7_amd64_gcc900/external/geant4-parfullcms/2014.01.27-ghbfee3/share/ParFullCMS
HOSTTYPE=x86_64-linux
VO_ILC_DEFAULT_SE=srm-public.cern.ch
CSC_TRACK_FINDER_DATA_DIR=/cvmfs/cms.cern.ch/slc7_amd64_gcc900/cms/CSCTrackFinderEmulation/1.2-bcolbf/data/
RIVET_DATA_PATH=/cvmfs/cms.cern.ch/slc7_amd64_gcc900/external/rivet/3.1.3/share/Rivet
VO_LHCB_DEFAULT_SE=srm-lhcb.cern.ch
SRT_CLHEP_PARAM_PATH_SCRAMRTDEL=/cvmfs/cms.cern.ch/slc7_amd64_gcc900/external/clhep/2.4.1.3-ghbfee
SRT_G4RADIOACTIVEDATA_SCRAMRTDEL=/cvmfs/cms.cern.ch/slc7_amd64_gcc900/external/geant4-G4RadioactiveDecay/5.4/data/RadioactiveDecay5.4
G4ENSDFSTATEDATA=/cvmfs/cms.cern.ch/slc7_amd64_gcc900/external/geant4-G4ENSDFSTATE/2.2/data/G4ENSDFSTATE2.2
SRT_ROOFITSYS_SCRAMRTDEL=/cvmfs/cms.cern.ch/slc7_amd64_gcc900/lcg/root/6.22.06/
ROOFITSYS=/cvmfs/cms.cern.ch/slc7_amd64_gcc900/lcg/root/6.22.06/
CASTOR_HOME=/castor/cern.ch/user/m/malvesga
SRT_G4ENSDFSTATEDATA_SCRAMRTDEL=/cvmfs/cms.cern.ch/slc7_amd64_gcc900/external/geant4-G4ENSDFSTATE/2.2/data/G4ENSDFSTATE2.2
G4RADIOACTIVEDATA=/cvmfs/cms.cern.ch/slc7_amd64_gcc900/external/geant4-G4RadioactiveDecay/5.4/data/RadioactiveDecay5.4
VO_OPS_SW_DIR=/afs/cern.ch/project/gd/apps/ops
VIRTUAL_ENV=/afs/cern.ch/work/m/malvesga/ProtonRecon/TEST/CMSSW_11_2_4/src/workspace/pps-ww-analysis-notebook/uproot-LCG_101
G4ABLADATA=/cvmfs/cms.cern.ch/slc7_amd64_gcc900/external/geant4-G4ABLA/3.1/data/G4ABLA3.1
VO_GEANT4_DEFAULT_SE=lxdpm101.cern.ch
VO_ATLAS_DEFAULT_SE=srm-atlas.cern.ch
SRT_SHERPA_INCLUDE_PATH_SCRAMRTDEL=/cvmfs/cms.cern.ch/slc7_amd64_gcc900/external/sherpa/2.2.10-ljfedo/include/SHERPA-MC
SRT_WORKER_DATA_PATH_SCRAMRTDEL=/cvmfs/cms.cern.ch/slc7_amd64_gcc900/external/blackhat/0.9.9-ghbfee/share/blackhat/datafiles/
SRT_PERL5LIB_SCRAMRTDEL=/cvmfs/cms.cern.ch/slc7_amd64_gcc900/external/git/2.23.0-ghbfee/share/perl5
GUESTFISH_PS1=\[\e[1;32m\]><fs>\[\e[0;31m\] 
SITECONFIG_PATH=/cvmfs/cms.cern.ch/SITECONF/local
SRT_G4FORCENUMBEROFTHREADS_SCRAMRTDEL=max
SRT_G4PARTICLEXSDATA_SCRAMRTDEL=/cvmfs/cms.cern.ch/slc7_amd64_gcc900/external/geant4-G4PARTICLEXS/2.1/data/G4PARTICLEXS2.1
ATLAS_CGROUPS_BASE=/cgroup/memory
VO_UNOSAT_DEFAULT_SE=srm-public.cern.ch
GCC_RUNTIME_TSAN=/cvmfs/cms.cern.ch/slc7_amd64_gcc900/external/gcc/9.3.0/lib64/libtsan.so
MAIL=/var/spool/mail/malvesga
TNS_ADMIN=/etc
PATH=/afs/cern.ch/cms/caf/scripts:/cvmfs/cms.cern.ch/common:/afs/cern.ch/cms/caf/scripts:/cvmfs/cms.cern.ch/common:/cvmfs/cms.cern.ch/share/overrides/bin:/afs/cern.ch/work/m/malvesga/ProtonRecon/TEST/CMSSW_11_2_4/bin/slc7_amd64_gcc900:/afs/cern.ch/work/m/malvesga/ProtonRecon/TEST/CMSSW_11_2_4/external/slc7_amd64_gcc900/bin:/cvmfs/cms.cern.ch/slc7_amd64_gcc900/cms/cmssw/CMSSW_11_2_4/bin/slc7_amd64_gcc900:/cvmfs/cms.cern.ch/slc7_amd64_gcc900/cms/cmssw/CMSSW_11_2_4/external/slc7_amd64_gcc900/bin:/cvmfs/cms.cern.ch/slc7_amd64_gcc900/external/llvm/10.0.0-ghbfee4/bin:/cvmfs/cms.cern.ch/slc7_amd64_gcc900/external/gcc/9.3.0/bin:/afs/cern.ch/work/m/malvesga/ProtonRecon/TEST/CMSSW_11_2_4/src/workspace/pps-ww-analysis-notebook/uproot-LCG_101/bin:/afs/cern.ch/cms/caf/scripts:/cvmfs/cms.cern.ch/common:/afs/cern.ch/cms/caf/scripts:/cvmfs/cms.cern.ch/common:/afs/cern.ch/cms/caf/scripts:/cvmfs/cms.cern.ch/common:/afs/cern.ch/cms/caf/scripts:/cvmfs/cms.cern.ch/common:/usr/sue/bin:/usr/lib64/qt-3.3/bin:/usr/condabin:/usr/local/bin:/usr/bin:/usr/local/sbin:/usr/sbin:/opt/puppetlabs/bin:/afs/cern.ch/user/m/malvesga/bin:/opt/puppetlabs/bin:/opt/puppetlabs/bin:/opt/puppetlabs/bin
SRT_HEPPDT_PARAM_PATH_SCRAMRTDEL=/cvmfs/cms.cern.ch/slc7_amd64_gcc900/external/heppdt/3.03.00-ghbfee2
THEPEGPATH=/cvmfs/cms.cern.ch/slc7_amd64_gcc900/external/thepeg/2.2.0-ghbfee4/share/ThePEG
SRT_GIT_SSL_CAINFO_SCRAMRTDEL=/cvmfs/cms.cern.ch/slc7_amd64_gcc900/external/git/2.23.0-ghbfee/share/ssl/certs/ca-bundle.crt
_CONDOR_BIN=/usr/bin
SRT_CMSSW_SEARCH_PATH_SCRAMRTDEL=/afs/cern.ch/work/m/malvesga/ProtonRecon/TEST/CMSSW_11_2_4/poison:/afs/cern.ch/work/m/malvesga/ProtonRecon/TEST/CMSSW_11_2_4/src:/afs/cern.ch/work/m/malvesga/ProtonRecon/TEST/CMSSW_11_2_4/external/slc7_amd64_gcc900/data:/cvmfs/cms.cern.ch/slc7_amd64_gcc900/cms/cmssw/CMSSW_11_2_4/src:/cvmfs/cms.cern.ch/slc7_amd64_gcc900/cms/cmssw/CMSSW_11_2_4/external/slc7_amd64_gcc900/data
SRT_GCC_RUNTIME_LSAN_SCRAMRTDEL=/cvmfs/cms.cern.ch/slc7_amd64_gcc900/external/gcc/9.3.0/lib64/libasan.so
CMS_PATH=/cvmfs/cms.cern.ch
MKL_NUM_THREADS=24
VO_DTEAM_DEFAULT_SE=srm-public.cern.ch
VO_CMS_DEFAULT_SE=srm-cms.cern.ch
SRT_UTM_XSD_DIR_SCRAMRTDEL=/cvmfs/cms.cern.ch/slc7_amd64_gcc900/external/utm/utm_0.8.1
SRT_PATH_SCRAMRT=/cvmfs/cms.cern.ch/share/overrides/bin:/afs/cern.ch/work/m/malvesga/ProtonRecon/TEST/CMSSW_11_2_4/bin/slc7_amd64_gcc900:/afs/cern.ch/work/m/malvesga/ProtonRecon/TEST/CMSSW_11_2_4/external/slc7_amd64_gcc900/bin:/cvmfs/cms.cern.ch/slc7_amd64_gcc900/cms/cmssw/CMSSW_11_2_4/bin/slc7_amd64_gcc900:/cvmfs/cms.cern.ch/slc7_amd64_gcc900/cms/cmssw/CMSSW_11_2_4/external/slc7_amd64_gcc900/bin:/cvmfs/cms.cern.ch/slc7_amd64_gcc900/external/llvm/10.0.0-ghbfee4/bin:/cvmfs/cms.cern.ch/slc7_amd64_gcc900/external/gcc/9.3.0/bin
SRT_CMSSW_BASE_SCRAMRTDEL=/afs/cern.ch/work/m/malvesga/ProtonRecon/TEST/CMSSW_11_2_4
SRT_LANG_SCRAMRT=C
SRT_LOCALRT_SCRAMRTDEL=/afs/cern.ch/work/m/malvesga/ProtonRecon/TEST/CMSSW_11_2_4
PWD=/pool/condor/dir_13509
RIVET_ANALYSIS_PATH=/afs/cern.ch/work/m/malvesga/ProtonRecon/TEST/CMSSW_11_2_4/lib/slc7_amd64_gcc900:/cvmfs/cms.cern.ch/slc7_amd64_gcc900/cms/cmssw/CMSSW_11_2_4/lib/slc7_amd64_gcc900:/cvmfs/cms.cern.ch/slc7_amd64_gcc900/external/rivet/3.1.3/lib/Rivet
NUMEXPR_NUM_THREADS=24
SRT_OPAL_PREFIX_SCRAMRTDEL=/cvmfs/cms.cern.ch/slc7_amd64_gcc900/external/openmpi/4.0.5
EDITOR=/bin/nano -w
PYTHON_VALGRIND_SUPP=/cvmfs/cms.cern.ch/slc7_amd64_gcc900/external/python/2.7.15-bcolbf2/share/valgrind/valgrind-python.supp
JOBFEATURES=/tmp/mjf-malvesga/jobfeatures-bigbird13.cern.ch_7715295.7_1671366475
VO_VO_DELPHI_CERN_CH_SW_DIR=/afs/cern.ch/delphi
GCC_RUNTIME_UBSAN=/cvmfs/cms.cern.ch/slc7_amd64_gcc900/external/gcc/9.3.0/lib64/libubsan.so
LANG=C
_CONDOR_WRAPPER_ERROR_FILE=/pool/condor/dir_13509/.job_wrapper_failure
G4PARTICLEXSDATA=/cvmfs/cms.cern.ch/slc7_amd64_gcc900/external/geant4-G4PARTICLEXS/2.1/data/G4PARTICLEXS2.1
MODULEPATH=/usr/share/Modules/modulefiles:/etc/modulefiles
GUESTFISH_OUTPUT=\e[0m
KDEDIRS=/usr
QT_GRAPHICSSYSTEM=native
LOADEDMODULES=
SRT_G4NEUTRONHPDATA_SCRAMRTDEL=/cvmfs/cms.cern.ch/slc7_amd64_gcc900/external/geant4-G4NDL/4.6/data/G4NDL4.6
SRT_G4INCLDATA_SCRAMRTDEL=/cvmfs/cms.cern.ch/slc7_amd64_gcc900/external/geant4-G4INCL/1.0/data/G4INCL1.0
SRT_SHERPA_SHARE_PATH_SCRAMRTDEL=/cvmfs/cms.cern.ch/slc7_amd64_gcc900/external/sherpa/2.2.10-ljfedo/share/SHERPA-MC
_CONDOR_SLOT=slot1_1
SRT_GCC_RUNTIME_TSAN_SCRAMRTDEL=/cvmfs/cms.cern.ch/slc7_amd64_gcc900/external/gcc/9.3.0/lib64/libtsan.so
CASCADE_PDFPATH=/cvmfs/cms.cern.ch/slc7_amd64_gcc900/external/cascade/2.2.04-ghbfee3/share
SELINUX_LEVEL_REQUESTED=
SRT_ROOT_GCC_TOOLCHAIN_SCRAMRTDEL=/cvmfs/cms.cern.ch/slc7_amd64_gcc900/external/gcc/9.3.0
MYPROXY_SERVER=myproxy.cern.ch
SRT_CASCADE_PDFPATH_SCRAMRTDEL=/cvmfs/cms.cern.ch/slc7_amd64_gcc900/external/cascade/2.2.04-ghbfee3/share
EOS_MGM_URL=root://eoscms.cern.ch
G4SAIDXSDATA=/cvmfs/cms.cern.ch/slc7_amd64_gcc900/external/geant4-G4SAIDDATA/2.0/data/G4SAIDDATA2.0
WORKER_DATA_PATH=/cvmfs/cms.cern.ch/slc7_amd64_gcc900/external/blackhat/0.9.9-ghbfee/share/blackhat/datafiles/
GIT_TEMPLATE_DIR=/cvmfs/cms.cern.ch/slc7_amd64_gcc900/external/git/2.23.0-ghbfee/share/git-core/templates
MLAS_DYNAMIC_CPU_ARCH=0
PYTHON27PATH=/cvmfs/cms.cern.ch/share/overrides/python:/afs/cern.ch/work/m/malvesga/ProtonRecon/TEST/CMSSW_11_2_4/python:/afs/cern.ch/work/m/malvesga/ProtonRecon/TEST/CMSSW_11_2_4/lib/slc7_amd64_gcc900:/cvmfs/cms.cern.ch/slc7_amd64_gcc900/cms/cmssw/CMSSW_11_2_4/python:/cvmfs/cms.cern.ch/slc7_amd64_gcc900/cms/cmssw/CMSSW_11_2_4/lib/slc7_amd64_gcc900:/cvmfs/cms.cern.ch/slc7_amd64_gcc900/cms/coral/CORAL_2_3_21-ghbfee11/slc7_amd64_gcc900/python:/cvmfs/cms.cern.ch/slc7_amd64_gcc900/cms/coral/CORAL_2_3_21-ghbfee11/slc7_amd64_gcc900/lib:/cvmfs/cms.cern.ch/slc7_amd64_gcc900/external/fastjet/3.3.4-ghbfee/lib/python2.7/site-packages:/cvmfs/cms.cern.ch/slc7_amd64_gcc900/cms/cmssw-tool-conf/46.0-ghbfee12/lib/python2.7/site-packages
SRT_CMSSW_FWLITE_INCLUDE_PATH_SCRAMRTDEL=/cvmfs/cms.cern.ch/slc7_amd64_gcc900/external/sherpa/2.2.10-ljfedo/include:/cvmfs/cms.cern.ch/slc7_amd64_gcc900/external/hepmc/2.06.07-bcolbf2/include:/cvmfs/cms.cern.ch/slc7_amd64_gcc900/external/clhep/2.4.1.3-ghbfee/include:/cvmfs/cms.cern.ch/slc7_amd64_gcc900/external/boost/1.72.0-ghbfee4/include
SSH_ASKPASS=/usr/libexec/openssh/gnome-ssh-askpass
SRT_PYTHIA8DATA_SCRAMRTDEL=/cvmfs/cms.cern.ch/slc7_amd64_gcc900/external/pythia8/303/share/Pythia8/xmldoc
SRT_HERWIGPATH_SCRAMRTDEL=/cvmfs/cms.cern.ch/slc7_amd64_gcc900/external/herwigpp/7.2.0-ghbfee13/share/Herwig
HISTCONTROL=ignoredups
GOMAXPROCS=24
ROOTSYS=/cvmfs/cms.cern.ch/slc7_amd64_gcc900/lcg/root/6.22.06/
KRB5CCNAME=FILE:/pool/condor/dir_13509/malvesga.cc
VO_LHCB_SW_DIR=/cvmfs/lhcb.cern.ch
GLEXEC_LOCATION=/usr
TEXINPUTS=:/cvmfs/cms.cern.ch/latex/styles
SRT_PYTHON3PATH_SCRAMRTDEL=/cvmfs/cms.cern.ch/share/overrides/python:/afs/cern.ch/work/m/malvesga/ProtonRecon/TEST/CMSSW_11_2_4/python:/afs/cern.ch/work/m/malvesga/ProtonRecon/TEST/CMSSW_11_2_4/lib/slc7_amd64_gcc900:/cvmfs/cms.cern.ch/slc7_amd64_gcc900/cms/cmssw/CMSSW_11_2_4/python:/cvmfs/cms.cern.ch/slc7_amd64_gcc900/cms/cmssw/CMSSW_11_2_4/lib/slc7_amd64_gcc900:/cvmfs/cms.cern.ch/slc7_amd64_gcc900/cms/cmssw-tool-conf/46.0-ghbfee12/lib/python3.8/site-packages
VO_VO_L3_CERN_CH_DEFAULT_SE=srm-public.cern.ch
VO_ALICE_DEFAULT_SE=srm-alice.cern.ch
GLITE_LOCATION_VAR=/var
HOME=/afs/cern.ch/user/m/malvesga
SHERPA_LIBRARY_PATH=/cvmfs/cms.cern.ch/slc7_amd64_gcc900/external/sherpa/2.2.10-ljfedo/lib/SHERPA-MC
SHLVL=5
SRT_PYTHON_VALGRIND_SUPP_SCRAMRTDEL=/cvmfs/cms.cern.ch/slc7_amd64_gcc900/external/python/2.7.15-bcolbf2/share/valgrind/valgrind-python.supp
MACHINEFEATURES=/etc/machinefeatures
_CONDOR_MACHINE_AD=/pool/condor/dir_13509/.machine.ad
CMSSW_SEARCH_PATH=/afs/cern.ch/work/m/malvesga/ProtonRecon/TEST/CMSSW_11_2_4/poison:/afs/cern.ch/work/m/malvesga/ProtonRecon/TEST/CMSSW_11_2_4/src:/afs/cern.ch/work/m/malvesga/ProtonRecon/TEST/CMSSW_11_2_4/external/slc7_amd64_gcc900/data:/cvmfs/cms.cern.ch/slc7_amd64_gcc900/cms/cmssw/CMSSW_11_2_4/src:/cvmfs/cms.cern.ch/slc7_amd64_gcc900/cms/cmssw/CMSSW_11_2_4/external/slc7_amd64_gcc900/data
OSTYPE=linux
_CONDOR_PID_NS_INIT_STATUS_FILENAME=/pool/condor/dir_13509/.condor_pid_ns_status
G4REALSURFACEDATA=/cvmfs/cms.cern.ch/slc7_amd64_gcc900/external/geant4-G4RealSurface/2.1.1/data/RealSurface2.1.1
GRID_VO_ENV_SET=true
_VIRTUALENVWRAPPER_API= mkvirtualenv rmvirtualenv lsvirtualenv showvirtualenv workon add2virtualenv cdsitepackages cdvirtualenv lssitepackages toggleglobalsitepackages cpvirtualenv setvirtualenvproject mkproject cdproject mktmpenv wipeenv allvirtualenv mkvirtualenv rmvirtualenv lsvirtualenv showvirtualenv workon add2virtualenv cdsitepackages cdvirtualenv lssitepackages toggleglobalsitepackages cpvirtualenv setvirtualenvproject mkproject cdproject mktmpenv wipeenv allvirtualenv mkvirtualenv rmvirtualenv lsvirtualenv showvirtualenv workon add2virtualenv cdsitepackages cdvirtualenv lssitepackages toggleglobalsitepackages cpvirtualenv setvirtualenvproject mkproject cdproject mktmpenv wipeenv allvirtualenv
_CONDOR_ANCESTOR_4978=13509:1671366564:3658896942
VO_VO_DELPHI_CERN_CH_DEFAULT_SE=srm-public.cern.ch
SRT_GENREFLEX_SCRAMRTDEL=/cvmfs/cms.cern.ch/slc7_amd64_gcc900/lcg/root/6.22.06/bin/genreflex
GENREFLEX=/cvmfs/cms.cern.ch/slc7_amd64_gcc900/lcg/root/6.22.06/bin/genreflex
SRT_G4LEDATA_SCRAMRTDEL=/cvmfs/cms.cern.ch/slc7_amd64_gcc900/external/geant4-G4EMLOW/7.9.1/data/G4EMLOW7.9.1
GOSAMCONTRIB_PATH=/cvmfs/cms.cern.ch/slc7_amd64_gcc900/external/gosamcontrib/2.0-20150803-bcolbf2
SRT_GOSAMCONTRIB_PATH_SCRAMRTDEL=/cvmfs/cms.cern.ch/slc7_amd64_gcc900/external/gosamcontrib/2.0-20150803-bcolbf2
ROOT_TTREECACHE_PREFILL=0
SRT_EVTGENDATA_SCRAMRTDEL=/cvmfs/cms.cern.ch/slc7_amd64_gcc900/external/evtgen/1.6.0-ghbfee3/share
SRT_ROOT_TTREECACHE_SIZE_SCRAMRTDEL=0
GLITE_ENV_SET=TRUE
VENDOR=unknown
SRT_CMSSW_DATA_PATH_SCRAMRTDEL=/cvmfs/cms.cern.ch/slc7_amd64_gcc900/cms
VO_ILC_SW_DIR=/cvmfs/ilc.desy.de
LCG_GFAL_INFOSYS=lcg-bdii.cern.ch:2170
HEPPDT_PARAM_PATH=/cvmfs/cms.cern.ch/slc7_amd64_gcc900/external/heppdt/3.03.00-ghbfee2
LOGNAME=malvesga
MACHTYPE=x86_64
TMP=/tmp
QTLIB=/usr/lib64/qt-3.3/lib
PYTHON3PATH=/cvmfs/cms.cern.ch/share/overrides/python:/afs/cern.ch/work/m/malvesga/ProtonRecon/TEST/CMSSW_11_2_4/python:/afs/cern.ch/work/m/malvesga/ProtonRecon/TEST/CMSSW_11_2_4/lib/slc7_amd64_gcc900:/cvmfs/cms.cern.ch/slc7_amd64_gcc900/cms/cmssw/CMSSW_11_2_4/python:/cvmfs/cms.cern.ch/slc7_amd64_gcc900/cms/cmssw/CMSSW_11_2_4/lib/slc7_amd64_gcc900:/cvmfs/cms.cern.ch/slc7_amd64_gcc900/cms/cmssw-tool-conf/46.0-ghbfee12/lib/python3.8/site-packages:/afs/cern.ch/work/m/malvesga/ProtonRecon/TEST/CMSSW_11_2_4/src/workspace/pps-ww-analysis-notebook
SCONS_LIB_DIR=/cvmfs/cms.cern.ch/slc7_amd64_gcc900/external/scons/3.0.1-bcolbf2/lib
CVS_RSH=ssh
VO_UNOSAT_SW_DIR=/afs/cern.ch/project/gd/apps/unosat
SSH_CONNECTION=177.23.51.38 52983 188.185.13.195 22
XDG_DATA_DIRS=/afs/cern.ch/user/m/malvesga/.local/share/flatpak/exports/share:/var/lib/flatpak/exports/share:/usr/local/share:/usr/share
MODULESHOME=/usr/share/Modules
COMPILER_PATH=/cvmfs/cms.cern.ch/slc7_amd64_gcc900/external/gcc/9.3.0
SRT_SHERPA_LIBRARY_PATH_SCRAMRTDEL=/cvmfs/cms.cern.ch/slc7_amd64_gcc900/external/sherpa/2.2.10-ljfedo/lib/SHERPA-MC
LESSOPEN=||/usr/bin/lesspipe.sh %s
FRONTIER_CLIENT=/cvmfs/cms.cern.ch/slc7_amd64_gcc900/external/frontier_client/2.9.1-ghbfee/
OMP_NUM_THREADS=24
VO_NA48_DEFAULT_SE=srm-public.cern.ch
_CONDOR_JOB_AD=/pool/condor/dir_13509/.job.ad
CLHEP_PARAM_PATH=/cvmfs/cms.cern.ch/slc7_amd64_gcc900/external/clhep/2.4.1.3-ghbfee
SRT_COMPILER_PATH_SCRAMRTDEL=/cvmfs/cms.cern.ch/slc7_amd64_gcc900/external/gcc/9.3.0
PYTHIA8DATA=/cvmfs/cms.cern.ch/slc7_amd64_gcc900/external/pythia8/303/share/Pythia8/xmldoc
SRT_FRONTIER_CLIENT_SCRAMRTDEL=/cvmfs/cms.cern.ch/slc7_amd64_gcc900/external/frontier_client/2.9.1-ghbfee/
SRT_CSC_TRACK_FINDER_DATA_DIR_SCRAMRTDEL=/cvmfs/cms.cern.ch/slc7_amd64_gcc900/cms/CSCTrackFinderEmulation/1.2-bcolbf/data/
SRT_RIVET_DATA_PATH_SCRAMRTDEL=/cvmfs/cms.cern.ch/slc7_amd64_gcc900/external/rivet/3.1.3/share/Rivet
HERWIGPATH=/cvmfs/cms.cern.ch/slc7_amd64_gcc900/external/herwigpp/7.2.0-ghbfee13/share/Herwig
VO_GEANT4_SW_DIR=/afs/cern.ch/project/gd/apps/geant4
VO_ATLAS_SW_DIR=/cvmfs/atlas.cern.ch/repo/sw
SRT_LD_LIBRARY_PATH_SCRAMRTDEL=/afs/cern.ch/work/m/malvesga/ProtonRecon/TEST/CMSSW_11_2_4/biglib/slc7_amd64_gcc900:/afs/cern.ch/work/m/malvesga/ProtonRecon/TEST/CMSSW_11_2_4/lib/slc7_amd64_gcc900:/afs/cern.ch/work/m/malvesga/ProtonRecon/TEST/CMSSW_11_2_4/external/slc7_amd64_gcc900/lib:/cvmfs/cms.cern.ch/slc7_amd64_gcc900/cms/cmssw/CMSSW_11_2_4/biglib/slc7_amd64_gcc900:/cvmfs/cms.cern.ch/slc7_amd64_gcc900/cms/cmssw/CMSSW_11_2_4/lib/slc7_amd64_gcc900:/cvmfs/cms.cern.ch/slc7_amd64_gcc900/cms/cmssw/CMSSW_11_2_4/external/slc7_amd64_gcc900/lib:/cvmfs/cms.cern.ch/slc7_amd64_gcc900/external/llvm/10.0.0-ghbfee4/lib64:/cvmfs/cms.cern.ch/slc7_amd64_gcc900/external/gcc/9.3.0/lib64:/cvmfs/cms.cern.ch/slc7_amd64_gcc900/external/gcc/9.3.0/lib:/cvmfs/cms.cern.ch/slc7_amd64_gcc900/external/cuda/11.1.1/drivers
GCC_RUNTIME_ASAN=/cvmfs/cms.cern.ch/slc7_amd64_gcc900/external/gcc/9.3.0/lib64/libasan.so
DISPLAY=localhost:27.0
XDG_RUNTIME_DIR=/run/user/109700
SRT_ROOT_PATH_SCRAMRTDEL=/cvmfs/cms.cern.ch/slc7_amd64_gcc900/external/madgraph5amcatnlo/2.6.0-ghbfee12:/cvmfs/cms.cern.ch/slc7_amd64_gcc900/external/gosamcontrib/2.0-20150803-bcolbf2
GLITE_LOCATION=/usr
SRT_OPENBLAS_NUM_THREADS_SCRAMRTDEL=1
SRT_MLAS_DYNAMIC_CPU_ARCH_SCRAMRTDEL=0
QT_PLUGIN_PATH=/usr/lib64/kde4/plugins:/usr/lib/kde4/plugins
SRT_G4SAIDXSDATA_SCRAMRTDEL=/cvmfs/cms.cern.ch/slc7_amd64_gcc900/external/geant4-G4SAIDDATA/2.0/data/G4SAIDDATA2.0
TEXMFHOME=/cvmfs/cms.cern.ch/slc7_amd64_gcc900/external/rivet/3.1.3/share/Rivet/texmf
OMP_THREAD_LIMIT=24
SRT_GIT_TEMPLATE_DIR_SCRAMRTDEL=/cvmfs/cms.cern.ch/slc7_amd64_gcc900/external/git/2.23.0-ghbfee/share/git-core/templates
CMSSW_VERSION=CMSSW_11_2_4
SRT_GCC_RUNTIME_UBSAN_SCRAMRTDEL=/cvmfs/cms.cern.ch/slc7_amd64_gcc900/external/gcc/9.3.0/lib64/libubsan.so
SITE_NAME=CERN-PROD
_CONDOR_JOB_IWD=/pool/condor/dir_13509
GUESTFISH_RESTORE=\e[0m
SHERPA_SHARE_PATH=/cvmfs/cms.cern.ch/slc7_amd64_gcc900/external/sherpa/2.2.10-ljfedo/share/SHERPA-MC
G4INCLDATA=/cvmfs/cms.cern.ch/slc7_amd64_gcc900/external/geant4-G4INCL/1.0/data/G4INCL1.0
_CONDOR_ANCESTOR_13509=13596:1671366565:1257699970
SRM_PATH=/opt/d-cache/srm
GIT_EXEC_PATH=/cvmfs/cms.cern.ch/slc7_amd64_gcc900/external/git/2.23.0-ghbfee/libexec/git-core
SRT_G4REALSURFACEDATA_SCRAMRTDEL=/cvmfs/cms.cern.ch/slc7_amd64_gcc900/external/geant4-G4RealSurface/2.1.1/data/RealSurface2.1.1
CMS_OPENLOOPS_PREFIX=/cvmfs/cms.cern.ch/slc7_amd64_gcc900/external/openloops/2.1.1-gchjei
_CONDOR_ANCESTOR_3440=4978:1669277165:3557836825
CMSSW_BASE=/afs/cern.ch/work/m/malvesga/ProtonRecon/TEST/CMSSW_11_2_4
LOCALRT=/afs/cern.ch/work/m/malvesga/ProtonRecon/TEST/CMSSW_11_2_4
SRT_SCRAM_CXX11_ABI_SCRAMRTDEL=1
SRT_VALGRIND_LIB_SCRAMRTDEL=/cvmfs/cms.cern.ch/slc7_amd64_gcc900/external/valgrind/3.15.0-bcolbf2/lib/valgrind
BASH_FUNC_cmsrel()=() {  scramv1 project CMSSW $@
}
BASH_FUNC_cmsenv()=() {  eval `scramv1 runtime -sh`
}
Running...
python3 /afs/cern.ch/work/m/malvesga/ProtonRecon/TEST/CMSSW_11_2_4/src/workspace/pps-ww-analysis-notebook/process_data_random_protons.py --period=2018D-5
{'muon': {'2017B': 4.799881474, '2017C1': 5.785813941, '2017C2': 3.786684323, '2017D': 4.247682053, '2017E': 9.312832062, '2017F1': 1.738905587, '2017F2': 8.125575961, '2017F3': 3.674404546}, 'electron': {'2017B': 4.594096155565198, '2017C1': 5.521298099245362, '2017C2': 3.6135646891210857, '2017D': 4.0518639103567, '2017E': 8.906848461089172, '2017F1': 1.6584516422062712, '2017F2': 7.749629938012412, '2017F3': 3.504400870870218}}
Luminosity 2017 muon: 41.471779946999995
Luminosity 2017 electron: 39.60015376646642
{'muon': {'2018A': 14.025827145867588, '2018B1': 6.620869367493728, '2018B2': 0.430376623828928, '2018C': 6.891684998276784, '2018D1': 20.939902986506983, '2018D2': 10.856932131702669}, 'electron': {'2018A': 13.088399561509418, '2018B1': 6.629521091507798, '2018B2': 0.430939012174748, '2018C': 6.8915954055654725, '2018D1': 20.94983928140255, '2018D2': 10.862083907209522}}
Luminosity 2018 muon: 59.76559325367668
Luminosity 2018 electron: 58.85237825936951
Namespace(period='2018D-5', runMax=None, runMin=None)
Period: 2018D-5
data-random-resample_50-2018-muon
['data-random-resample_50-2018-muon-2018D-5']
{'data-random-resample_50-2018-muon-2018D-5': ['/eos/home-m/malvesga/SWAN_projects/Antonio_UL/output/output-data-random-resample_50-2018-muon-2018D-800000-1000000.h5']}
2022/12/18 13:29:40
i/eos/home-m/malvesga/SWAN_projects/Antonio_UL/output/data-store-data-random-resample_50-2018-muon-2018D-5.h5
