000 (7718563.006.000) 12/19 16:09:33 Job submitted from host: <137.138.156.150:9618?addrs=137.138.156.150-9618+[2001-1458-d00-14--9a]-9618&alias=bigbird13.cern.ch&noUDP&sock=schedd_1788_ff6c>
...
040 (7718563.006.000) 12/19 16:49:49 Started transferring input files
	Transferring to host: <128.142.128.106:9618?addrs=128.142.128.106-9618+[2001-1458-301-10--100-69]-9618&alias=b7g25p5869.cern.ch&noUDP&sock=slot1_1_43454_0620_18029>
...
001 (7718563.006.000) 12/19 16:49:49 Job executing on host: <128.142.128.106:9618?addrs=128.142.128.106-9618+[2001-1458-301-10--100-69]-9618&alias=b7g25p5869.cern.ch&noUDP&sock=startd_39467_a862>
...
040 (7718563.006.000) 12/19 16:49:49 Finished transferring input files
...
006 (7718563.006.000) 12/19 16:49:57 Image size of job updated: 383928
	151  -  MemoryUsage of job (MB)
	153856  -  ResidentSetSize of job (KB)
...
006 (7718563.006.000) 12/19 16:54:57 Image size of job updated: 36380220
	26875  -  MemoryUsage of job (MB)
	27519112  -  ResidentSetSize of job (KB)
...
006 (7718563.006.000) 12/19 16:59:58 Image size of job updated: 36380220
	31188  -  MemoryUsage of job (MB)
	31935824  -  ResidentSetSize of job (KB)
...
006 (7718563.006.000) 12/19 17:04:59 Image size of job updated: 39577848
	36659  -  MemoryUsage of job (MB)
	37538584  -  ResidentSetSize of job (KB)
...
006 (7718563.006.000) 12/19 17:09:59 Image size of job updated: 43706116
	40671  -  MemoryUsage of job (MB)
	41646304  -  ResidentSetSize of job (KB)
...
006 (7718563.006.000) 12/19 17:15:00 Image size of job updated: 47776260
	44423  -  MemoryUsage of job (MB)
	45489108  -  ResidentSetSize of job (KB)
...
006 (7718563.006.000) 12/19 17:20:01 Image size of job updated: 51537252
	48336  -  MemoryUsage of job (MB)
	49495352  -  ResidentSetSize of job (KB)
...
006 (7718563.006.000) 12/19 17:25:01 Image size of job updated: 55445404
	51920  -  MemoryUsage of job (MB)
	53165368  -  ResidentSetSize of job (KB)
...
006 (7718563.006.000) 12/19 17:30:01 Image size of job updated: 58619684
	55103  -  MemoryUsage of job (MB)
	56425288  -  ResidentSetSize of job (KB)
...
006 (7718563.006.000) 12/19 17:35:02 Image size of job updated: 63579812
	60020  -  MemoryUsage of job (MB)
	61459680  -  ResidentSetSize of job (KB)
...
006 (7718563.006.000) 12/19 17:40:02 Image size of job updated: 66765812
	60020  -  MemoryUsage of job (MB)
	61460164  -  ResidentSetSize of job (KB)
...
006 (7718563.006.000) 12/19 17:45:02 Image size of job updated: 70957820
	60020  -  MemoryUsage of job (MB)
	61460164  -  ResidentSetSize of job (KB)
...
006 (7718563.006.000) 12/19 17:50:03 Image size of job updated: 78693384
	60020  -  MemoryUsage of job (MB)
	61460164  -  ResidentSetSize of job (KB)
...
006 (7718563.006.000) 12/19 17:55:04 Image size of job updated: 82992344
	60020  -  MemoryUsage of job (MB)
	61460164  -  ResidentSetSize of job (KB)
...
006 (7718563.006.000) 12/19 18:00:04 Image size of job updated: 83722392
	60020  -  MemoryUsage of job (MB)
	61460164  -  ResidentSetSize of job (KB)
...
006 (7718563.006.000) 12/19 18:05:04 Image size of job updated: 83739664
	60020  -  MemoryUsage of job (MB)
	61460164  -  ResidentSetSize of job (KB)
...
040 (7718563.006.000) 12/19 19:36:02 Started transferring output files
...
040 (7718563.006.000) 12/19 19:36:08 Finished transferring output files
...
005 (7718563.006.000) 12/19 19:36:08 Job terminated.
	(1) Normal termination (return value 0)
		Usr 0 02:35:23, Sys 0 00:08:34  -  Run Remote Usage
		Usr 0 00:00:00, Sys 0 00:00:00  -  Run Local Usage
		Usr 0 02:35:23, Sys 0 00:08:34  -  Total Remote Usage
		Usr 0 00:00:00, Sys 0 00:00:00  -  Total Local Usage
	107604  -  Run Bytes Sent By Job
	959  -  Run Bytes Received By Job
	107604  -  Total Bytes Sent By Job
	959  -  Total Bytes Received By Job
	Partitionable Resources :      Usage  Request Allocated 
	   Cpus                 :       1.00       24        24 
	   Disk (KB)            : 1253240           1   3042186 
	   Memory (MB)          :   60020       48000     48000 

	Job terminated of its own accord at 2022-12-19T18:36:02Z.
...
