000 (7716584.002.000) 12/19 03:30:19 Job submitted from host: <137.138.156.150:9618?addrs=137.138.156.150-9618+[2001-1458-d00-14--9a]-9618&alias=bigbird13.cern.ch&noUDP&sock=schedd_1788_ff6c>
...
040 (7716584.002.000) 12/19 03:31:21 Started transferring input files
	Transferring to host: <128.142.33.210:9618?addrs=128.142.33.210-9618+[2001-1458-301-39--100-f]-9618&alias=b7g24p2729.cern.ch&noUDP&sock=slot1_2_33897_40bb_8216>
...
040 (7716584.002.000) 12/19 03:31:21 Finished transferring input files
...
001 (7716584.002.000) 12/19 03:31:21 Job executing on host: <128.142.33.210:9618?addrs=128.142.33.210-9618+[2001-1458-301-39--100-f]-9618&alias=b7g24p2729.cern.ch&noUDP&sock=startd_3119_f3fb>
...
006 (7716584.002.000) 12/19 03:31:29 Image size of job updated: 28180
	4  -  MemoryUsage of job (MB)
	3620  -  ResidentSetSize of job (KB)
...
006 (7716584.002.000) 12/19 03:36:30 Image size of job updated: 13707432
	10463  -  MemoryUsage of job (MB)
	10713724  -  ResidentSetSize of job (KB)
...
006 (7716584.002.000) 12/19 03:41:31 Image size of job updated: 46656476
	34208  -  MemoryUsage of job (MB)
	35028836  -  ResidentSetSize of job (KB)
...
006 (7716584.002.000) 12/19 03:46:31 Image size of job updated: 46656476
	35182  -  MemoryUsage of job (MB)
	36026116  -  ResidentSetSize of job (KB)
...
006 (7716584.002.000) 12/19 03:51:31 Image size of job updated: 51168024
	43646  -  MemoryUsage of job (MB)
	44693292  -  ResidentSetSize of job (KB)
...
006 (7716584.002.000) 12/19 03:56:32 Image size of job updated: 51168024
	46853  -  MemoryUsage of job (MB)
	47977124  -  ResidentSetSize of job (KB)
...
006 (7716584.002.000) 12/19 04:01:33 Image size of job updated: 54364688
	51042  -  MemoryUsage of job (MB)
	52266312  -  ResidentSetSize of job (KB)
...
006 (7716584.002.000) 12/19 04:06:33 Image size of job updated: 58556812
	55146  -  MemoryUsage of job (MB)
	56468744  -  ResidentSetSize of job (KB)
...
006 (7716584.002.000) 12/19 04:11:34 Image size of job updated: 62900096
	59167  -  MemoryUsage of job (MB)
	60586096  -  ResidentSetSize of job (KB)
...
006 (7716584.002.000) 12/19 04:16:35 Image size of job updated: 67246224
	63415  -  MemoryUsage of job (MB)
	64936012  -  ResidentSetSize of job (KB)
...
006 (7716584.002.000) 12/19 04:21:35 Image size of job updated: 71886076
	68178  -  MemoryUsage of job (MB)
	69813436  -  ResidentSetSize of job (KB)
...
006 (7716584.002.000) 12/19 04:26:35 Image size of job updated: 76019948
	72214  -  MemoryUsage of job (MB)
	73946656  -  ResidentSetSize of job (KB)
...
006 (7716584.002.000) 12/19 04:31:36 Image size of job updated: 79934016
	75804  -  MemoryUsage of job (MB)
	77623176  -  ResidentSetSize of job (KB)
...
006 (7716584.002.000) 12/19 04:36:37 Image size of job updated: 84583284
	75804  -  MemoryUsage of job (MB)
	77623248  -  ResidentSetSize of job (KB)
...
006 (7716584.002.000) 12/19 04:41:37 Image size of job updated: 87943916
	75804  -  MemoryUsage of job (MB)
	77623248  -  ResidentSetSize of job (KB)
...
006 (7716584.002.000) 12/19 04:46:38 Image size of job updated: 96870680
	80384  -  MemoryUsage of job (MB)
	82312332  -  ResidentSetSize of job (KB)
...
006 (7716584.002.000) 12/19 04:51:39 Image size of job updated: 105286856
	88711  -  MemoryUsage of job (MB)
	90839572  -  ResidentSetSize of job (KB)
...
006 (7716584.002.000) 12/19 04:56:39 Image size of job updated: 109559620
	92695  -  MemoryUsage of job (MB)
	94918888  -  ResidentSetSize of job (KB)
...
006 (7716584.002.000) 12/19 05:01:39 Image size of job updated: 109664296
	92695  -  MemoryUsage of job (MB)
	94918888  -  ResidentSetSize of job (KB)
...
006 (7716584.002.000) 12/19 05:06:40 Image size of job updated: 109755092
	92695  -  MemoryUsage of job (MB)
	94918888  -  ResidentSetSize of job (KB)
...
040 (7716584.002.000) 12/19 07:07:19 Started transferring output files
...
040 (7716584.002.000) 12/19 07:07:19 Finished transferring output files
...
005 (7716584.002.000) 12/19 07:07:19 Job terminated.
	(1) Normal termination (return value 0)
		Usr 0 03:17:28, Sys 0 00:12:08  -  Run Remote Usage
		Usr 0 00:00:00, Sys 0 00:00:00  -  Run Local Usage
		Usr 0 03:17:28, Sys 0 00:12:08  -  Total Remote Usage
		Usr 0 00:00:00, Sys 0 00:00:00  -  Total Local Usage
	124123  -  Run Bytes Sent By Job
	959  -  Run Bytes Received By Job
	124123  -  Total Bytes Sent By Job
	959  -  Total Bytes Received By Job
	Partitionable Resources :      Usage  Request Allocated 
	   Cpus                 :       1.00       24        24 
	   Disk (KB)            : 1672554           1   2999674 
	   Memory (MB)          :   92695       48000     48000 

	Job terminated of its own accord at 2022-12-19T06:07:19Z.
...
