000 (7718563.007.000) 12/19 16:09:33 Job submitted from host: <137.138.156.150:9618?addrs=137.138.156.150-9618+[2001-1458-d00-14--9a]-9618&alias=bigbird13.cern.ch&noUDP&sock=schedd_1788_ff6c>
...
040 (7718563.007.000) 12/19 16:49:49 Started transferring input files
	Transferring to host: <128.142.33.212:9618?addrs=128.142.33.212-9618+[2001-1458-301-39--100-11]-9618&alias=b7g24p4015.cern.ch&noUDP&sock=slot1_1_39083_424e_4816>
...
001 (7718563.007.000) 12/19 16:49:49 Job executing on host: <128.142.33.212:9618?addrs=128.142.33.212-9618+[2001-1458-301-39--100-11]-9618&alias=b7g24p4015.cern.ch&noUDP&sock=startd_39040_c571>
...
040 (7718563.007.000) 12/19 16:49:49 Finished transferring input files
...
006 (7718563.007.000) 12/19 16:49:57 Image size of job updated: 84828
	70  -  MemoryUsage of job (MB)
	70956  -  ResidentSetSize of job (KB)
...
006 (7718563.007.000) 12/19 16:54:57 Image size of job updated: 33767228
	26730  -  MemoryUsage of job (MB)
	27370568  -  ResidentSetSize of job (KB)
...
006 (7718563.007.000) 12/19 16:59:58 Image size of job updated: 33767228
	28119  -  MemoryUsage of job (MB)
	28792876  -  ResidentSetSize of job (KB)
...
006 (7718563.007.000) 12/19 17:04:59 Image size of job updated: 39235992
	36198  -  MemoryUsage of job (MB)
	37065900  -  ResidentSetSize of job (KB)
...
006 (7718563.007.000) 12/19 17:09:59 Image size of job updated: 43494564
	40362  -  MemoryUsage of job (MB)
	41329696  -  ResidentSetSize of job (KB)
...
006 (7718563.007.000) 12/19 17:15:00 Image size of job updated: 47702948
	44508  -  MemoryUsage of job (MB)
	45576032  -  ResidentSetSize of job (KB)
...
006 (7718563.007.000) 12/19 17:20:01 Image size of job updated: 51567108
	48080  -  MemoryUsage of job (MB)
	49233852  -  ResidentSetSize of job (KB)
...
006 (7718563.007.000) 12/19 17:25:01 Image size of job updated: 55661628
	48138  -  MemoryUsage of job (MB)
	49292880  -  ResidentSetSize of job (KB)
...
006 (7718563.007.000) 12/19 17:30:01 Image size of job updated: 59725020
	48420  -  MemoryUsage of job (MB)
	49581592  -  ResidentSetSize of job (KB)
...
006 (7718563.007.000) 12/19 17:35:02 Image size of job updated: 64891920
	48690  -  MemoryUsage of job (MB)
	49858536  -  ResidentSetSize of job (KB)
...
006 (7718563.007.000) 12/19 17:40:02 Image size of job updated: 68905516
	48899  -  MemoryUsage of job (MB)
	50072324  -  ResidentSetSize of job (KB)
...
006 (7718563.007.000) 12/19 17:45:02 Image size of job updated: 78310316
	48899  -  MemoryUsage of job (MB)
	50072448  -  ResidentSetSize of job (KB)
...
006 (7718563.007.000) 12/19 17:50:03 Image size of job updated: 82112708
	50120  -  MemoryUsage of job (MB)
	51322640  -  ResidentSetSize of job (KB)
...
006 (7718563.007.000) 12/19 17:55:03 Image size of job updated: 83585952
	50120  -  MemoryUsage of job (MB)
	51322716  -  ResidentSetSize of job (KB)
...
006 (7718563.007.000) 12/19 18:00:03 Image size of job updated: 83623480
	50433  -  MemoryUsage of job (MB)
	51642796  -  ResidentSetSize of job (KB)
...
006 (7718563.007.000) 12/19 18:05:04 Image size of job updated: 83623480
	50433  -  MemoryUsage of job (MB)
	51642968  -  ResidentSetSize of job (KB)
...
040 (7718563.007.000) 12/19 19:29:12 Started transferring output files
...
040 (7718563.007.000) 12/19 19:29:17 Finished transferring output files
...
005 (7718563.007.000) 12/19 19:29:17 Job terminated.
	(1) Normal termination (return value 0)
		Usr 0 02:28:31, Sys 0 00:05:57  -  Run Remote Usage
		Usr 0 00:00:00, Sys 0 00:00:00  -  Run Local Usage
		Usr 0 02:28:31, Sys 0 00:05:57  -  Total Remote Usage
		Usr 0 00:00:00, Sys 0 00:00:00  -  Total Local Usage
	106699  -  Run Bytes Sent By Job
	959  -  Run Bytes Received By Job
	106699  -  Total Bytes Sent By Job
	959  -  Total Bytes Received By Job
	Partitionable Resources :      Usage  Request Allocated 
	   Cpus                 :       0.92       24        24 
	   Disk (KB)            : 1239855           1   2993174 
	   Memory (MB)          :   50433       48000     48000 

	Job terminated of its own accord at 2022-12-19T18:29:12Z.
...
