000 (7715295.000.000) 12/18 13:27:55 Job submitted from host: <137.138.156.150:9618?addrs=137.138.156.150-9618+[2001-1458-d00-14--9a]-9618&alias=bigbird13.cern.ch&noUDP&sock=schedd_1788_ff6c>
...
040 (7715295.000.000) 12/18 13:29:24 Started transferring input files
	Transferring to host: <128.142.248.195:9618?addrs=128.142.248.195-9618+[2001-1458-301-73--100-c2]-9618&alias=b7g23p0315.cern.ch&noUDP&sock=slot1_1_175185_6e2d_19824>
...
040 (7715295.000.000) 12/18 13:29:24 Finished transferring input files
...
001 (7715295.000.000) 12/18 13:29:24 Job executing on host: <128.142.248.195:9618?addrs=128.142.248.195-9618+[2001-1458-301-73--100-c2]-9618&alias=b7g23p0315.cern.ch&noUDP&sock=startd_175147_da35>
...
006 (7715295.000.000) 12/18 13:29:32 Image size of job updated: 326400
	26  -  MemoryUsage of job (MB)
	26424  -  ResidentSetSize of job (KB)
...
040 (7715295.000.000) 12/18 13:29:40 Started transferring output files
...
040 (7715295.000.000) 12/18 13:29:40 Finished transferring output files
...
005 (7715295.000.000) 12/18 13:29:40 Job terminated.
	(1) Normal termination (return value 1)
		Usr 0 00:00:02, Sys 0 00:00:00  -  Run Remote Usage
		Usr 0 00:00:00, Sys 0 00:00:00  -  Run Local Usage
		Usr 0 00:00:02, Sys 0 00:00:00  -  Total Remote Usage
		Usr 0 00:00:00, Sys 0 00:00:00  -  Total Local Usage
	44336  -  Run Bytes Sent By Job
	959  -  Run Bytes Received By Job
	44336  -  Total Bytes Sent By Job
	959  -  Total Bytes Received By Job
	Partitionable Resources :    Usage  Request Allocated 
	   Cpus                 :                24        24 
	   Disk (KB)            :       99        1   3116442 
	   Memory (MB)          :       26    48000     48000 

	Job terminated of its own accord at 2022-12-18T12:29:40Z.
...
