000 (7718563.004.000) 12/19 16:09:33 Job submitted from host: <137.138.156.150:9618?addrs=137.138.156.150-9618+[2001-1458-d00-14--9a]-9618&alias=bigbird13.cern.ch&noUDP&sock=schedd_1788_ff6c>
...
040 (7718563.004.000) 12/19 16:48:36 Started transferring input files
	Transferring to host: <128.142.58.87:9618?addrs=128.142.58.87-9618+[2001-1458-301-16--100-56]-9618&alias=b7s03p7653.cern.ch&noUDP&sock=slot1_1_27743_3401_591>
...
001 (7718563.004.000) 12/19 16:48:36 Job executing on host: <128.142.58.87:9618?addrs=128.142.58.87-9618+[2001-1458-301-16--100-56]-9618&alias=b7s03p7653.cern.ch&noUDP&sock=startd_2960_e46c>
...
040 (7718563.004.000) 12/19 16:48:36 Finished transferring input files
...
006 (7718563.004.000) 12/19 16:48:44 Image size of job updated: 184628
	117  -  MemoryUsage of job (MB)
	119752  -  ResidentSetSize of job (KB)
...
006 (7718563.004.000) 12/19 16:53:44 Image size of job updated: 29048352
	26161  -  MemoryUsage of job (MB)
	26788760  -  ResidentSetSize of job (KB)
...
006 (7718563.004.000) 12/19 16:58:45 Image size of job updated: 39140460
	32103  -  MemoryUsage of job (MB)
	32873328  -  ResidentSetSize of job (KB)
...
006 (7718563.004.000) 12/19 17:03:46 Image size of job updated: 39259756
	36175  -  MemoryUsage of job (MB)
	37042608  -  ResidentSetSize of job (KB)
...
006 (7718563.004.000) 12/19 17:08:47 Image size of job updated: 43439992
	40373  -  MemoryUsage of job (MB)
	41341672  -  ResidentSetSize of job (KB)
...
006 (7718563.004.000) 12/19 17:13:47 Image size of job updated: 47624824
	44464  -  MemoryUsage of job (MB)
	45530972  -  ResidentSetSize of job (KB)
...
006 (7718563.004.000) 12/19 17:18:47 Image size of job updated: 52029156
	48767  -  MemoryUsage of job (MB)
	49936908  -  ResidentSetSize of job (KB)
...
006 (7718563.004.000) 12/19 17:23:48 Image size of job updated: 56314496
	52981  -  MemoryUsage of job (MB)
	54252320  -  ResidentSetSize of job (KB)
...
006 (7718563.004.000) 12/19 17:28:49 Image size of job updated: 60667196
	57195  -  MemoryUsage of job (MB)
	58567456  -  ResidentSetSize of job (KB)
...
006 (7718563.004.000) 12/19 17:33:49 Image size of job updated: 64720308
	61168  -  MemoryUsage of job (MB)
	62635088  -  ResidentSetSize of job (KB)
...
006 (7718563.004.000) 12/19 17:38:49 Image size of job updated: 70893376
	67489  -  MemoryUsage of job (MB)
	69108172  -  ResidentSetSize of job (KB)
...
006 (7718563.004.000) 12/19 17:43:50 Image size of job updated: 78982868
	75168  -  MemoryUsage of job (MB)
	76971068  -  ResidentSetSize of job (KB)
...
006 (7718563.004.000) 12/19 17:48:51 Image size of job updated: 82081452
	75168  -  MemoryUsage of job (MB)
	76971148  -  ResidentSetSize of job (KB)
...
006 (7718563.004.000) 12/19 17:53:51 Image size of job updated: 82172932
	77757  -  MemoryUsage of job (MB)
	79622328  -  ResidentSetSize of job (KB)
...
040 (7718563.004.000) 12/19 19:20:00 Started transferring output files
...
040 (7718563.004.000) 12/19 19:20:09 Finished transferring output files
...
005 (7718563.004.000) 12/19 19:20:09 Job terminated.
	(1) Normal termination (return value 0)
		Usr 0 02:25:22, Sys 0 00:04:41  -  Run Remote Usage
		Usr 0 00:00:00, Sys 0 00:00:00  -  Run Local Usage
		Usr 0 02:25:22, Sys 0 00:04:41  -  Total Remote Usage
		Usr 0 00:00:00, Sys 0 00:00:00  -  Total Local Usage
	105827  -  Run Bytes Sent By Job
	959  -  Run Bytes Received By Job
	105827  -  Total Bytes Sent By Job
	959  -  Total Bytes Received By Job
	Partitionable Resources :      Usage  Request Allocated 
	   Cpus                 :       1.00       24        24 
	   Disk (KB)            : 1217007           1   1435368 
	   Memory (MB)          :   77757       48000     48000 

	Job terminated of its own accord at 2022-12-19T18:20:00Z.
...
