option: --period=2018D-6
/afs/cern.ch/work/m/malvesga/ProtonRecon/TEST/CMSSW_11_2_4/src/workspace/pps-ww-analysis-notebook
/eos/home-m/malvesga/SWAN_projects/Antonio_UL/output
/afs/cern.ch/work/m/malvesga/ProtonRecon/TEST/CMSSW_11_2_4/src/workspace/pps-ww-analysis-notebook
/pool/condor/dir_1044
_condor_stderr
_condor_stdout
condor_exec.exe
malvesga.cc
tmp
var
PYTHON3PATH set to /cvmfs/cms.cern.ch/share/overrides/python:/afs/cern.ch/work/m/malvesga/ProtonRecon/TEST/CMSSW_11_2_4/python:/afs/cern.ch/work/m/malvesga/ProtonRecon/TEST/CMSSW_11_2_4/lib/slc7_amd64_gcc900:/cvmfs/cms.cern.ch/slc7_amd64_gcc900/cms/cmssw/CMSSW_11_2_4/python:/cvmfs/cms.cern.ch/slc7_amd64_gcc900/cms/cmssw/CMSSW_11_2_4/lib/slc7_amd64_gcc900:/cvmfs/cms.cern.ch/slc7_amd64_gcc900/cms/cmssw-tool-conf/46.0-ghbfee12/lib/python3.8/site-packages:/afs/cern.ch/work/m/malvesga/ProtonRecon/TEST/CMSSW_11_2_4/src/workspace/pps-ww-analysis-notebook
SRT_G4LEVELGAMMADATA_SCRAMRTDEL=/cvmfs/cms.cern.ch/slc7_amd64_gcc900/external/geant4-G4PhotonEvaporation/5.5/data/PhotonEvaporation5.5
REMOTEHOST=2804
G4LEVELGAMMADATA=/cvmfs/cms.cern.ch/slc7_amd64_gcc900/external/geant4-G4PhotonEvaporation/5.5/data/PhotonEvaporation5.5
UTM_XSD_DIR=/cvmfs/cms.cern.ch/slc7_amd64_gcc900/external/utm/utm_0.8.1
_CONDOR_ANCESTOR_1044=1406:1671417082:1099638617
CUBACORES=24
CMSSW_RELEASE_BASE=/cvmfs/cms.cern.ch/slc7_amd64_gcc900/cms/cmssw/CMSSW_11_2_4
_CONDOR_JOB_PIDS=
MANPATH=/cvmfs/cms.cern.ch/share/man:/cvmfs/cms.cern.ch/share/man:/opt/glite/share/man:/cvmfs/cms.cern.ch/share/man:/cvmfs/cms.cern.ch/share/man::/opt/puppetlabs/puppet/share/man::
SCRAMRT_SET=CMSSW:CMSSW_11_2_4:slc7_amd64_gcc900:V2_2_9_pre16:SRT_
CMSSW_FWLITE_INCLUDE_PATH=/cvmfs/cms.cern.ch/slc7_amd64_gcc900/external/sherpa/2.2.10-ljfedo/include:/cvmfs/cms.cern.ch/slc7_amd64_gcc900/external/hepmc/2.06.07-bcolbf2/include:/cvmfs/cms.cern.ch/slc7_amd64_gcc900/external/clhep/2.4.1.3-ghbfee/include:/cvmfs/cms.cern.ch/slc7_amd64_gcc900/external/boost/1.72.0-ghbfee4/include
XDG_SESSION_ID=c22276
SRT_GCC_RUNTIME_ASAN_SCRAMRTDEL=/cvmfs/cms.cern.ch/slc7_amd64_gcc900/external/gcc/9.3.0/lib64/libasan.so
HOSTNAME=b7g04p0579.cern.ch
MKFIT_BASE=/cvmfs/cms.cern.ch/slc7_amd64_gcc900/external/mkfit/2.0.1-ghbfee4
GUESTFISH_INIT=\e[1;34m
VIRTUALENVWRAPPER_SCRIPT=/usr/bin/virtualenvwrapper.sh
SELINUX_ROLE_REQUESTED=
VO_VO_L3_CERN_CH_SW_DIR=/afs/cern.ch/l3
VO_ALICE_SW_DIR=/afs/cern.ch/project/gd/apps/alice
ROOT_INCLUDE_PATH=/afs/cern.ch/work/m/malvesga/ProtonRecon/TEST/CMSSW_11_2_4/src:/cvmfs/cms.cern.ch/slc7_amd64_gcc900/cms/cmssw/CMSSW_11_2_4/src:/cvmfs/cms.cern.ch/slc7_amd64_gcc900/cms/coral/CORAL_2_3_21-ghbfee11/include/LCG:/cvmfs/cms.cern.ch/slc7_amd64_gcc900/external/mctester/1.25.0a-ghbfee11/include:/cvmfs/cms.cern.ch/slc7_amd64_gcc900/external/dd4hep/v01-14x-ghbfee4/include:/cvmfs/cms.cern.ch/slc7_amd64_gcc900/external/herwigpp/7.2.0-ghbfee13/include:/cvmfs/cms.cern.ch/slc7_amd64_gcc900/external/tauolapp/1.1.5-ghbfee3/include:/cvmfs/cms.cern.ch/slc7_amd64_gcc900/external/charybdis/1.003-ghbfee3/include:/cvmfs/cms.cern.ch/slc7_amd64_gcc900/external/sherpa/2.2.10-ljfedo/include/SHERPA-MC:/cvmfs/cms.cern.ch/slc7_amd64_gcc900/external/thepeg/2.2.0-ghbfee4/include:/cvmfs/cms.cern.ch/slc7_amd64_gcc900/external/pythia8/303/include:/cvmfs/cms.cern.ch/slc7_amd64_gcc900/external/herwig/6.521-ghbfee2/include:/cvmfs/cms.cern.ch/slc7_amd64_gcc900/external/lwtnn/2.10-ghbfee4/include:/cvmfs/cms.cern.ch/slc7_amd64_gcc900/external/lhapdf/6.2.3-ghbfee/include:/cvmfs/cms.cern.ch/slc7_amd64_gcc900/external/cgal/4.2-ghbfee4/include:/cvmfs/cms.cern.ch/slc7_amd64_gcc900/external/starlight/r193-ghbfee/include:/cvmfs/cms.cern.ch/slc7_amd64_gcc900/external/rivet/3.1.3/include:/cvmfs/cms.cern.ch/slc7_amd64_gcc900/external/highfive/2.0-ghbfee3/include:/cvmfs/cms.cern.ch/slc7_amd64_gcc900/external/geant4/10.6.2-ghbfee/include/Geant4:/cvmfs/cms.cern.ch/slc7_amd64_gcc900/external/classlib/3.1.3-ghbfee/include:/cvmfs/cms.cern.ch/slc7_amd64_gcc900/external/tkonlinesw/4.2.0-1_gcc7-ghbfee11/include:/cvmfs/cms.cern.ch/slc7_amd64_gcc900/external/libungif/4.1.4-bcolbf2/include:/cvmfs/cms.cern.ch/slc7_amd64_gcc900/external/libtiff/4.0.10-ghbfee/include:/cvmfs/cms.cern.ch/slc7_amd64_gcc900/external/libpng/1.6.37-bcolbf2/include:/cvmfs/cms.cern.ch/slc7_amd64_gcc900/external/frontier_client/2.9.1-ghbfee/include:/cvmfs/cms.cern.ch/slc7_amd64_gcc900/external/pcre/8.43-bcolbf/include:/cvmfs/cms.cern.ch/slc7_amd64_gcc900/external/zstd/1.4.5/include:/cvmfs/cms.cern.ch/slc7_amd64_gcc900/external/xrootd/4.12.3/include/xrootd/private:/cvmfs/cms.cern.ch/slc7_amd64_gcc900/cms/vdt/0.4.0-ghbfee/include:/cvmfs/cms.cern.ch/slc7_amd64_gcc900/external/valgrind/3.15.0-bcolbf2/include:/cvmfs/cms.cern.ch/slc7_amd64_gcc900/external/utm/utm_0.8.1/include:/cvmfs/cms.cern.ch/slc7_amd64_gcc900/external/toprex/4.23-ghbfee/include:/cvmfs/cms.cern.ch/slc7_amd64_gcc900/external/tauola/27.121.5-ghbfee/include:/cvmfs/cms.cern.ch/slc7_amd64_gcc900/external/sigcpp/2.6.2-bcolbf2/include/sigc++-2.0:/cvmfs/cms.cern.ch/slc7_amd64_gcc900/external/sqlite/3.22.0-bcolbf/include:/cvmfs/cms.cern.ch/slc7_amd64_gcc900/external/pacparser/1.3.5-bcolbf/include:/cvmfs/cms.cern.ch/slc7_amd64_gcc900/external/oracle/12.1.0.2.0-bcolbf/include:/cvmfs/cms.cern.ch/slc7_amd64_gcc900/external/py2-numpy/1.16.6-ghbfee/c-api/core/include:/cvmfs/cms.cern.ch/slc7_amd64_gcc900/external/meschach/1.2.pCMS1-bcolbf2/include:/cvmfs/cms.cern.ch/slc7_amd64_gcc900/external/lz4/1.9.2/include:/cvmfs/cms.cern.ch/slc7_amd64_gcc900/external/libuuid/2.34-bcolbf2/include:/cvmfs/cms.cern.ch/slc7_amd64_gcc900/external/libunwind/1.4.0/include:/cvmfs/cms.cern.ch/slc7_amd64_gcc900/external/ktjet/1.06-ghbfee/include:/cvmfs/cms.cern.ch/slc7_amd64_gcc900/external/jimmy/4.2-ghbfee3/include:/cvmfs/cms.cern.ch/slc7_amd64_gcc900/external/jemalloc/5.2.1-ghbfee3/include:/cvmfs/cms.cern.ch/slc7_amd64_gcc900/external/hls/2019.08-bcolbf/include:/cvmfs/cms.cern.ch/slc7_amd64_gcc900/external/madgraph5amcatnlo/2.6.0-ghbfee12:/cvmfs/cms.cern.ch/slc7_amd64_gcc900/external/heppdt/3.03.00-ghbfee2/include:/cvmfs/cms.cern.ch/slc7_amd64_gcc900/external/hector/1.3.4_patch1-ghbfee11/include:/cvmfs/cms.cern.ch/slc7_amd64_gcc900/external/gsl/2.6-ghbfee/include:/cvmfs/cms.cern.ch/slc7_amd64_gcc900/external/protobuf/3.11.3-ghbfee/include:/cvmfs/cms.cern.ch/slc7_amd64_gcc900/external/libjpeg-turbo/2.0.2-ghbfee/include:/cvmfs/cms.cern.ch/slc7_amd64_gcc900/external/giflib/5.2.0-bcolbf2/include:/cvmfs/cms.cern.ch/slc7_amd64_gcc900/external/gdbm/1.10-bcolbf2/include:/cvmfs/cms.cern.ch/slc7_amd64_gcc900/external/freetype/2.10.0-bcolbf3/include:/cvmfs/cms.cern.ch/slc7_amd64_gcc900/external/fftw3/3.3.8-bcolbf/include:/cvmfs/cms.cern.ch/slc7_amd64_gcc900/external/fftjet/1.5.0-bcolbf3/include:/cvmfs/cms.cern.ch/slc7_amd64_gcc900/external/fastjet/3.3.4-ghbfee/include:/cvmfs/cms.cern.ch/slc7_amd64_gcc900/external/hepmc/2.06.07-bcolbf2/include:/cvmfs/cms.cern.ch/slc7_amd64_gcc900/external/dpm/1.8.0.1-ghbfee/include:/cvmfs/cms.cern.ch/slc7_amd64_gcc900/external/expat/2.1.0-bcolbf2/include:/cvmfs/cms.cern.ch/slc7_amd64_gcc900/external/vecgeom/v1.1.6-ghbfee3/include:/cvmfs/cms.cern.ch/slc7_amd64_gcc900/external/vecgeom/v1.1.6-ghbfee3/include/VecGeom:/cvmfs/cms.cern.ch/slc7_amd64_gcc900/external/xerces-c/3.1.3-bcolbf2/include:/cvmfs/cms.cern.ch/slc7_amd64_gcc900/external/xz/5.2.4-bcolbf2/include:/cvmfs/cms.cern.ch/slc7_amd64_gcc900/lcg/root/6.22.06/include:/cvmfs/cms.cern.ch/slc7_amd64_gcc900/external/dcap/2.47.12-bcolbf2/include:/cvmfs/cms.cern.ch/slc7_amd64_gcc900/external/libxml2/2.9.10/include/libxml2:/cvmfs/cms.cern.ch/slc7_amd64_gcc900/external/openssl/1.0.2d-bcolbf/include:/cvmfs/cms.cern.ch/slc7_amd64_gcc900/external/curl/7.70.0/include:/cvmfs/cms.cern.ch/slc7_amd64_gcc900/external/cppunit/1.15.x-bcolbf2/include:/cvmfs/cms.cern.ch/slc7_amd64_gcc900/external/clhep/2.4.1.3-ghbfee/include:/cvmfs/cms.cern.ch/slc7_amd64_gcc900/external/pythia6/426-ghbfee/include:/cvmfs/cms.cern.ch/slc7_amd64_gcc900/external/photos/215.5-bcolbf/include:/cvmfs/cms.cern.ch/slc7_amd64_gcc900/external/zlib/1.2.11-bcolbf/include:/cvmfs/cms.cern.ch/slc7_amd64_gcc900/external/cascade/2.2.04-ghbfee3/include:/cvmfs/cms.cern.ch/slc7_amd64_gcc900/external/bz2lib/1.0.6-bcolbf2/include:/cvmfs/cms.cern.ch/slc7_amd64_gcc900/external/python/2.7.15-bcolbf2/include/python2.7:/cvmfs/cms.cern.ch/slc7_amd64_gcc900/external/tbb/2020_U2-ghbfee/include:/cvmfs/cms.cern.ch/slc7_amd64_gcc900/external/boost/1.72.0-ghbfee4/include:/cvmfs/cms.cern.ch/slc7_amd64_gcc900/external/tinyxml2/6.2.0-ghbfee/include:/cvmfs/cms.cern.ch/slc7_amd64_gcc900/external/ittnotify/16.06.18-ghbfee/include:/cvmfs/cms.cern.ch/slc7_amd64_gcc900/external/gosamcontrib/2.0-20150803-bcolbf2/include:/cvmfs/cms.cern.ch/slc7_amd64_gcc900/external/fmt/7.0.1/include:/cvmfs/cms.cern.ch/slc7_amd64_gcc900/external/eigen/d812f411c3f9-ghbfee/include/eigen3:/usr/local/include:/usr/include
INTEL_LICENSE_FILE=28518@lxlicen01.cern.ch,28518@lxlicen02.cern.ch,28518@lxlicen03.cern.ch
SRT_TEXMFHOME_SCRAMRTDEL=/cvmfs/cms.cern.ch/slc7_amd64_gcc900/external/rivet/3.1.3/share/Rivet/texmf
GRID_ENV_LOCATION=/usr/libexec
TERM=xterm
SHELL=/bin/bash
HOST=b7g04p0579.cern.ch
SRT_GEANT4_PARFULLCMS_CONFIG_DIR_SCRAMRTDEL=/cvmfs/cms.cern.ch/slc7_amd64_gcc900/external/geant4-parfullcms/2014.01.27-ghbfee3/share/ParFullCMS
HISTSIZE=1000
SRT_TNS_ADMIN_SCRAMRTDEL=/etc
PDFPATH=/cvmfs/cms.cern.ch/slc7_amd64_gcc900/external/rivet/3.1.3/share
TMPDIR=/pool/condor/dir_1044/tmp
SSH_CLIENT=2804:d41:c905:1100:75bb:b2d7:42ae:b798 52065 22
ROOT_GCC_TOOLCHAIN=/cvmfs/cms.cern.ch/slc7_amd64_gcc900/external/gcc/9.3.0
VO_OPS_DEFAULT_SE=srm-public.cern.ch
G4FORCENUMBEROFTHREADS=max
OPENBLAS_NUM_THREADS=1
PERL5LIB=/cvmfs/cms.cern.ch/slc7_amd64_gcc900/external/git/2.23.0-ghbfee/share/perl5
SRT_PDFPATH_SCRAMRTDEL=/cvmfs/cms.cern.ch/slc7_amd64_gcc900/external/rivet/3.1.3/share
CONDA_SHLVL=0
LHAPDF_DATA_PATH=/cvmfs/cms.cern.ch/slc7_amd64_gcc900/external/lhapdf/6.2.3-ghbfee/share/LHAPDF
SELINUX_USE_CURRENT_RANGE=
CMSSW_DATA_PATH=/cvmfs/cms.cern.ch/slc7_amd64_gcc900/cms
CVSROOT=:gserver:cmssw.cvs.cern.ch:/local/reps/CMSSW
_CONDOR_SCRATCH_DIR=/pool/condor/dir_1044
CMSSW_GIT_HASH=CMSSW_11_2_4
SRT_G4ABLADATA_SCRAMRTDEL=/cvmfs/cms.cern.ch/slc7_amd64_gcc900/external/geant4-G4ABLA/3.1/data/G4ABLA3.1
VO_NA48_SW_DIR=/afs/cern.ch/project/gd/apps/na48
QTDIR=/usr/lib64/qt-3.3
SRT_SCONS_LIB_DIR_SCRAMRTDEL=/cvmfs/cms.cern.ch/slc7_amd64_gcc900/external/scons/3.0.1-bcolbf2/lib
QTINC=/usr/lib64/qt-3.3/include
SCRAM_ARCH=slc7_amd64_gcc900
SRT_MKFIT_BASE_SCRAMRTDEL=/cvmfs/cms.cern.ch/slc7_amd64_gcc900/external/mkfit/2.0.1-ghbfee4
VO_VO_OPAL_CERN_CH_DEFAULT_SE=srm-public.cern.ch
GIT_SSL_CAINFO=/cvmfs/cms.cern.ch/slc7_amd64_gcc900/external/git/2.23.0-ghbfee/share/ssl/certs/ca-bundle.crt
SRT_THEPEGPATH_SCRAMRTDEL=/cvmfs/cms.cern.ch/slc7_amd64_gcc900/external/thepeg/2.2.0-ghbfee4/share/ThePEG
SSH_TTY=/dev/pts/0
SRT_CMS_OPENLOOPS_PREFIX_SCRAMRTDEL=/cvmfs/cms.cern.ch/slc7_amd64_gcc900/external/openloops/2.1.1-gchjei
SRT_GIT_EXEC_PATH_SCRAMRTDEL=/cvmfs/cms.cern.ch/slc7_amd64_gcc900/external/git/2.23.0-ghbfee/libexec/git-core
GRIDMAPDIR=/etc/grid-security/gridmapdir
SRT_ROOT_INCLUDE_PATH_SCRAMRTDEL=/afs/cern.ch/work/m/malvesga/ProtonRecon/TEST/CMSSW_11_2_4/src:/cvmfs/cms.cern.ch/slc7_amd64_gcc900/cms/cmssw/CMSSW_11_2_4/src:/cvmfs/cms.cern.ch/slc7_amd64_gcc900/cms/coral/CORAL_2_3_21-ghbfee11/include/LCG:/cvmfs/cms.cern.ch/slc7_amd64_gcc900/external/mctester/1.25.0a-ghbfee11/include:/cvmfs/cms.cern.ch/slc7_amd64_gcc900/external/dd4hep/v01-14x-ghbfee4/include:/cvmfs/cms.cern.ch/slc7_amd64_gcc900/external/herwigpp/7.2.0-ghbfee13/include:/cvmfs/cms.cern.ch/slc7_amd64_gcc900/external/tauolapp/1.1.5-ghbfee3/include:/cvmfs/cms.cern.ch/slc7_amd64_gcc900/external/charybdis/1.003-ghbfee3/include:/cvmfs/cms.cern.ch/slc7_amd64_gcc900/external/sherpa/2.2.10-ljfedo/include/SHERPA-MC:/cvmfs/cms.cern.ch/slc7_amd64_gcc900/external/thepeg/2.2.0-ghbfee4/include:/cvmfs/cms.cern.ch/slc7_amd64_gcc900/external/pythia8/303/include:/cvmfs/cms.cern.ch/slc7_amd64_gcc900/external/herwig/6.521-ghbfee2/include:/cvmfs/cms.cern.ch/slc7_amd64_gcc900/external/lwtnn/2.10-ghbfee4/include:/cvmfs/cms.cern.ch/slc7_amd64_gcc900/external/lhapdf/6.2.3-ghbfee/include:/cvmfs/cms.cern.ch/slc7_amd64_gcc900/external/cgal/4.2-ghbfee4/include:/cvmfs/cms.cern.ch/slc7_amd64_gcc900/external/starlight/r193-ghbfee/include:/cvmfs/cms.cern.ch/slc7_amd64_gcc900/external/rivet/3.1.3/include:/cvmfs/cms.cern.ch/slc7_amd64_gcc900/external/highfive/2.0-ghbfee3/include:/cvmfs/cms.cern.ch/slc7_amd64_gcc900/external/geant4/10.6.2-ghbfee/include/Geant4:/cvmfs/cms.cern.ch/slc7_amd64_gcc900/external/classlib/3.1.3-ghbfee/include:/cvmfs/cms.cern.ch/slc7_amd64_gcc900/external/tkonlinesw/4.2.0-1_gcc7-ghbfee11/include:/cvmfs/cms.cern.ch/slc7_amd64_gcc900/external/libungif/4.1.4-bcolbf2/include:/cvmfs/cms.cern.ch/slc7_amd64_gcc900/external/libtiff/4.0.10-ghbfee/include:/cvmfs/cms.cern.ch/slc7_amd64_gcc900/external/libpng/1.6.37-bcolbf2/include:/cvmfs/cms.cern.ch/slc7_amd64_gcc900/external/frontier_client/2.9.1-ghbfee/include:/cvmfs/cms.cern.ch/slc7_amd64_gcc900/external/pcre/8.43-bcolbf/include:/cvmfs/cms.cern.ch/slc7_amd64_gcc900/external/zstd/1.4.5/include:/cvmfs/cms.cern.ch/slc7_amd64_gcc900/external/xrootd/4.12.3/include/xrootd/private:/cvmfs/cms.cern.ch/slc7_amd64_gcc900/cms/vdt/0.4.0-ghbfee/include:/cvmfs/cms.cern.ch/slc7_amd64_gcc900/external/valgrind/3.15.0-bcolbf2/include:/cvmfs/cms.cern.ch/slc7_amd64_gcc900/external/utm/utm_0.8.1/include:/cvmfs/cms.cern.ch/slc7_amd64_gcc900/external/toprex/4.23-ghbfee/include:/cvmfs/cms.cern.ch/slc7_amd64_gcc900/external/tauola/27.121.5-ghbfee/include:/cvmfs/cms.cern.ch/slc7_amd64_gcc900/external/sigcpp/2.6.2-bcolbf2/include/sigc++-2.0:/cvmfs/cms.cern.ch/slc7_amd64_gcc900/external/sqlite/3.22.0-bcolbf/include:/cvmfs/cms.cern.ch/slc7_amd64_gcc900/external/pacparser/1.3.5-bcolbf/include:/cvmfs/cms.cern.ch/slc7_amd64_gcc900/external/oracle/12.1.0.2.0-bcolbf/include:/cvmfs/cms.cern.ch/slc7_amd64_gcc900/external/py2-numpy/1.16.6-ghbfee/c-api/core/include:/cvmfs/cms.cern.ch/slc7_amd64_gcc900/external/meschach/1.2.pCMS1-bcolbf2/include:/cvmfs/cms.cern.ch/slc7_amd64_gcc900/external/lz4/1.9.2/include:/cvmfs/cms.cern.ch/slc7_amd64_gcc900/external/libuuid/2.34-bcolbf2/include:/cvmfs/cms.cern.ch/slc7_amd64_gcc900/external/libunwind/1.4.0/include:/cvmfs/cms.cern.ch/slc7_amd64_gcc900/external/ktjet/1.06-ghbfee/include:/cvmfs/cms.cern.ch/slc7_amd64_gcc900/external/jimmy/4.2-ghbfee3/include:/cvmfs/cms.cern.ch/slc7_amd64_gcc900/external/jemalloc/5.2.1-ghbfee3/include:/cvmfs/cms.cern.ch/slc7_amd64_gcc900/external/hls/2019.08-bcolbf/include:/cvmfs/cms.cern.ch/slc7_amd64_gcc900/external/madgraph5amcatnlo/2.6.0-ghbfee12:/cvmfs/cms.cern.ch/slc7_amd64_gcc900/external/heppdt/3.03.00-ghbfee2/include:/cvmfs/cms.cern.ch/slc7_amd64_gcc900/external/hector/1.3.4_patch1-ghbfee11/include:/cvmfs/cms.cern.ch/slc7_amd64_gcc900/external/gsl/2.6-ghbfee/include:/cvmfs/cms.cern.ch/slc7_amd64_gcc900/external/protobuf/3.11.3-ghbfee/include:/cvmfs/cms.cern.ch/slc7_amd64_gcc900/external/libjpeg-turbo/2.0.2-ghbfee/include:/cvmfs/cms.cern.ch/slc7_amd64_gcc900/external/giflib/5.2.0-bcolbf2/include:/cvmfs/cms.cern.ch/slc7_amd64_gcc900/external/gdbm/1.10-bcolbf2/include:/cvmfs/cms.cern.ch/slc7_amd64_gcc900/external/freetype/2.10.0-bcolbf3/include:/cvmfs/cms.cern.ch/slc7_amd64_gcc900/external/fftw3/3.3.8-bcolbf/include:/cvmfs/cms.cern.ch/slc7_amd64_gcc900/external/fftjet/1.5.0-bcolbf3/include:/cvmfs/cms.cern.ch/slc7_amd64_gcc900/external/fastjet/3.3.4-ghbfee/include:/cvmfs/cms.cern.ch/slc7_amd64_gcc900/external/hepmc/2.06.07-bcolbf2/include:/cvmfs/cms.cern.ch/slc7_amd64_gcc900/external/dpm/1.8.0.1-ghbfee/include:/cvmfs/cms.cern.ch/slc7_amd64_gcc900/external/expat/2.1.0-bcolbf2/include:/cvmfs/cms.cern.ch/slc7_amd64_gcc900/external/vecgeom/v1.1.6-ghbfee3/include:/cvmfs/cms.cern.ch/slc7_amd64_gcc900/external/vecgeom/v1.1.6-ghbfee3/include/VecGeom:/cvmfs/cms.cern.ch/slc7_amd64_gcc900/external/xerces-c/3.1.3-bcolbf2/include:/cvmfs/cms.cern.ch/slc7_amd64_gcc900/external/xz/5.2.4-bcolbf2/include:/cvmfs/cms.cern.ch/slc7_amd64_gcc900/lcg/root/6.22.06/include:/cvmfs/cms.cern.ch/slc7_amd64_gcc900/external/dcap/2.47.12-bcolbf2/include:/cvmfs/cms.cern.ch/slc7_amd64_gcc900/external/libxml2/2.9.10/include/libxml2:/cvmfs/cms.cern.ch/slc7_amd64_gcc900/external/openssl/1.0.2d-bcolbf/include:/cvmfs/cms.cern.ch/slc7_amd64_gcc900/external/curl/7.70.0/include:/cvmfs/cms.cern.ch/slc7_amd64_gcc900/external/cppunit/1.15.x-bcolbf2/include:/cvmfs/cms.cern.ch/slc7_amd64_gcc900/external/clhep/2.4.1.3-ghbfee/include:/cvmfs/cms.cern.ch/slc7_amd64_gcc900/external/pythia6/426-ghbfee/include:/cvmfs/cms.cern.ch/slc7_amd64_gcc900/external/photos/215.5-bcolbf/include:/cvmfs/cms.cern.ch/slc7_amd64_gcc900/external/zlib/1.2.11-bcolbf/include:/cvmfs/cms.cern.ch/slc7_amd64_gcc900/external/cascade/2.2.04-ghbfee3/include:/cvmfs/cms.cern.ch/slc7_amd64_gcc900/external/bz2lib/1.0.6-bcolbf2/include:/cvmfs/cms.cern.ch/slc7_amd64_gcc900/external/python/2.7.15-bcolbf2/include/python2.7:/cvmfs/cms.cern.ch/slc7_amd64_gcc900/external/tbb/2020_U2-ghbfee/include:/cvmfs/cms.cern.ch/slc7_amd64_gcc900/external/boost/1.72.0-ghbfee4/include:/cvmfs/cms.cern.ch/slc7_amd64_gcc900/external/tinyxml2/6.2.0-ghbfee/include:/cvmfs/cms.cern.ch/slc7_amd64_gcc900/external/ittnotify/16.06.18-ghbfee/include:/cvmfs/cms.cern.ch/slc7_amd64_gcc900/external/gosamcontrib/2.0-20150803-bcolbf2/include:/cvmfs/cms.cern.ch/slc7_amd64_gcc900/external/fmt/7.0.1/include:/cvmfs/cms.cern.ch/slc7_amd64_gcc900/external/eigen/d812f411c3f9-ghbfee/include/eigen3:/usr/local/include:/usr/include
SRT_INTEL_LICENSE_FILE_SCRAMRTDEL=28518@lxlicen01.cern.ch,28518@lxlicen02.cern.ch,28518@lxlicen03.cern.ch
EVTGENDATA=/cvmfs/cms.cern.ch/slc7_amd64_gcc900/external/evtgen/1.6.0-ghbfee3/share
ROOT_TTREECACHE_SIZE=0
STAGE_HOST=castorcms
VO_VO_ALEPH_CERN_CH_SW_DIR=/afs/cern.ch/aleph
SRT_ROOT_TTREECACHE_PREFILL_SCRAMRTDEL=0
QT_GRAPHICSSYSTEM_CHECKED=1
G4LEDATA=/cvmfs/cms.cern.ch/slc7_amd64_gcc900/external/geant4-G4EMLOW/7.9.1/data/G4EMLOW7.9.1
GROUP=zh
OPAL_PREFIX=/cvmfs/cms.cern.ch/slc7_amd64_gcc900/external/openmpi/4.0.5
USER=malvesga
_CHIRP_DELAYED_UPDATE_PREFIX=Chirp*
LD_LIBRARY_PATH=/afs/cern.ch/work/m/malvesga/ProtonRecon/TEST/CMSSW_11_2_4/biglib/slc7_amd64_gcc900:/afs/cern.ch/work/m/malvesga/ProtonRecon/TEST/CMSSW_11_2_4/lib/slc7_amd64_gcc900:/afs/cern.ch/work/m/malvesga/ProtonRecon/TEST/CMSSW_11_2_4/external/slc7_amd64_gcc900/lib:/cvmfs/cms.cern.ch/slc7_amd64_gcc900/cms/cmssw/CMSSW_11_2_4/biglib/slc7_amd64_gcc900:/cvmfs/cms.cern.ch/slc7_amd64_gcc900/cms/cmssw/CMSSW_11_2_4/lib/slc7_amd64_gcc900:/cvmfs/cms.cern.ch/slc7_amd64_gcc900/cms/cmssw/CMSSW_11_2_4/external/slc7_amd64_gcc900/lib:/cvmfs/cms.cern.ch/slc7_amd64_gcc900/external/llvm/10.0.0-ghbfee4/lib64:/cvmfs/cms.cern.ch/slc7_amd64_gcc900/external/gcc/9.3.0/lib64:/cvmfs/cms.cern.ch/slc7_amd64_gcc900/external/gcc/9.3.0/lib:/cvmfs/cms.cern.ch/slc7_amd64_gcc900/external/cuda/11.1.1/drivers
TEMP=/tmp
SRT_LHAPDF_DATA_PATH_SCRAMRTDEL=/cvmfs/cms.cern.ch/slc7_amd64_gcc900/external/lhapdf/6.2.3-ghbfee/share/LHAPDF
ROOT_PATH=/cvmfs/cms.cern.ch/slc7_amd64_gcc900/external/madgraph5amcatnlo/2.6.0-ghbfee12:/cvmfs/cms.cern.ch/slc7_amd64_gcc900/external/gosamcontrib/2.0-20150803-bcolbf2
LS_COLORS=rs=0:di=01;34:ln=01;36:mh=00:pi=40;33:so=01;35:do=01;35:bd=40;33;01:cd=40;33;01:or=40;31;01:mi=01;05;37;41:su=37;41:sg=30;43:ca=30;41:tw=30;42:ow=34;42:st=37;44:ex=01;32:*.tar=01;31:*.tgz=01;31:*.arc=01;31:*.arj=01;31:*.taz=01;31:*.lha=01;31:*.lz4=01;31:*.lzh=01;31:*.lzma=01;31:*.tlz=01;31:*.txz=01;31:*.tzo=01;31:*.t7z=01;31:*.zip=01;31:*.z=01;31:*.Z=01;31:*.dz=01;31:*.gz=01;31:*.lrz=01;31:*.lz=01;31:*.lzo=01;31:*.xz=01;31:*.bz2=01;31:*.bz=01;31:*.tbz=01;31:*.tbz2=01;31:*.tz=01;31:*.deb=01;31:*.rpm=01;31:*.jar=01;31:*.war=01;31:*.ear=01;31:*.sar=01;31:*.rar=01;31:*.alz=01;31:*.ace=01;31:*.zoo=01;31:*.cpio=01;31:*.7z=01;31:*.rz=01;31:*.cab=01;31:*.jpg=01;35:*.jpeg=01;35:*.gif=01;35:*.bmp=01;35:*.pbm=01;35:*.pgm=01;35:*.ppm=01;35:*.tga=01;35:*.xbm=01;35:*.xpm=01;35:*.tif=01;35:*.tiff=01;35:*.png=01;35:*.svg=01;35:*.svgz=01;35:*.mng=01;35:*.pcx=01;35:*.mov=01;35:*.mpg=01;35:*.mpeg=01;35:*.m2v=01;35:*.mkv=01;35:*.webm=01;35:*.ogm=01;35:*.mp4=01;35:*.m4v=01;35:*.mp4v=01;35:*.vob=01;35:*.qt=01;35:*.nuv=01;35:*.wmv=01;35:*.asf=01;35:*.rm=01;35:*.rmvb=01;35:*.flc=01;35:*.avi=01;35:*.fli=01;35:*.flv=01;35:*.gl=01;35:*.dl=01;35:*.xcf=01;35:*.xwd=01;35:*.yuv=01;35:*.cgm=01;35:*.emf=01;35:*.axv=01;35:*.anx=01;35:*.ogv=01;35:*.ogx=01;35:*.aac=01;36:*.au=01;36:*.flac=01;36:*.mid=01;36:*.midi=01;36:*.mka=01;36:*.mp3=01;36:*.mpc=01;36:*.ogg=01;36:*.ra=01;36:*.wav=01;36:*.axa=01;36:*.oga=01;36:*.spx=01;36:*.xspf=01;36:
SRT_PYTHON27PATH_SCRAMRTDEL=/cvmfs/cms.cern.ch/share/overrides/python:/afs/cern.ch/work/m/malvesga/ProtonRecon/TEST/CMSSW_11_2_4/python:/afs/cern.ch/work/m/malvesga/ProtonRecon/TEST/CMSSW_11_2_4/lib/slc7_amd64_gcc900:/cvmfs/cms.cern.ch/slc7_amd64_gcc900/cms/cmssw/CMSSW_11_2_4/python:/cvmfs/cms.cern.ch/slc7_amd64_gcc900/cms/cmssw/CMSSW_11_2_4/lib/slc7_amd64_gcc900:/cvmfs/cms.cern.ch/slc7_amd64_gcc900/cms/coral/CORAL_2_3_21-ghbfee11/slc7_amd64_gcc900/python:/cvmfs/cms.cern.ch/slc7_amd64_gcc900/cms/coral/CORAL_2_3_21-ghbfee11/slc7_amd64_gcc900/lib:/cvmfs/cms.cern.ch/slc7_amd64_gcc900/external/fastjet/3.3.4-ghbfee/lib/python2.7/site-packages:/cvmfs/cms.cern.ch/slc7_amd64_gcc900/cms/cmssw-tool-conf/46.0-ghbfee12/lib/python2.7/site-packages
SHERPA_INCLUDE_PATH=/cvmfs/cms.cern.ch/slc7_amd64_gcc900/external/sherpa/2.2.10-ljfedo/include/SHERPA-MC
SRT_RIVET_ANALYSIS_PATH_SCRAMRTDEL=/afs/cern.ch/work/m/malvesga/ProtonRecon/TEST/CMSSW_11_2_4/lib/slc7_amd64_gcc900:/cvmfs/cms.cern.ch/slc7_amd64_gcc900/cms/cmssw/CMSSW_11_2_4/lib/slc7_amd64_gcc900:/cvmfs/cms.cern.ch/slc7_amd64_gcc900/external/rivet/3.1.3/lib/Rivet
SRT_CMSSW_RELEASE_BASE_SCRAMRTDEL=/cvmfs/cms.cern.ch/slc7_amd64_gcc900/cms/cmssw/CMSSW_11_2_4
_CONDOR_ANCESTOR_39231=39272:1669661344:647998320
VO_DTEAM_SW_DIR=/afs/cern.ch/project/gd/apps/dteam
VO_CMS_SW_DIR=/cvmfs/cms.cern.ch
VO_VO_ALEPH_CERN_CH_DEFAULT_SE=srm-public.cern.ch
LCG_LOCATION=/usr
SRT_CMSSW_VERSION_SCRAMRTDEL=CMSSW_11_2_4
JULIA_NUM_THREADS=24
BATCH_SYSTEM=HTCondor
SCRAM_CXX11_ABI=1
GCC_RUNTIME_LSAN=/cvmfs/cms.cern.ch/slc7_amd64_gcc900/external/gcc/9.3.0/lib64/libasan.so
VALGRIND_LIB=/cvmfs/cms.cern.ch/slc7_amd64_gcc900/external/valgrind/3.15.0-bcolbf2/lib/valgrind
SRT_ROOTSYS_SCRAMRTDEL=/cvmfs/cms.cern.ch/slc7_amd64_gcc900/lcg/root/6.22.06/
SRT_CMSSW_GIT_HASH_SCRAMRTDEL=CMSSW_11_2_4
VO_VO_OPAL_CERN_CH_SW_DIR=/afs/cern.ch/opal
G4NEUTRONHPDATA=/cvmfs/cms.cern.ch/slc7_amd64_gcc900/external/geant4-G4NDL/4.6/data/G4NDL4.6
_CONDOR_CHIRP_CONFIG=/pool/condor/dir_1044/.chirp.config
GEANT4_PARFULLCMS_CONFIG_DIR=/cvmfs/cms.cern.ch/slc7_amd64_gcc900/external/geant4-parfullcms/2014.01.27-ghbfee3/share/ParFullCMS
HOSTTYPE=x86_64-linux
VO_ILC_DEFAULT_SE=srm-public.cern.ch
CSC_TRACK_FINDER_DATA_DIR=/cvmfs/cms.cern.ch/slc7_amd64_gcc900/cms/CSCTrackFinderEmulation/1.2-bcolbf/data/
RIVET_DATA_PATH=/cvmfs/cms.cern.ch/slc7_amd64_gcc900/external/rivet/3.1.3/share/Rivet
VO_LHCB_DEFAULT_SE=srm-lhcb.cern.ch
SRT_CLHEP_PARAM_PATH_SCRAMRTDEL=/cvmfs/cms.cern.ch/slc7_amd64_gcc900/external/clhep/2.4.1.3-ghbfee
SRT_G4RADIOACTIVEDATA_SCRAMRTDEL=/cvmfs/cms.cern.ch/slc7_amd64_gcc900/external/geant4-G4RadioactiveDecay/5.4/data/RadioactiveDecay5.4
G4ENSDFSTATEDATA=/cvmfs/cms.cern.ch/slc7_amd64_gcc900/external/geant4-G4ENSDFSTATE/2.2/data/G4ENSDFSTATE2.2
SRT_ROOFITSYS_SCRAMRTDEL=/cvmfs/cms.cern.ch/slc7_amd64_gcc900/lcg/root/6.22.06/
ROOFITSYS=/cvmfs/cms.cern.ch/slc7_amd64_gcc900/lcg/root/6.22.06/
CASTOR_HOME=/castor/cern.ch/user/m/malvesga
SRT_G4ENSDFSTATEDATA_SCRAMRTDEL=/cvmfs/cms.cern.ch/slc7_amd64_gcc900/external/geant4-G4ENSDFSTATE/2.2/data/G4ENSDFSTATE2.2
G4RADIOACTIVEDATA=/cvmfs/cms.cern.ch/slc7_amd64_gcc900/external/geant4-G4RadioactiveDecay/5.4/data/RadioactiveDecay5.4
VO_OPS_SW_DIR=/afs/cern.ch/project/gd/apps/ops
VIRTUAL_ENV=/afs/cern.ch/work/m/malvesga/ProtonRecon/TEST/CMSSW_11_2_4/src/workspace/pps-ww-analysis-notebook/uproot-LCG_101
G4ABLADATA=/cvmfs/cms.cern.ch/slc7_amd64_gcc900/external/geant4-G4ABLA/3.1/data/G4ABLA3.1
VO_GEANT4_DEFAULT_SE=lxdpm101.cern.ch
VO_ATLAS_DEFAULT_SE=srm-atlas.cern.ch
SRT_SHERPA_INCLUDE_PATH_SCRAMRTDEL=/cvmfs/cms.cern.ch/slc7_amd64_gcc900/external/sherpa/2.2.10-ljfedo/include/SHERPA-MC
SRT_WORKER_DATA_PATH_SCRAMRTDEL=/cvmfs/cms.cern.ch/slc7_amd64_gcc900/external/blackhat/0.9.9-ghbfee/share/blackhat/datafiles/
SRT_PERL5LIB_SCRAMRTDEL=/cvmfs/cms.cern.ch/slc7_amd64_gcc900/external/git/2.23.0-ghbfee/share/perl5
GUESTFISH_PS1=\[\e[1;32m\]><fs>\[\e[0;31m\] 
SITECONFIG_PATH=/cvmfs/cms.cern.ch/SITECONF/local
SRT_G4FORCENUMBEROFTHREADS_SCRAMRTDEL=max
SRT_G4PARTICLEXSDATA_SCRAMRTDEL=/cvmfs/cms.cern.ch/slc7_amd64_gcc900/external/geant4-G4PARTICLEXS/2.1/data/G4PARTICLEXS2.1
ATLAS_CGROUPS_BASE=/cgroup/memory
VO_UNOSAT_DEFAULT_SE=srm-public.cern.ch
GCC_RUNTIME_TSAN=/cvmfs/cms.cern.ch/slc7_amd64_gcc900/external/gcc/9.3.0/lib64/libtsan.so
MAIL=/var/spool/mail/malvesga
TNS_ADMIN=/etc
PATH=/afs/cern.ch/cms/caf/scripts:/cvmfs/cms.cern.ch/common:/afs/cern.ch/cms/caf/scripts:/cvmfs/cms.cern.ch/common:/afs/cern.ch/work/m/malvesga/ProtonRecon/TEST/CMSSW_11_2_4/src/workspace/pps-ww-analysis-notebook/uproot-LCG_101/bin:/cvmfs/cms.cern.ch/share/overrides/bin:/afs/cern.ch/work/m/malvesga/ProtonRecon/TEST/CMSSW_11_2_4/bin/slc7_amd64_gcc900:/afs/cern.ch/work/m/malvesga/ProtonRecon/TEST/CMSSW_11_2_4/external/slc7_amd64_gcc900/bin:/cvmfs/cms.cern.ch/slc7_amd64_gcc900/cms/cmssw/CMSSW_11_2_4/bin/slc7_amd64_gcc900:/cvmfs/cms.cern.ch/slc7_amd64_gcc900/cms/cmssw/CMSSW_11_2_4/external/slc7_amd64_gcc900/bin:/cvmfs/cms.cern.ch/slc7_amd64_gcc900/external/llvm/10.0.0-ghbfee4/bin:/cvmfs/cms.cern.ch/slc7_amd64_gcc900/external/gcc/9.3.0/bin:/afs/cern.ch/cms/caf/scripts:/cvmfs/cms.cern.ch/common:/afs/cern.ch/cms/caf/scripts:/cvmfs/cms.cern.ch/common:/usr/sue/bin:/usr/lib64/qt-3.3/bin:/usr/condabin:/usr/local/bin:/usr/bin:/usr/local/sbin:/usr/sbin:/opt/puppetlabs/bin:/afs/cern.ch/user/m/malvesga/bin:/opt/puppetlabs/bin:/opt/puppetlabs/bin
SRT_HEPPDT_PARAM_PATH_SCRAMRTDEL=/cvmfs/cms.cern.ch/slc7_amd64_gcc900/external/heppdt/3.03.00-ghbfee2
THEPEGPATH=/cvmfs/cms.cern.ch/slc7_amd64_gcc900/external/thepeg/2.2.0-ghbfee4/share/ThePEG
SRT_GIT_SSL_CAINFO_SCRAMRTDEL=/cvmfs/cms.cern.ch/slc7_amd64_gcc900/external/git/2.23.0-ghbfee/share/ssl/certs/ca-bundle.crt
_CONDOR_BIN=/usr/bin
SRT_CMSSW_SEARCH_PATH_SCRAMRTDEL=/afs/cern.ch/work/m/malvesga/ProtonRecon/TEST/CMSSW_11_2_4/poison:/afs/cern.ch/work/m/malvesga/ProtonRecon/TEST/CMSSW_11_2_4/src:/afs/cern.ch/work/m/malvesga/ProtonRecon/TEST/CMSSW_11_2_4/external/slc7_amd64_gcc900/data:/cvmfs/cms.cern.ch/slc7_amd64_gcc900/cms/cmssw/CMSSW_11_2_4/src:/cvmfs/cms.cern.ch/slc7_amd64_gcc900/cms/cmssw/CMSSW_11_2_4/external/slc7_amd64_gcc900/data
SRT_GCC_RUNTIME_LSAN_SCRAMRTDEL=/cvmfs/cms.cern.ch/slc7_amd64_gcc900/external/gcc/9.3.0/lib64/libasan.so
CMS_PATH=/cvmfs/cms.cern.ch
MKL_NUM_THREADS=24
VO_DTEAM_DEFAULT_SE=srm-public.cern.ch
VO_CMS_DEFAULT_SE=srm-cms.cern.ch
SRT_UTM_XSD_DIR_SCRAMRTDEL=/cvmfs/cms.cern.ch/slc7_amd64_gcc900/external/utm/utm_0.8.1
SRT_PATH_SCRAMRT=/cvmfs/cms.cern.ch/share/overrides/bin:/afs/cern.ch/work/m/malvesga/ProtonRecon/TEST/CMSSW_11_2_4/bin/slc7_amd64_gcc900:/afs/cern.ch/work/m/malvesga/ProtonRecon/TEST/CMSSW_11_2_4/external/slc7_amd64_gcc900/bin:/cvmfs/cms.cern.ch/slc7_amd64_gcc900/cms/cmssw/CMSSW_11_2_4/bin/slc7_amd64_gcc900:/cvmfs/cms.cern.ch/slc7_amd64_gcc900/cms/cmssw/CMSSW_11_2_4/external/slc7_amd64_gcc900/bin:/cvmfs/cms.cern.ch/slc7_amd64_gcc900/external/llvm/10.0.0-ghbfee4/bin:/cvmfs/cms.cern.ch/slc7_amd64_gcc900/external/gcc/9.3.0/bin
SRT_CMSSW_BASE_SCRAMRTDEL=/afs/cern.ch/work/m/malvesga/ProtonRecon/TEST/CMSSW_11_2_4
SRT_LANG_SCRAMRT=C
SRT_LOCALRT_SCRAMRTDEL=/afs/cern.ch/work/m/malvesga/ProtonRecon/TEST/CMSSW_11_2_4
PWD=/pool/condor/dir_1044
RIVET_ANALYSIS_PATH=/afs/cern.ch/work/m/malvesga/ProtonRecon/TEST/CMSSW_11_2_4/lib/slc7_amd64_gcc900:/cvmfs/cms.cern.ch/slc7_amd64_gcc900/cms/cmssw/CMSSW_11_2_4/lib/slc7_amd64_gcc900:/cvmfs/cms.cern.ch/slc7_amd64_gcc900/external/rivet/3.1.3/lib/Rivet
NUMEXPR_NUM_THREADS=24
SRT_OPAL_PREFIX_SCRAMRTDEL=/cvmfs/cms.cern.ch/slc7_amd64_gcc900/external/openmpi/4.0.5
EDITOR=/bin/nano -w
PYTHON_VALGRIND_SUPP=/cvmfs/cms.cern.ch/slc7_amd64_gcc900/external/python/2.7.15-bcolbf2/share/valgrind/valgrind-python.supp
JOBFEATURES=/tmp/mjf-malvesga/jobfeatures-bigbird13.cern.ch_7716584.8_1671417019
VO_VO_DELPHI_CERN_CH_SW_DIR=/afs/cern.ch/delphi
GCC_RUNTIME_UBSAN=/cvmfs/cms.cern.ch/slc7_amd64_gcc900/external/gcc/9.3.0/lib64/libubsan.so
LANG=C
_CONDOR_WRAPPER_ERROR_FILE=/pool/condor/dir_1044/.job_wrapper_failure
G4PARTICLEXSDATA=/cvmfs/cms.cern.ch/slc7_amd64_gcc900/external/geant4-G4PARTICLEXS/2.1/data/G4PARTICLEXS2.1
_CONDOR_ANCESTOR_39272=1044:1671417081:4114130672
MODULEPATH=/usr/share/Modules/modulefiles:/etc/modulefiles
GUESTFISH_OUTPUT=\e[0m
KDEDIRS=/usr
QT_GRAPHICSSYSTEM=native
LOADEDMODULES=
SRT_G4NEUTRONHPDATA_SCRAMRTDEL=/cvmfs/cms.cern.ch/slc7_amd64_gcc900/external/geant4-G4NDL/4.6/data/G4NDL4.6
SRT_G4INCLDATA_SCRAMRTDEL=/cvmfs/cms.cern.ch/slc7_amd64_gcc900/external/geant4-G4INCL/1.0/data/G4INCL1.0
SRT_SHERPA_SHARE_PATH_SCRAMRTDEL=/cvmfs/cms.cern.ch/slc7_amd64_gcc900/external/sherpa/2.2.10-ljfedo/share/SHERPA-MC
_CONDOR_SLOT=slot1_1
SRT_GCC_RUNTIME_TSAN_SCRAMRTDEL=/cvmfs/cms.cern.ch/slc7_amd64_gcc900/external/gcc/9.3.0/lib64/libtsan.so
CASCADE_PDFPATH=/cvmfs/cms.cern.ch/slc7_amd64_gcc900/external/cascade/2.2.04-ghbfee3/share
SELINUX_LEVEL_REQUESTED=
SRT_ROOT_GCC_TOOLCHAIN_SCRAMRTDEL=/cvmfs/cms.cern.ch/slc7_amd64_gcc900/external/gcc/9.3.0
MYPROXY_SERVER=myproxy.cern.ch
SRT_CASCADE_PDFPATH_SCRAMRTDEL=/cvmfs/cms.cern.ch/slc7_amd64_gcc900/external/cascade/2.2.04-ghbfee3/share
EOS_MGM_URL=root://eoscms.cern.ch
G4SAIDXSDATA=/cvmfs/cms.cern.ch/slc7_amd64_gcc900/external/geant4-G4SAIDDATA/2.0/data/G4SAIDDATA2.0
WORKER_DATA_PATH=/cvmfs/cms.cern.ch/slc7_amd64_gcc900/external/blackhat/0.9.9-ghbfee/share/blackhat/datafiles/
GIT_TEMPLATE_DIR=/cvmfs/cms.cern.ch/slc7_amd64_gcc900/external/git/2.23.0-ghbfee/share/git-core/templates
MLAS_DYNAMIC_CPU_ARCH=0
PYTHON27PATH=/cvmfs/cms.cern.ch/share/overrides/python:/afs/cern.ch/work/m/malvesga/ProtonRecon/TEST/CMSSW_11_2_4/python:/afs/cern.ch/work/m/malvesga/ProtonRecon/TEST/CMSSW_11_2_4/lib/slc7_amd64_gcc900:/cvmfs/cms.cern.ch/slc7_amd64_gcc900/cms/cmssw/CMSSW_11_2_4/python:/cvmfs/cms.cern.ch/slc7_amd64_gcc900/cms/cmssw/CMSSW_11_2_4/lib/slc7_amd64_gcc900:/cvmfs/cms.cern.ch/slc7_amd64_gcc900/cms/coral/CORAL_2_3_21-ghbfee11/slc7_amd64_gcc900/python:/cvmfs/cms.cern.ch/slc7_amd64_gcc900/cms/coral/CORAL_2_3_21-ghbfee11/slc7_amd64_gcc900/lib:/cvmfs/cms.cern.ch/slc7_amd64_gcc900/external/fastjet/3.3.4-ghbfee/lib/python2.7/site-packages:/cvmfs/cms.cern.ch/slc7_amd64_gcc900/cms/cmssw-tool-conf/46.0-ghbfee12/lib/python2.7/site-packages
SRT_CMSSW_FWLITE_INCLUDE_PATH_SCRAMRTDEL=/cvmfs/cms.cern.ch/slc7_amd64_gcc900/external/sherpa/2.2.10-ljfedo/include:/cvmfs/cms.cern.ch/slc7_amd64_gcc900/external/hepmc/2.06.07-bcolbf2/include:/cvmfs/cms.cern.ch/slc7_amd64_gcc900/external/clhep/2.4.1.3-ghbfee/include:/cvmfs/cms.cern.ch/slc7_amd64_gcc900/external/boost/1.72.0-ghbfee4/include
SSH_ASKPASS=/usr/libexec/openssh/gnome-ssh-askpass
SRT_PYTHIA8DATA_SCRAMRTDEL=/cvmfs/cms.cern.ch/slc7_amd64_gcc900/external/pythia8/303/share/Pythia8/xmldoc
SRT_HERWIGPATH_SCRAMRTDEL=/cvmfs/cms.cern.ch/slc7_amd64_gcc900/external/herwigpp/7.2.0-ghbfee13/share/Herwig
HISTCONTROL=ignoredups
GOMAXPROCS=24
ROOTSYS=/cvmfs/cms.cern.ch/slc7_amd64_gcc900/lcg/root/6.22.06/
KRB5CCNAME=FILE:/pool/condor/dir_1044/malvesga.cc
VO_LHCB_SW_DIR=/cvmfs/lhcb.cern.ch
GLEXEC_LOCATION=/usr
TEXINPUTS=:/cvmfs/cms.cern.ch/latex/styles
SRT_PYTHON3PATH_SCRAMRTDEL=/cvmfs/cms.cern.ch/share/overrides/python:/afs/cern.ch/work/m/malvesga/ProtonRecon/TEST/CMSSW_11_2_4/python:/afs/cern.ch/work/m/malvesga/ProtonRecon/TEST/CMSSW_11_2_4/lib/slc7_amd64_gcc900:/cvmfs/cms.cern.ch/slc7_amd64_gcc900/cms/cmssw/CMSSW_11_2_4/python:/cvmfs/cms.cern.ch/slc7_amd64_gcc900/cms/cmssw/CMSSW_11_2_4/lib/slc7_amd64_gcc900:/cvmfs/cms.cern.ch/slc7_amd64_gcc900/cms/cmssw-tool-conf/46.0-ghbfee12/lib/python3.8/site-packages
VO_VO_L3_CERN_CH_DEFAULT_SE=srm-public.cern.ch
VO_ALICE_DEFAULT_SE=srm-alice.cern.ch
GLITE_LOCATION_VAR=/var
HOME=/afs/cern.ch/user/m/malvesga
SHERPA_LIBRARY_PATH=/cvmfs/cms.cern.ch/slc7_amd64_gcc900/external/sherpa/2.2.10-ljfedo/lib/SHERPA-MC
SHLVL=3
SRT_PYTHON_VALGRIND_SUPP_SCRAMRTDEL=/cvmfs/cms.cern.ch/slc7_amd64_gcc900/external/python/2.7.15-bcolbf2/share/valgrind/valgrind-python.supp
MACHINEFEATURES=/etc/machinefeatures
_CONDOR_MACHINE_AD=/pool/condor/dir_1044/.machine.ad
CMSSW_SEARCH_PATH=/afs/cern.ch/work/m/malvesga/ProtonRecon/TEST/CMSSW_11_2_4/poison:/afs/cern.ch/work/m/malvesga/ProtonRecon/TEST/CMSSW_11_2_4/src:/afs/cern.ch/work/m/malvesga/ProtonRecon/TEST/CMSSW_11_2_4/external/slc7_amd64_gcc900/data:/cvmfs/cms.cern.ch/slc7_amd64_gcc900/cms/cmssw/CMSSW_11_2_4/src:/cvmfs/cms.cern.ch/slc7_amd64_gcc900/cms/cmssw/CMSSW_11_2_4/external/slc7_amd64_gcc900/data
OSTYPE=linux
_CONDOR_PID_NS_INIT_STATUS_FILENAME=/pool/condor/dir_1044/.condor_pid_ns_status
G4REALSURFACEDATA=/cvmfs/cms.cern.ch/slc7_amd64_gcc900/external/geant4-G4RealSurface/2.1.1/data/RealSurface2.1.1
GRID_VO_ENV_SET=true
_VIRTUALENVWRAPPER_API= mkvirtualenv rmvirtualenv lsvirtualenv showvirtualenv workon add2virtualenv cdsitepackages cdvirtualenv lssitepackages toggleglobalsitepackages cpvirtualenv setvirtualenvproject mkproject cdproject mktmpenv wipeenv allvirtualenv mkvirtualenv rmvirtualenv lsvirtualenv showvirtualenv workon add2virtualenv cdsitepackages cdvirtualenv lssitepackages toggleglobalsitepackages cpvirtualenv setvirtualenvproject mkproject cdproject mktmpenv wipeenv allvirtualenv
VO_VO_DELPHI_CERN_CH_DEFAULT_SE=srm-public.cern.ch
SRT_GENREFLEX_SCRAMRTDEL=/cvmfs/cms.cern.ch/slc7_amd64_gcc900/lcg/root/6.22.06/bin/genreflex
GENREFLEX=/cvmfs/cms.cern.ch/slc7_amd64_gcc900/lcg/root/6.22.06/bin/genreflex
SRT_G4LEDATA_SCRAMRTDEL=/cvmfs/cms.cern.ch/slc7_amd64_gcc900/external/geant4-G4EMLOW/7.9.1/data/G4EMLOW7.9.1
GOSAMCONTRIB_PATH=/cvmfs/cms.cern.ch/slc7_amd64_gcc900/external/gosamcontrib/2.0-20150803-bcolbf2
SRT_GOSAMCONTRIB_PATH_SCRAMRTDEL=/cvmfs/cms.cern.ch/slc7_amd64_gcc900/external/gosamcontrib/2.0-20150803-bcolbf2
ROOT_TTREECACHE_PREFILL=0
SRT_EVTGENDATA_SCRAMRTDEL=/cvmfs/cms.cern.ch/slc7_amd64_gcc900/external/evtgen/1.6.0-ghbfee3/share
SRT_ROOT_TTREECACHE_SIZE_SCRAMRTDEL=0
GLITE_ENV_SET=TRUE
VENDOR=unknown
SRT_CMSSW_DATA_PATH_SCRAMRTDEL=/cvmfs/cms.cern.ch/slc7_amd64_gcc900/cms
VO_ILC_SW_DIR=/cvmfs/ilc.desy.de
LCG_GFAL_INFOSYS=lcg-bdii.cern.ch:2170
HEPPDT_PARAM_PATH=/cvmfs/cms.cern.ch/slc7_amd64_gcc900/external/heppdt/3.03.00-ghbfee2
LOGNAME=malvesga
MACHTYPE=x86_64
TMP=/tmp
QTLIB=/usr/lib64/qt-3.3/lib
PYTHON3PATH=/cvmfs/cms.cern.ch/share/overrides/python:/afs/cern.ch/work/m/malvesga/ProtonRecon/TEST/CMSSW_11_2_4/python:/afs/cern.ch/work/m/malvesga/ProtonRecon/TEST/CMSSW_11_2_4/lib/slc7_amd64_gcc900:/cvmfs/cms.cern.ch/slc7_amd64_gcc900/cms/cmssw/CMSSW_11_2_4/python:/cvmfs/cms.cern.ch/slc7_amd64_gcc900/cms/cmssw/CMSSW_11_2_4/lib/slc7_amd64_gcc900:/cvmfs/cms.cern.ch/slc7_amd64_gcc900/cms/cmssw-tool-conf/46.0-ghbfee12/lib/python3.8/site-packages:/afs/cern.ch/work/m/malvesga/ProtonRecon/TEST/CMSSW_11_2_4/src/workspace/pps-ww-analysis-notebook
SCONS_LIB_DIR=/cvmfs/cms.cern.ch/slc7_amd64_gcc900/external/scons/3.0.1-bcolbf2/lib
CVS_RSH=ssh
VO_UNOSAT_SW_DIR=/afs/cern.ch/project/gd/apps/unosat
SSH_CONNECTION=2804:d41:c905:1100:75bb:b2d7:42ae:b798 52065 2001:1458:d00:64::100:2eb 22
XDG_DATA_DIRS=/afs/cern.ch/user/m/malvesga/.local/share/flatpak/exports/share:/var/lib/flatpak/exports/share:/usr/local/share:/usr/share
MODULESHOME=/usr/share/Modules
COMPILER_PATH=/cvmfs/cms.cern.ch/slc7_amd64_gcc900/external/gcc/9.3.0
SRT_SHERPA_LIBRARY_PATH_SCRAMRTDEL=/cvmfs/cms.cern.ch/slc7_amd64_gcc900/external/sherpa/2.2.10-ljfedo/lib/SHERPA-MC
LESSOPEN=||/usr/bin/lesspipe.sh %s
FRONTIER_CLIENT=/cvmfs/cms.cern.ch/slc7_amd64_gcc900/external/frontier_client/2.9.1-ghbfee/
OMP_NUM_THREADS=24
VO_NA48_DEFAULT_SE=srm-public.cern.ch
_CONDOR_JOB_AD=/pool/condor/dir_1044/.job.ad
CLHEP_PARAM_PATH=/cvmfs/cms.cern.ch/slc7_amd64_gcc900/external/clhep/2.4.1.3-ghbfee
SRT_COMPILER_PATH_SCRAMRTDEL=/cvmfs/cms.cern.ch/slc7_amd64_gcc900/external/gcc/9.3.0
PYTHIA8DATA=/cvmfs/cms.cern.ch/slc7_amd64_gcc900/external/pythia8/303/share/Pythia8/xmldoc
SRT_FRONTIER_CLIENT_SCRAMRTDEL=/cvmfs/cms.cern.ch/slc7_amd64_gcc900/external/frontier_client/2.9.1-ghbfee/
SRT_CSC_TRACK_FINDER_DATA_DIR_SCRAMRTDEL=/cvmfs/cms.cern.ch/slc7_amd64_gcc900/cms/CSCTrackFinderEmulation/1.2-bcolbf/data/
SRT_RIVET_DATA_PATH_SCRAMRTDEL=/cvmfs/cms.cern.ch/slc7_amd64_gcc900/external/rivet/3.1.3/share/Rivet
HERWIGPATH=/cvmfs/cms.cern.ch/slc7_amd64_gcc900/external/herwigpp/7.2.0-ghbfee13/share/Herwig
VO_GEANT4_SW_DIR=/afs/cern.ch/project/gd/apps/geant4
VO_ATLAS_SW_DIR=/cvmfs/atlas.cern.ch/repo/sw
SRT_LD_LIBRARY_PATH_SCRAMRTDEL=/afs/cern.ch/work/m/malvesga/ProtonRecon/TEST/CMSSW_11_2_4/biglib/slc7_amd64_gcc900:/afs/cern.ch/work/m/malvesga/ProtonRecon/TEST/CMSSW_11_2_4/lib/slc7_amd64_gcc900:/afs/cern.ch/work/m/malvesga/ProtonRecon/TEST/CMSSW_11_2_4/external/slc7_amd64_gcc900/lib:/cvmfs/cms.cern.ch/slc7_amd64_gcc900/cms/cmssw/CMSSW_11_2_4/biglib/slc7_amd64_gcc900:/cvmfs/cms.cern.ch/slc7_amd64_gcc900/cms/cmssw/CMSSW_11_2_4/lib/slc7_amd64_gcc900:/cvmfs/cms.cern.ch/slc7_amd64_gcc900/cms/cmssw/CMSSW_11_2_4/external/slc7_amd64_gcc900/lib:/cvmfs/cms.cern.ch/slc7_amd64_gcc900/external/llvm/10.0.0-ghbfee4/lib64:/cvmfs/cms.cern.ch/slc7_amd64_gcc900/external/gcc/9.3.0/lib64:/cvmfs/cms.cern.ch/slc7_amd64_gcc900/external/gcc/9.3.0/lib:/cvmfs/cms.cern.ch/slc7_amd64_gcc900/external/cuda/11.1.1/drivers
GCC_RUNTIME_ASAN=/cvmfs/cms.cern.ch/slc7_amd64_gcc900/external/gcc/9.3.0/lib64/libasan.so
DISPLAY=localhost:11.0
XDG_RUNTIME_DIR=/run/user/109700
SRT_ROOT_PATH_SCRAMRTDEL=/cvmfs/cms.cern.ch/slc7_amd64_gcc900/external/madgraph5amcatnlo/2.6.0-ghbfee12:/cvmfs/cms.cern.ch/slc7_amd64_gcc900/external/gosamcontrib/2.0-20150803-bcolbf2
GLITE_LOCATION=/usr
SRT_OPENBLAS_NUM_THREADS_SCRAMRTDEL=1
SRT_MLAS_DYNAMIC_CPU_ARCH_SCRAMRTDEL=0
QT_PLUGIN_PATH=/usr/lib64/kde4/plugins:/usr/lib/kde4/plugins
SRT_G4SAIDXSDATA_SCRAMRTDEL=/cvmfs/cms.cern.ch/slc7_amd64_gcc900/external/geant4-G4SAIDDATA/2.0/data/G4SAIDDATA2.0
TEXMFHOME=/cvmfs/cms.cern.ch/slc7_amd64_gcc900/external/rivet/3.1.3/share/Rivet/texmf
OMP_THREAD_LIMIT=24
SRT_GIT_TEMPLATE_DIR_SCRAMRTDEL=/cvmfs/cms.cern.ch/slc7_amd64_gcc900/external/git/2.23.0-ghbfee/share/git-core/templates
CMSSW_VERSION=CMSSW_11_2_4
SRT_GCC_RUNTIME_UBSAN_SCRAMRTDEL=/cvmfs/cms.cern.ch/slc7_amd64_gcc900/external/gcc/9.3.0/lib64/libubsan.so
SITE_NAME=CERN-PROD
_CONDOR_JOB_IWD=/pool/condor/dir_1044
GUESTFISH_RESTORE=\e[0m
SHERPA_SHARE_PATH=/cvmfs/cms.cern.ch/slc7_amd64_gcc900/external/sherpa/2.2.10-ljfedo/share/SHERPA-MC
G4INCLDATA=/cvmfs/cms.cern.ch/slc7_amd64_gcc900/external/geant4-G4INCL/1.0/data/G4INCL1.0
SRM_PATH=/opt/d-cache/srm
GIT_EXEC_PATH=/cvmfs/cms.cern.ch/slc7_amd64_gcc900/external/git/2.23.0-ghbfee/libexec/git-core
SRT_G4REALSURFACEDATA_SCRAMRTDEL=/cvmfs/cms.cern.ch/slc7_amd64_gcc900/external/geant4-G4RealSurface/2.1.1/data/RealSurface2.1.1
CMS_OPENLOOPS_PREFIX=/cvmfs/cms.cern.ch/slc7_amd64_gcc900/external/openloops/2.1.1-gchjei
CMSSW_BASE=/afs/cern.ch/work/m/malvesga/ProtonRecon/TEST/CMSSW_11_2_4
LOCALRT=/afs/cern.ch/work/m/malvesga/ProtonRecon/TEST/CMSSW_11_2_4
SRT_SCRAM_CXX11_ABI_SCRAMRTDEL=1
SRT_VALGRIND_LIB_SCRAMRTDEL=/cvmfs/cms.cern.ch/slc7_amd64_gcc900/external/valgrind/3.15.0-bcolbf2/lib/valgrind
BASH_FUNC_cmsrel()=() {  scramv1 project CMSSW $@
}
BASH_FUNC_cmsenv()=() {  eval `scramv1 runtime -sh`
}
Running...
python3 /afs/cern.ch/work/m/malvesga/ProtonRecon/TEST/CMSSW_11_2_4/src/workspace/pps-ww-analysis-notebook/process_data_random_protons.py --period=2018D-6
{'muon': {'2017B': 4.799881474, '2017C1': 5.785813941, '2017C2': 3.786684323, '2017D': 4.247682053, '2017E': 9.312832062, '2017F1': 1.738905587, '2017F2': 8.125575961, '2017F3': 3.674404546}, 'electron': {'2017B': 4.594096155565198, '2017C1': 5.521298099245362, '2017C2': 3.6135646891210857, '2017D': 4.0518639103567, '2017E': 8.906848461089172, '2017F1': 1.6584516422062712, '2017F2': 7.749629938012412, '2017F3': 3.504400870870218}}
Luminosity 2017 muon: 41.471779946999995
Luminosity 2017 electron: 39.60015376646642
{'muon': {'2018A': 14.025827145867588, '2018B1': 6.620869367493728, '2018B2': 0.430376623828928, '2018C': 6.891684998276784, '2018D1': 20.939902986506983, '2018D2': 10.856932131702669}, 'electron': {'2018A': 13.088399561509418, '2018B1': 6.629521091507798, '2018B2': 0.430939012174748, '2018C': 6.8915954055654725, '2018D1': 20.94983928140255, '2018D2': 10.862083907209522}}
Luminosity 2018 muon: 59.76559325367668
Luminosity 2018 electron: 58.85237825936951
Namespace(period='2018D-6', runMax=None, runMin=None)
Period: 2018D-6
data-random-resample_50-2018-muon
['data-random-resample_50-2018-muon-2018D-6']
{'data-random-resample_50-2018-muon-2018D-6': ['/eos/home-m/malvesga/SWAN_projects/Antonio_UL/output/output-data-random-resample_50-2018-muon-2018D-1000000.h5']}
2022/12/19 03:31:39
data-store-data-random-resample_50-2018-muon-2018D-6.h5
/eos/home-m/malvesga/SWAN_projects/Antonio_UL/output/output-data-random-resample_50-2018-muon-2018D-1000000.h5
['columns_ppstracks', 'columns_protons_multiRP', 'columns_protons_singleRP', 'event_counts', 'ppstracks', 'protons_multiRP', 'protons_singleRP', 'selections']
(8590900, 68)
[[ 3.2243100e+05  4.5800000e+02  7.8493779e+08 ...  4.7470703e+00
   0.0000000e+00  1.2300000e+02]
 [ 3.2243100e+05  4.5800000e+02  7.8616173e+08 ...  3.2812500e+00
   0.0000000e+00  1.2300000e+02]
 [ 3.2243100e+05  4.5800000e+02  7.8616173e+08 ...  2.7058105e+00
   0.0000000e+00  1.2300000e+02]
 ...
 [ 3.2517000e+05  6.3800000e+02  1.1753580e+09 ... -1.7662354e+00
   0.0000000e+00  1.2300000e+02]
 [ 3.2517000e+05  6.3800000e+02  1.1754963e+09 ...  4.0034180e+00
   0.0000000e+00  1.2300000e+02]
 [ 3.2517000e+05  6.4600000e+02  1.1890317e+09 ...  1.4399414e+00
   0.0000000e+00  2.3000000e+01]]
(22977650, 64)
[[3.2243100e+05 4.5800000e+02 7.8493779e+08 ... 6.3378906e-01
  0.0000000e+00 3.0000000e+00]
 [3.2243100e+05 4.5800000e+02 7.8493779e+08 ... 4.6665039e+00
  0.0000000e+00 1.0300000e+02]
 [3.2243100e+05 4.5800000e+02 7.8493779e+08 ... 4.7470703e+00
  0.0000000e+00 1.2300000e+02]
 ...
 [3.2517000e+05 6.3800000e+02 1.1754963e+09 ... 4.0034180e+00
  0.0000000e+00 1.2300000e+02]
 [3.2517000e+05 6.4600000e+02 1.1890317e+09 ... 1.5135498e+00
  0.0000000e+00 3.0000000e+00]
 [3.2517000e+05 6.4600000e+02 1.1890317e+09 ... 1.4399414e+00
  0.0000000e+00 2.3000000e+01]]
(30753600, 14)
[[3.2243100e+05 4.5800000e+02 7.8493779e+08 ... 2.7648851e+08
  1.3700000e+02 3.0000001e-01]
 [3.2243100e+05 4.5800000e+02 7.8493779e+08 ... 2.7648851e+08
  1.3700000e+02 3.0000001e-01]
 [3.2243100e+05 4.5800000e+02 7.8493779e+08 ... 2.7648851e+08
  1.3700000e+02 3.0000001e-01]
 ...
 [3.2517000e+05 6.4600000e+02 1.1890317e+09 ... 1.7266692e+09
  1.3300000e+02 3.0000001e-01]
 [3.2517000e+05 6.4600000e+02 1.1890317e+09 ... 1.7266692e+09
  1.3300000e+02 3.0000001e-01]
 [3.2517000e+05 6.4600000e+02 1.1890317e+09 ... 1.7266692e+09
  1.3300000e+02 3.0000001e-01]]
(68,)
['run', 'lumiblock', 'event', 'slice', 'crossingAngle', 'betaStar', 'instLumi', 'xi', 'thx', 'thy', 't', 'ismultirp', 'rpid', 'arm', 'random', 'jet0_pt', 'jet0_eta', 'jet0_phi', 'jet0_energy', 'jet0_mass', 'jet0_corrmass', 'jet0_tau1', 'jet0_tau2', 'jet0_vertexz', 'jet0_px', 'jet0_py', 'jet0_pz', 'calo_met', 'met', 'met_x', 'met_y', 'met_phi', 'nVertices', 'num_bjets_ak8', 'num_bjets_ak4', 'num_jets_ak4', 'pfcand_nextracks', 'pfcand_nextracks_noDRl', 'recoMWhad', 'recoMWlep', 'recoMWW', 'recoRapidityWW', 'dphiWW', 'WLeptonicPt', 'WLeptonicEta', 'WLeptonicPhi', 'muon0_pt', 'muon0_eta', 'muon0_phi', 'muon0_energy', 'muon0_charge', 'muon0_iso', 'muon0_dxy', 'muon0_dz', 'muon0_trackerLayersWithMeasurement', 'run_rnd', 'lumiblock_rnd', 'event_rnd', 'crossingAngle_rnd', 'betaStar_rnd', 'trackx1', 'tracky1', 'trackpixshift1', 'rpid1', 'trackx2', 'tracky2', 'trackpixshift2', 'rpid2']
(64,)
['run', 'lumiblock', 'event', 'slice', 'crossingAngle', 'betaStar', 'instLumi', 'xi', 'thx', 'thy', 't', 'ismultirp', 'rpid', 'arm', 'random', 'jet0_pt', 'jet0_eta', 'jet0_phi', 'jet0_energy', 'jet0_mass', 'jet0_corrmass', 'jet0_tau1', 'jet0_tau2', 'jet0_vertexz', 'jet0_px', 'jet0_py', 'jet0_pz', 'calo_met', 'met', 'met_x', 'met_y', 'met_phi', 'nVertices', 'num_bjets_ak8', 'num_bjets_ak4', 'num_jets_ak4', 'pfcand_nextracks', 'pfcand_nextracks_noDRl', 'recoMWhad', 'recoMWlep', 'recoMWW', 'recoRapidityWW', 'dphiWW', 'WLeptonicPt', 'WLeptonicEta', 'WLeptonicPhi', 'muon0_pt', 'muon0_eta', 'muon0_phi', 'muon0_energy', 'muon0_charge', 'muon0_iso', 'muon0_dxy', 'muon0_dz', 'muon0_trackerLayersWithMeasurement', 'run_rnd', 'lumiblock_rnd', 'event_rnd', 'crossingAngle_rnd', 'betaStar_rnd', 'trackx1', 'tracky1', 'trackpixshift1', 'rpid1']
(14,)
['run', 'lumiblock', 'event', 'slice', 'crossingAngle', 'betaStar', 'x', 'y', 'rpid', 'run_rnd', 'lumiblock_rnd', 'event_rnd', 'crossingAngle_rnd', 'betaStar_rnd']
['All', 'Jet', 'Muon', 'ProtonRnd_check_none', 'ProtonRnd']
All                     7560550
Jet                     7560550
Muon                    7317900
ProtonRnd_check_none    7317900
ProtonRnd               4807300
dtype: int64
[0, 1000000, 2000000, 3000000, 4000000, 5000000, 6000000, 7000000, 8000000]
[1000000, 2000000, 3000000, 4000000, 5000000, 6000000, 7000000, 8000000, 8590900]
0 1000000
      run  lumiblock      event  ...   tracky2  trackpixshift2  rpid2
0  322431        458  784937792  ...  4.747070               0    123
1  322431        458  786161728  ...  3.281250               0    123
2  322431        458  786161728  ...  2.705811               0    123
3  322431        308  538398912  ... -1.141235               0    123
4  322431        308  537549696  ...  0.821960               0    123

[5 rows x 68 columns]
Data set size: 1000000
1000000 2000000
      run  lumiblock       event  ...   tracky2  trackpixshift2  rpid2
0  322492        751  1293808640  ...  1.803223               0     23
1  322492        751  1293731712  ...  1.378662               0     23
2  322492        751  1293731712  ... -0.354279               0     23
3  322492        752  1296584832  ... -0.888123               0    123
4  322492        752  1295631744  ...  4.080566               0     23

[5 rows x 68 columns]
Data set size: 1000000
2000000 3000000
      run  lumiblock      event  ...   tracky2  trackpixshift2  rpid2
0  323471        184  372739968  ...  4.166992               0    123
1  323471        184  371085408  ...  3.353516               0     23
2  323471        184  371085408  ...  3.045898               0    123
3  323471        184  371085408  ... -2.784912               0    123
4  323471        184  371085408  ... -1.305786               0    123

[5 rows x 68 columns]
Data set size: 1000000
3000000 4000000
      run  lumiblock      event  ...   tracky2  trackpixshift2  rpid2
0  323755        375  645093184  ...  0.835327               0     23
1  323755        375  645093184  ... -1.491333               0     23
2  323755        375  645093184  ...  1.721924               0    123
3  323755        375  645093184  ...  3.610840               0    123
4  323755        375  645093184  ...  2.221924               0    123

[5 rows x 68 columns]
Data set size: 1000000
4000000 5000000
      run  lumiblock       event  ...   tracky2  trackpixshift2  rpid2
0  323940       1503  2777878784  ...  1.895508               0     23
1  323940       1503  2777878784  ...  2.056885               0     23
2  323940       1503  2777878784  ... -1.099487               0    123
3  323940       1503  2777878784  ...  1.435425               0    123
4  323940       1503  2777878784  ... -4.136719               0    123

[5 rows x 68 columns]
Data set size: 1000000
5000000 6000000
      run  lumiblock      event  ...   tracky2  trackpixshift2  rpid2
0  324747        398  666770624  ...  0.466461               0     23
1  324747        398  666727552  ...  3.091797               0    123
2  324747        398  666690624  ... -2.519043               0    123
3  324747        398  668138368  ...  1.182739               0    123
4  324747        398  668552448  ... -1.529541               0     23

[5 rows x 68 columns]
Data set size: 1000000
6000000 7000000
      run  lumiblock     event  ...   tracky2  trackpixshift2  rpid2
0  324785        118  78391744  ...  1.195923               0     23
1  324785        119  79005288  ...  1.729858               0     23
2  324785        119  79005288  ...  1.047363               0    123
3  324785        119  79300664  ... -0.267670               0    123
4  324785        119  79300664  ... -0.455444               0    123

[5 rows x 68 columns]
Data set size: 1000000
7000000 8000000
      run  lumiblock       event  ...   tracky2  trackpixshift2  rpid2
0  324980       1250  2301058304  ...  1.699463               0    123
1  324980       1250  2301058304  ...  3.456299               0    123
2  324980       1250  2301720576  ...  3.508301               0     23
3  324980       1251  2304157440  ...  1.168335               0     23
4  324980       1251  2303250432  ...  1.150635               0     23

[5 rows x 68 columns]
Data set size: 1000000
8000000 8590900
      run  lumiblock      event  ...   tracky2  trackpixshift2  rpid2
0  325159        177  249830816  ...  3.702148               0     23
1  325159        177  249830816  ...  3.992676               0    123
2  325159        177  249830816  ...  3.489746               0    123
3  325159        177  249830816  ...  1.970947               0    123
4  325159        177  249830816  ... -1.336060               0    123

[5 rows x 68 columns]
Data set size: 590900
[0, 1000000, 2000000, 3000000, 4000000, 5000000, 6000000, 7000000, 8000000, 9000000, 10000000, 11000000, 12000000, 13000000, 14000000, 15000000, 16000000, 17000000, 18000000, 19000000, 20000000, 21000000, 22000000]
[1000000, 2000000, 3000000, 4000000, 5000000, 6000000, 7000000, 8000000, 9000000, 10000000, 11000000, 12000000, 13000000, 14000000, 15000000, 16000000, 17000000, 18000000, 19000000, 20000000, 21000000, 22000000, 22977650]
0 1000000
      run  lumiblock      event  ...   tracky1  trackpixshift1  rpid1
0  322431        458  784937792  ...  0.633789               0      3
1  322431        458  784937792  ...  4.666504               0    103
2  322431        458  784937792  ...  4.747070               0    123
3  322431        458  786161728  ...  4.703613               0      3
4  322431        458  786161728  ...  3.276611               0    103

[5 rows x 64 columns]
Data set size: 1000000
1000000 2000000
      run  lumiblock       event  ...   tracky1  trackpixshift1  rpid1
0  322492       1329  2306896896  ...  0.634583               0    123
1  322492       1329  2308100864  ...  3.548828               0      3
2  322492       1329  2308100864  ...  0.518127               0     23
3  322492       1329  2308100864  ...  3.548340               0     23
4  322492       1329  2308181504  ...  0.490723               0      3

[5 rows x 64 columns]
Data set size: 1000000
2000000 3000000
      run  lumiblock       event  ...   tracky1  trackpixshift1  rpid1
0  322625       1003  1761963520  ...  1.867676               0      3
1  322625       1003  1761963520  ...  6.179199               0      3
2  322625       1003  1761963520  ...  1.808594               0     23
3  322625       1003  1761963520  ...  0.306183               0    103
4  322625       1003  1761963520  ...  4.703125               0    103

[5 rows x 64 columns]
Data set size: 1000000
3000000 4000000
      run  lumiblock       event  ...   tracky1  trackpixshift1  rpid1
0  322492        937  1652577536  ...  0.204773               0      3
1  322492        937  1652577536  ...  0.764526               0     23
2  322492        937  1652577536  ... -1.003174               0     23
3  322492        937  1652577536  ... -0.094872               0     23
4  322492        937  1652577536  ...  0.991760               0     23

[5 rows x 64 columns]
Data set size: 1000000
4000000 5000000
      run  lumiblock      event  ...   tracky1  trackpixshift1  rpid1
0  323702        169  274297472  ...  1.394531               0      3
1  323702        169  274297472  ...  0.577209               0      3
2  323702        169  274297472  ...  1.513306               0     23
3  323702        169  274297472  ...  0.395660               0     23
4  323702        169  274297472  ...  3.555908               0    103

[5 rows x 64 columns]
Data set size: 1000000
5000000 6000000
      run  lumiblock     event  ...   tracky1  trackpixshift1  rpid1
0  323524         47  83779992  ...  4.122070               0    123
1  323524         47  83779992  ...  2.010254               0    123
2  323524         47  84342088  ...  1.136963               0      3
3  323524         47  84342088  ...  1.177979               0     23
4  323524         47  84342088  ...  2.414795               0    103

[5 rows x 64 columns]
Data set size: 1000000
6000000 7000000
      run  lumiblock      event  ...   tracky1  trackpixshift1  rpid1
0  323471        206  414556480  ...  0.114746               0      3
1  323471        206  414556480  ... -0.098129               0     23
2  323471        206  414556480  ...  0.057529               0    103
3  323471        206  414556480  ... -0.143936               0    123
4  323471        206  414334752  ...  1.933960               0    103

[5 rows x 64 columns]
Data set size: 1000000
7000000 8000000
      run  lumiblock       event  ...   tracky1  trackpixshift1  rpid1
0  323702        708  1215553408  ...  1.026001               0      3
1  323702        708  1215553408  ... -0.861145               0      3
2  323702        708  1215553408  ...  0.789673               0     23
3  323702        708  1215553408  ... -1.156250               0     23
4  323702        708  1215553408  ...  2.396973               0    103

[5 rows x 64 columns]
Data set size: 1000000
8000000 9000000
      run  lumiblock     event  ...   tracky1  trackpixshift1  rpid1
0  323790         77  64532164  ...  2.053955               0    103
1  323790         77  64532164  ... -0.600464               0    123
2  323790         77  64532164  ...  2.066162               0    123
3  323790         77  63800396  ...  1.133911               0      3
4  323790         77  63800396  ...  1.111450               0     23

[5 rows x 64 columns]
Data set size: 1000000
9000000 10000000
      run  lumiblock      event  ...   tracky1  trackpixshift1  rpid1
0  323755        241  385609600  ...  2.228027               0    103
1  323755        241  385609600  ...  3.052246               0    123
2  323755        241  385609600  ...  1.039917               0    123
3  323755        241  385609600  ...  2.164551               0    123
4  323755        242  386260480  ...  0.463837               0      3

[5 rows x 64 columns]
Data set size: 1000000
10000000 11000000
      run  lumiblock       event  ...   tracky1  trackpixshift1  rpid1
0  324201       1330  2503103232  ...  1.904541               0      3
1  324201       1330  2503103232  ...  0.566895               0     23
2  324201       1330  2503103232  ...  2.196045               0     23
3  324201       1330  2503103232  ...  1.796631               0     23
4  324201       1330  2503103232  ...  5.265625               0    103

[5 rows x 64 columns]
Data set size: 1000000
11000000 12000000
      run  lumiblock     event  ...   tracky1  trackpixshift1  rpid1
0  324245         37  33702784  ...  4.950684               0    103
1  324245         37  33702784  ...  0.095833               0    123
2  324245         38  35057352  ...  0.161942               0      3
3  324245         38  35057352  ...  0.213562               0      3
4  324245         38  35057352  ...  5.167480               0      3

[5 rows x 64 columns]
Data set size: 1000000
12000000 13000000
      run  lumiblock      event  ...   tracky1  trackpixshift1  rpid1
0  324245        277  506692128  ...  1.590088               0    123
1  324245        277  506692128  ... -3.931885               0    123
2  324245        277  506692128  ...  2.425049               0    123
3  324245        277  506692128  ...  4.365234               0    123
4  324245        277  505505856  ...  2.498535               0      3

[5 rows x 64 columns]
Data set size: 1000000
13000000 14000000
      run  lumiblock     event  ...   tracky1  trackpixshift1  rpid1
0  324764         32  54273724  ...  3.922119               0    103
1  324764         32  54273724  ...  0.497070               0    123
2  324764         32  54273724  ...  4.059082               0    123
3  324764         32  53862824  ... -0.336121               0     23
4  324764         32  53862824  ... -0.945740               0     23

[5 rows x 64 columns]
Data set size: 1000000
14000000 15000000
      run  lumiblock       event  ...   tracky1  trackpixshift1  rpid1
0  324293       2227  3858855168  ... -4.667480               0     23
1  324293       2230  3862079744  ...  2.294678               0    103
2  324293       2230  3862079744  ...  2.352295               0    123
3  324293       2230  3861835008  ...  1.483276               0      3
4  324293       2230  3861835008  ... -4.028809               0      3

[5 rows x 64 columns]
Data set size: 1000000
15000000 16000000
      run  lumiblock     event  ...   tracky1  trackpixshift1  rpid1
0  324769         11  16634090  ...  0.773865               0      3
1  324769         11  16634090  ...  6.138184               0      3
2  324769         11  16634090  ...  0.597778               0     23
3  324769         11  16393964  ...  5.904785               0      3
4  324769         11  16393964  ...  1.530762               0      3

[5 rows x 64 columns]
Data set size: 1000000
16000000 17000000
      run  lumiblock       event  ...   tracky1  trackpixshift1  rpid1
0  324970        570  1049197632  ...  4.769043               0    123
1  324970        570  1049197632  ...  4.366211               0    123
2  324970        570  1049884224  ...  1.035767               0    103
3  324970        570  1049884224  ...  3.648193               0    103
4  324970        570  1049884224  ...  3.571289               0    103

[5 rows x 64 columns]
Data set size: 1000000
17000000 18000000
      run  lumiblock      event  ...   tracky1  trackpixshift1  rpid1
0  324897         91  120421472  ...  0.539429               0    103
1  324897         91  120421472  ...  1.025879               0    123
2  324897         91  120421472  ...  0.367920               0    123
3  324897         91  121047752  ... -5.056641               0      3
4  324897         91  121047752  ...  3.198730               0      3

[5 rows x 64 columns]
Data set size: 1000000
18000000 19000000
      run  lumiblock      event  ...   tracky1  trackpixshift1  rpid1
0  324841        431  800824640  ...  2.439697               0    103
1  324841        431  800824640  ...  2.006592               0    103
2  324841        431  800824640  ...  1.274536               0    123
3  324841        431  800824640  ...  2.335205               0    123
4  324841        431  800824640  ...  1.956787               0    123

[5 rows x 64 columns]
Data set size: 1000000
19000000 20000000
      run  lumiblock       event  ...   tracky1  trackpixshift1  rpid1
0  325022        792  1235637632  ...  4.676270               0    123
1  325022        792  1235637632  ...  0.462860               0    123
2  325022        792  1235772800  ...  2.812988               0      3
3  325022        792  1235772800  ...  0.174133               0      3
4  325022        792  1235772800  ...  2.853516               0     23

[5 rows x 64 columns]
Data set size: 1000000
20000000 21000000
      run  lumiblock      event  ...   tracky1  trackpixshift1  rpid1
0  325001        431  780603648  ...  5.338867               0      3
1  325001        431  780603648  ...  1.060547               0     23
2  325001        431  780982720  ...  1.293945               0      3
3  325001        431  780982720  ...  5.753906               0      3
4  325001        431  780982720  ...  1.196655               0     23

[5 rows x 64 columns]
Data set size: 1000000
21000000 22000000
      run  lumiblock       event  ...   tracky1  trackpixshift1  rpid1
0  324980       1798  3289591552  ...  3.552979               0     23
1  324980       1798  3289591552  ...  1.192505               0     23
2  324980       1798  3289591552  ...  1.800659               0    103
3  324980       1798  3289591552  ...  1.791992               0    123
4  324980       1798  3290649088  ...  0.744629               0    103

[5 rows x 64 columns]
Data set size: 1000000
22000000 22977650
      run  lumiblock      event  ...   tracky1  trackpixshift1  rpid1
0  325159        228  351295328  ...  0.891541               0      3
1  325159        228  351295328  ...  0.647095               0     23
2  325159        228  351295328  ...  1.686523               0    103
3  325159        228  351295328  ...  2.585449               0    103
4  325159        228  351295328  ...  1.649048               0    123

[5 rows x 64 columns]
Data set size: 977650
[0, 1000000, 2000000, 3000000, 4000000, 5000000, 6000000, 7000000, 8000000, 9000000, 10000000, 11000000, 12000000, 13000000, 14000000, 15000000, 16000000, 17000000, 18000000, 19000000, 20000000, 21000000, 22000000, 23000000, 24000000, 25000000, 26000000, 27000000, 28000000, 29000000, 30000000]
[1000000, 2000000, 3000000, 4000000, 5000000, 6000000, 7000000, 8000000, 9000000, 10000000, 11000000, 12000000, 13000000, 14000000, 15000000, 16000000, 17000000, 18000000, 19000000, 20000000, 21000000, 22000000, 23000000, 24000000, 25000000, 26000000, 27000000, 28000000, 29000000, 30000000, 30753600]
0 1000000
      run  lumiblock      event  ...  event_rnd  crossingAngle_rnd  betaStar_rnd
0  322431        458  784937792  ...  276488512              137.0           0.3
1  322431        458  784937792  ...  276488512              137.0           0.3
2  322431        458  784937792  ...  276488512              137.0           0.3
3  322431        458  786161728  ...   79172320              149.0           0.3
4  322431        458  786161728  ...   79172320              149.0           0.3

[5 rows x 14 columns]
Data set size: 1000000
1000000 2000000
      run  lumiblock      event  ...   event_rnd  crossingAngle_rnd  betaStar_rnd
0  322492        159  276340352  ...  2028344704              135.0          0.30
1  322492        159  276340352  ...  2028344704              135.0          0.30
2  322492        159  276340352  ...  2028344704              135.0          0.30
3  322492        159  274887296  ...  1627584896              130.0          0.27
4  322492        159  274887296  ...  1627584896              130.0          0.27

[5 rows x 14 columns]
Data set size: 1000000
2000000 3000000
      run  lumiblock     event  ...  event_rnd  crossingAngle_rnd  betaStar_rnd
0  323470         58  71900992  ...  169811968              148.0           0.3
1  323470         58  71900992  ...  169811968              148.0           0.3
2  323470         58  71900992  ...  169811968              148.0           0.3
3  323470         58  71900992  ...  169811968              148.0           0.3
4  323470         58  71900992  ...  169811968              148.0           0.3

[5 rows x 14 columns]
Data set size: 1000000
3000000 4000000
      run  lumiblock      event  ...  event_rnd  crossingAngle_rnd  betaStar_rnd
0  322599        218  348124544  ...  289540992              156.0           0.3
1  322599        218  348124544  ...  289540992              156.0           0.3
2  322599        218  348124544  ...  289540992              156.0           0.3
3  322599        218  348093920  ...  334371488              142.0           0.3
4  322599        218  348093920  ...  334371488              142.0           0.3

[5 rows x 14 columns]
Data set size: 1000000
4000000 5000000
      run  lumiblock      event  ...  event_rnd  crossingAngle_rnd  betaStar_rnd
0  322605        224  430641248  ...  106089288              159.0           0.3
1  322605        224  430641248  ...  106089288              159.0           0.3
2  322605        224  430641248  ...  106089288              159.0           0.3
3  322605        224  430641248  ...  106089288              159.0           0.3
4  322605        224  430641248  ...  106089288              159.0           0.3

[5 rows x 14 columns]
Data set size: 1000000
5000000 6000000
      run  lumiblock      event  ...  event_rnd  crossingAngle_rnd  betaStar_rnd
0  323488        242  449754048  ...  384497312              146.0           0.3
1  323488        242  449754048  ...  384497312              146.0           0.3
2  323488        242  449754048  ...  384497312              146.0           0.3
3  323488        242  449754048  ...  384497312              146.0           0.3
4  323488        242  449754048  ...  384497312              146.0           0.3

[5 rows x 14 columns]
Data set size: 1000000
6000000 7000000
      run  lumiblock      event  ...  event_rnd  crossingAngle_rnd  betaStar_rnd
0  323470        225  403135552  ...  286612928              131.0           0.3
1  323470        225  403135552  ...  286612928              131.0           0.3
2  323470        225  403135552  ...  286612928              131.0           0.3
3  323470        225  403135552  ...  286612928              131.0           0.3
4  323470        225  403135552  ...  286612928              131.0           0.3

[5 rows x 14 columns]
Data set size: 1000000
7000000 8000000
      run  lumiblock      event  ...  event_rnd  crossingAngle_rnd  betaStar_rnd
0  323525        321  547841536  ...    9367087              151.0          0.30
1  323525        321  547841536  ...    9367087              151.0          0.30
2  323525        321  547841536  ...    9367087              151.0          0.30
3  323525        321  547841536  ...    9367087              151.0          0.30
4  323525        321  548382720  ...   79853448              130.0          0.27

[5 rows x 14 columns]
Data set size: 1000000
8000000 9000000
      run  lumiblock      event  ...  event_rnd  crossingAngle_rnd  betaStar_rnd
0  323488        306  564396864  ...  291072576              141.0           0.3
1  323488        306  564396864  ...  291072576              141.0           0.3
2  323488        306  564396864  ...  291072576              141.0           0.3
3  323488        306  564396864  ...  291072576              141.0           0.3
4  323488        306  564396864  ...  291072576              141.0           0.3

[5 rows x 14 columns]
Data set size: 1000000
9000000 10000000
      run  lumiblock      event  ...  event_rnd  crossingAngle_rnd  betaStar_rnd
0  323790        114  128624800  ...  349465664              153.0           0.3
1  323790        114  128624800  ...  349465664              153.0           0.3
2  323790        114  128624800  ...  349465664              153.0           0.3
3  323790        114  128134496  ...  335058816              152.0           0.3
4  323790        114  128134496  ...  335058816              152.0           0.3

[5 rows x 14 columns]
Data set size: 1000000
10000000 11000000
      run  lumiblock      event  ...   event_rnd  crossingAngle_rnd  betaStar_rnd
0  323790        510  907278144  ...   594372672              149.0           0.3
1  323790        510  907278144  ...   594372672              149.0           0.3
2  323790        510  907679424  ...  1626361728              138.0           0.3
3  323790        510  907679424  ...  1626361728              138.0           0.3
4  323790        510  906415296  ...  1696273792              137.0           0.3

[5 rows x 14 columns]
Data set size: 1000000
11000000 12000000
      run  lumiblock       event  ...   event_rnd  crossingAngle_rnd  betaStar_rnd
0  323790        708  1275863040  ...   844775360              138.0           0.3
1  323790        708  1275863040  ...   844775360              138.0           0.3
2  323790        709  1277139712  ...  1586125568              138.0           0.3
3  323790        709  1277139712  ...  1586125568              138.0           0.3
4  323790        709  1277139712  ...  1586125568              138.0           0.3

[5 rows x 14 columns]
Data set size: 1000000
12000000 13000000
      run  lumiblock      event  ...   event_rnd  crossingAngle_rnd  betaStar_rnd
0  323702        529  929830528  ...  1001663104              142.0           0.3
1  323702        529  929830528  ...  1001663104              142.0           0.3
2  323702        529  930008512  ...   944793664              145.0           0.3
3  323702        529  930008512  ...   944793664              145.0           0.3
4  323702        529  930008512  ...   944793664              145.0           0.3

[5 rows x 14 columns]
Data set size: 1000000
13000000 14000000
      run  lumiblock       event  ...   event_rnd  crossingAngle_rnd  betaStar_rnd
0  323940       1458  2687324928  ...  1028753920              147.0           0.3
1  323940       1458  2687324928  ...  1028753920              147.0           0.3
2  323940       1458  2687324928  ...  1028753920              147.0           0.3
3  323940       1458  2687324928  ...  1028753920              147.0           0.3
4  323940       1458  2687324928  ...  1028753920              147.0           0.3

[5 rows x 14 columns]
Data set size: 1000000
14000000 15000000
      run  lumiblock      event  ...   event_rnd  crossingAngle_rnd  betaStar_rnd
0  324201        411  803711040  ...  1162873728              160.0           0.3
1  324201        411  803038272  ...  2454640640              160.0           0.3
2  324201        411  803038272  ...  2454640640              160.0           0.3
3  324201        411  803038272  ...  2454640640              160.0           0.3
4  324201        411  803135360  ...   374820896              160.0           0.3

[5 rows x 14 columns]
Data set size: 1000000
15000000 16000000
      run  lumiblock      event  ...  event_rnd  crossingAngle_rnd  betaStar_rnd
0  324201        174  314567776  ...  337949632              160.0           0.3
1  324201        174  314567776  ...  337949632              160.0           0.3
2  324201        174  314567776  ...  337949632              160.0           0.3
3  324201        174  314567776  ...  337949632              160.0           0.3
4  324201        174  314567776  ...  337949632              160.0           0.3

[5 rows x 14 columns]
Data set size: 1000000
16000000 17000000
      run  lumiblock      event  ...   event_rnd  crossingAngle_rnd  betaStar_rnd
0  324201        436  852275200  ...  1907873280              144.0           0.3
1  324201        436  852275200  ...  1907873280              144.0           0.3
2  324201        436  852275200  ...  1907873280              144.0           0.3
3  324201        436  852275200  ...  1907873280              144.0           0.3
4  324201        436  852275200  ...  1907873280              144.0           0.3

[5 rows x 14 columns]
Data set size: 1000000
17000000 18000000
      run  lumiblock       event  ...  event_rnd  crossingAngle_rnd  betaStar_rnd
0  324201        992  1901175552  ...  228824608              160.0           0.3
1  324201        992  1901175552  ...  228824608              160.0           0.3
2  324201        992  1901175552  ...  228824608              160.0           0.3
3  324201        992  1901175552  ...  228824608              160.0           0.3
4  324201        992  1901175552  ...  228824608              160.0           0.3

[5 rows x 14 columns]
Data set size: 1000000
18000000 19000000
      run  lumiblock      event  ...   event_rnd  crossingAngle_rnd  betaStar_rnd
0  324420        405  840247680  ...  3676824832              130.0          0.25
1  324420        405  840247680  ...  3676824832              130.0          0.25
2  324420        405  840247680  ...  3676824832              130.0          0.25
3  324420        405  840247680  ...  3676824832              130.0          0.25
4  324420        405  840340288  ...  1410938496              138.0          0.30

[5 rows x 14 columns]
Data set size: 1000000
19000000 20000000
      run  lumiblock       event  ...   event_rnd  crossingAngle_rnd  betaStar_rnd
0  324747       1071  1966565760  ...  1385768576              140.0           0.3
1  324747       1072  1970142208  ...   256055472              153.0           0.3
2  324747       1072  1970142208  ...   256055472              153.0           0.3
3  324747       1072  1970142208  ...   256055472              153.0           0.3
4  324747       1072  1970142208  ...   256055472              153.0           0.3

[5 rows x 14 columns]
Data set size: 1000000
20000000 21000000
      run  lumiblock       event  ...   event_rnd  crossingAngle_rnd  betaStar_rnd
0  324293        700  1307989760  ...  3130624512              130.0          0.25
1  324293        700  1307989760  ...  3130624512              130.0          0.25
2  324293        700  1307989760  ...  3130624512              130.0          0.25
3  324293        700  1307989760  ...  3130624512              130.0          0.25
4  324293        700  1307989760  ...  3130624512              130.0          0.25

[5 rows x 14 columns]
Data set size: 1000000
21000000 22000000
      run  lumiblock      event  ...  event_rnd  crossingAngle_rnd  betaStar_rnd
0  324785        169  178752416  ...  191412480              153.0           0.3
1  324785        169  178752416  ...  191412480              153.0           0.3
2  324785        169  178752416  ...  191412480              153.0           0.3
3  324785        169  178752416  ...  191412480              153.0           0.3
4  324785        169  178752416  ...  191412480              153.0           0.3

[5 rows x 14 columns]
Data set size: 1000000
22000000 23000000
      run  lumiblock      event  ...   event_rnd  crossingAngle_rnd  betaStar_rnd
0  324980        140  197639920  ...   953631680              135.0          0.30
1  324980        140  197650304  ...  1120730880              140.0          0.30
2  324980        140  197650304  ...  1120730880              140.0          0.30
3  324980        140  197536368  ...  3473463040              130.0          0.25
4  324980        140  197536368  ...  3473463040              130.0          0.25

[5 rows x 14 columns]
Data set size: 1000000
23000000 24000000
      run  lumiblock       event  ...   event_rnd  crossingAngle_rnd  betaStar_rnd
0  324970        563  1036700288  ...  1046825216              134.0           0.3
1  324970        563  1036700288  ...  1046825216              134.0           0.3
2  324970        563  1036700288  ...  1046825216              134.0           0.3
3  324970        563  1036700288  ...  1046825216              134.0           0.3
4  324970        563  1036700288  ...  1046825216              134.0           0.3

[5 rows x 14 columns]
Data set size: 1000000
24000000 25000000
      run  lumiblock     event  ...  event_rnd  crossingAngle_rnd  betaStar_rnd
0  324970         27  46119064  ...  168910800              156.0           0.3
1  324970         27  46119064  ...  168910800              156.0           0.3
2  324970         27  46119064  ...  168910800              156.0           0.3
3  324970         27  46119064  ...  168910800              156.0           0.3
4  324970         27  46119064  ...  168910800              156.0           0.3

[5 rows x 14 columns]
Data set size: 1000000
25000000 26000000
      run  lumiblock      event  ...  event_rnd  crossingAngle_rnd  betaStar_rnd
0  325001        293  517603616  ...  510796288              140.0           0.3
1  325001        293  517603616  ...  510796288              140.0           0.3
2  325001        293  517603616  ...  510796288              140.0           0.3
3  325001        293  517603616  ...  510796288              140.0           0.3
4  325001        293  517168352  ...  182438000              140.0           0.3

[5 rows x 14 columns]
Data set size: 1000000
26000000 27000000
      run  lumiblock       event  ...   event_rnd  crossingAngle_rnd  betaStar_rnd
0  324980       1776  3252732672  ...  1514280960              139.0           0.3
1  324980       1776  3252732672  ...  1514280960              139.0           0.3
2  324980       1776  3252732672  ...  1514280960              139.0           0.3
3  324980       1776  3252732672  ...  1514280960              139.0           0.3
4  324980       1776  3252130304  ...     6946160              146.0           0.3

[5 rows x 14 columns]
Data set size: 1000000
27000000 28000000
      run  lumiblock     event  ...   event_rnd  crossingAngle_rnd  betaStar_rnd
0  325000         27  50701964  ...   713825088              130.0          0.27
1  325000         27  50701964  ...   713825088              130.0          0.27
2  325000         27  50701964  ...   713825088              130.0          0.27
3  325000         27  50701964  ...   713825088              130.0          0.27
4  325000         27  49531320  ...  1299620864              140.0          0.30

[5 rows x 14 columns]
Data set size: 1000000
28000000 29000000
      run  lumiblock      event  ...  event_rnd  crossingAngle_rnd  betaStar_rnd
0  325057        182  261086720  ...  307851392              148.0           0.3
1  325057        182  261086720  ...  307851392              148.0           0.3
2  325057        182  261086720  ...  307851392              148.0           0.3
3  325057        182  261086720  ...  307851392              148.0           0.3
4  325057        182  261086720  ...  307851392              148.0           0.3

[5 rows x 14 columns]
Data set size: 1000000
29000000 30000000
      run  lumiblock       event  ...   event_rnd  crossingAngle_rnd  betaStar_rnd
0  325022       1141  1659306752  ...  1194329984              132.0           0.3
1  325022       1141  1659306752  ...  1194329984              132.0           0.3
2  325022       1141  1659306752  ...  1194329984              132.0           0.3
3  325022       1141  1659255552  ...   923626368              135.0           0.3
4  325022       1141  1659255552  ...   923626368              135.0           0.3

[5 rows x 14 columns]
Data set size: 1000000
30000000 30753600
      run  lumiblock       event  ...   event_rnd  crossingAngle_rnd  betaStar_rnd
0  325022        381   605932288  ...  1682485504              134.0           0.3
1  325022        381   605932288  ...  1682485504              134.0           0.3
2  325022        381   605932288  ...  1682485504              134.0           0.3
3  325022        695  1102505600  ...    72914880              160.0           0.3
4  325022        695  1102505600  ...    72914880              160.0           0.3

[5 rows x 14 columns]
Data set size: 753600
All                     7560550
Jet                     7560550
Muon                    7317900
ProtonRnd_check_none    7317900
ProtonRnd               4807300
dtype: int64
           run  lumiblock       event  ...   tracky2  trackpixshift2  rpid2
0       322431        458   784937792  ...  4.747070               0    123
1       322431        458   786161728  ...  3.281250               0    123
2       322431        458   786161728  ...  2.705811               0    123
3       322431        308   538398912  ... -1.141235               0    123
4       322431        308   537549696  ...  0.821960               0    123
...        ...        ...         ...  ...       ...             ...    ...
590895  325170        638  1176491776  ...  1.433594               0    123
590896  325170        638  1175059200  ... -2.848145               0    123
590897  325170        638  1175357952  ... -1.766235               0    123
590898  325170        638  1175496320  ...  4.003418               0    123
590899  325170        646  1189031680  ...  1.439941               0     23

[8590900 rows x 68 columns]
           run  lumiblock       event  ...   tracky1  trackpixshift1  rpid1
0       322431        458   784937792  ...  0.633789               0      3
1       322431        458   784937792  ...  4.666504               0    103
2       322431        458   784937792  ...  4.747070               0    123
3       322431        458   786161728  ...  4.703613               0      3
4       322431        458   786161728  ...  3.276611               0    103
...        ...        ...         ...  ...       ...             ...    ...
977645  325170        638  1175357952  ... -1.766235               0    123
977646  325170        638  1175496320  ...  3.964355               0    103
977647  325170        638  1175496320  ...  4.003418               0    123
977648  325170        646  1189031680  ...  1.513550               0      3
977649  325170        646  1189031680  ...  1.439941               0     23

[22977650 rows x 64 columns]
           run  lumiblock  ...  crossingAngle_rnd  betaStar_rnd
0       322431        458  ...              137.0           0.3
1       322431        458  ...              137.0           0.3
2       322431        458  ...              137.0           0.3
3       322431        458  ...              149.0           0.3
4       322431        458  ...              149.0           0.3
...        ...        ...  ...                ...           ...
753595  325170        638  ...              153.0           0.3
753596  325170        638  ...              153.0           0.3
753597  325170        646  ...              133.0           0.3
753598  325170        646  ...              133.0           0.3
753599  325170        646  ...              133.0           0.3

[30753600 rows x 14 columns]
2018D1: 1054150
2018D2: 7536750
0         2018D1
1         2018D1
2         2018D1
3         2018D1
4         2018D1
           ...  
590895    2018D2
590896    2018D2
590897    2018D2
590898    2018D2
590899    2018D2
Name: period, Length: 8590900, dtype: object
{'2017B': {0: {2: 1.995}, 1: {2: 2.422}}, '2017C1': {0: {2: 1.86}, 1: {2: 2.422}}, '2017C2': {0: {2: 1.86}, 1: {2: 2.422}}, '2017D': {0: {2: 1.86}, 1: {2: 2.422}}, '2017E': {0: {2: 1.995}, 1: {2: 2.422}}, '2017F1': {0: {2: 1.995}, 1: {2: 2.422}}, '2017F2': {0: {2: 1.995}, 1: {2: 2.422}}, '2017F3': {0: {2: 1.995}, 1: {2: 2.422}}, '2018A': {0: {0: 2.85, 2: 2.421}, 1: {0: 3.275, 2: 2.421}}, '2018B1': {0: {0: 2.85, 2: 2.421}, 1: {0: 3.275, 2: 2.564}}, '2018B2': {0: {0: 2.564, 2: 2.14}, 1: {0: 3.275, 2: 2.279}}, '2018C': {0: {0: 2.564, 2: 2.421}, 1: {0: 3.275, 2: 2.279}}, '2018D1': {0: {0: 2.85, 2: 2.421}, 1: {0: 3.275, 2: 2.279}}, '2018D2': {0: {0: 2.85, 2: 2.421}, 1: {0: 3.275, 2: 2.279}}} {'2017B': {0: {2: 24.479}, 1: {2: 24.62}}, '2017C1': {0: {2: 24.334}, 1: {2: 24.62}}, '2017C2': {0: {2: 24.334}, 1: {2: 24.62}}, '2017D': {0: {2: 24.334}, 1: {2: 24.62}}, '2017E': {0: {2: 24.479}, 1: {2: 24.62}}, '2017F1': {0: {2: 24.479}, 1: {2: 24.62}}, '2017F2': {0: {2: 24.479}, 1: {2: 24.62}}, '2017F3': {0: {2: 24.479}, 1: {2: 24.62}}, '2018A': {0: {0: 17.927, 2: 24.62}, 1: {0: 18.498, 2: 20.045}}, '2018B1': {0: {0: 17.927, 2: 24.62}, 1: {0: 18.07, 2: 20.045}}, '2018B2': {0: {0: 17.64, 2: 24.479}, 1: {0: 17.931, 2: 24.76}}, '2018C': {0: {0: 17.93, 2: 24.62}, 1: {0: 17.931, 2: 24.76}}, '2018D1': {0: {0: 17.931, 2: 24.62}, 1: {0: 17.931, 2: 24.76}}, '2018D2': {0: {0: 17.931, 2: 24.62}, 1: {0: 17.931, 2: 24.76}}} {'2017B': {0: {2: -11.098}, 1: {2: -10.698}}, '2017C1': {0: {2: -11.098}, 1: {2: -10.698}}, '2017C2': {0: {2: -11.098}, 1: {2: -10.698}}, '2017D': {0: {2: -11.098}, 1: {2: -10.698}}, '2017E': {0: {2: -10.098}, 1: {2: -9.698}}, '2017F1': {0: {2: -10.098}, 1: {2: -9.698}}, '2017F2': {0: {2: -10.098}, 1: {2: -9.698}}, '2017F3': {0: {2: -10.098}, 1: {2: -9.698}}, '2018A': {0: {0: -11.598, 2: -10.898}, 1: {0: -11.298, 2: -10.398}}, '2018B1': {0: {0: -11.598, 2: -10.898}, 1: {0: -11.198, 2: -10.398}}, '2018B2': {0: {0: -11.598, 2: -11.398}, 1: {0: -10.498, 2: -10.598}}, '2018C': {0: {0: -11.098, 2: -11.398}, 1: {0: -10.498, 2: -10.598}}, '2018D1': {0: {0: -11.098, 2: -11.398}, 1: {0: -10.498, 2: -10.598}}, '2018D2': {0: {0: -10.598, 2: -11.698}, 1: {0: -9.998, 2: -10.598}}} {'2017B': {0: {2: 4.298}, 1: {2: 4.698}}, '2017C1': {0: {2: 4.298}, 1: {2: 4.698}}, '2017C2': {0: {2: 4.298}, 1: {2: 4.698}}, '2017D': {0: {2: 4.298}, 1: {2: 4.698}}, '2017E': {0: {2: 4.998}, 1: {2: 5.398}}, '2017F1': {0: {2: 4.998}, 1: {2: 5.398}}, '2017F2': {0: {2: 4.998}, 1: {2: 5.398}}, '2017F3': {0: {2: 4.998}, 1: {2: 5.398}}, '2018A': {0: {0: 3.698, 2: 4.398}, 1: {0: 3.298, 2: 5.098}}, '2018B1': {0: {0: 3.698, 2: 4.198}, 1: {0: 4.098, 2: 5.098}}, '2018B2': {0: {0: 4.198, 2: 3.798}, 1: {0: 4.098, 2: 4.498}}, '2018C': {0: {0: 4.198, 2: 3.698}, 1: {0: 4.698, 2: 4.398}}, '2018D1': {0: {0: 4.098, 2: 3.698}, 1: {0: 4.698, 2: 4.398}}, '2018D2': {0: {0: 4.498, 2: 3.298}, 1: {0: 4.698, 2: 3.898}}}
{0: {2: 2.421}, 1: {2: 2.564}} {0: {2: 24.479}, 1: {2: 20.045}} {0: {2: -10.898}, 1: {2: -10.398}} {0: {2: 3.298}, 1: {2: 3.898}}
['run', 'lumiblock', 'event', 'slice']
0         True
1         True
2         True
3         True
4         True
          ... 
590895    True
590896    True
590897    True
590898    True
590899    True
Name: within_aperture, Length: 8590900, dtype: bool
Within aperture: 8528150
['run', 'lumiblock', 'event', 'slice']
['xi', 'thx', 'thy', 't', 'ismultirp', 'rpid', 'arm', 'random', 'trackx1', 'tracky1', 'trackpixshift1', 'rpid1', 'trackx2', 'tracky2', 'trackpixshift2', 'rpid2']
['run', 'lumiblock', 'event', 'slice']
run     lumiblock  event       slice
322431  458        786161728   0        False
                               0         True
        308        538398912   0         True
                   537549696   0        False
                               0        False
                                        ...  
325170  638        1176491776  49       False
                               49        True
                   1175059200  49        True
                   1175357952  49        True
        646        1189031680  49        True
Name: xi, Length: 7777700, dtype: bool
run     lumiblock  event       slice
322431  458        786161728   0        False
        308        538398912   0        False
                   537549696   0        False
                   537914688   0         True
                               0         True
                                        ...  
325170  638        1176491776  49        True
                               49        True
                   1175059200  49       False
                   1175357952  49       False
        646        1189031680  49       False
Name: arm, Length: 5851395, dtype: bool
Number of events: 1281491
run     lumiblock  event       slice
322431  308        537914688   0        1136.673011
        311        542557056   0        1128.738537
                   543820096   0         986.151151
                   543047808   0        1039.569445
        316        552616384   0         660.349336
                                           ...     
325170  630        1161527296  49        969.441868
        636        1172657792  49       1073.524699
        649        1194700544  49       1936.866000
        637        1173862144  49       1367.043361
        638        1176491776  49       1430.704340
Name: MX, Length: 1281491, dtype: float64
run     lumiblock  event       slice
322431  308        537914688   0       -0.270672
        311        542557056   0       -0.423043
                   543820096   0       -0.510734
                   543047808   0        0.071580
        316        552616384   0       -0.128637
                                          ...   
325170  630        1161527296  49      -0.323796
        636        1172657792  49       0.135759
        649        1194700544  49      -0.093878
        637        1173862144  49       0.053234
        638        1176491776  49      -0.079328
Name: YX, Length: 1281491, dtype: float64
                                   crossingAngle  betaStar  ...    ylow  yhigh
run    lumiblock event      slice                           ...               
322431 308       537914688  0              135.0       0.3  ... -10.898  3.298
                            0              135.0       0.3  ... -10.398  3.898
       311       542557056  0              134.0       0.3  ... -10.898  3.298
                            0              134.0       0.3  ... -10.398  3.898
                 543820096  0              134.0       0.3  ... -10.898  3.298
...                                          ...       ...  ...     ...    ...
325170 649       1194700544 49             132.0       0.3  ... -10.398  3.898
       637       1173862144 49             133.0       0.3  ... -10.898  3.298
                            49             133.0       0.3  ... -10.398  3.898
       638       1176491776 49             133.0       0.3  ... -10.898  3.298
                            49             133.0       0.3  ... -10.398  3.898

[2562982 rows x 95 columns]
Total time elapsed: 6405
['/counts', '/events_multiRP', '/protons_multiRP']
