000 (7715295.002.000) 12/18 13:27:55 Job submitted from host: <137.138.156.150:9618?addrs=137.138.156.150-9618+[2001-1458-d00-14--9a]-9618&alias=bigbird13.cern.ch&noUDP&sock=schedd_1788_ff6c>
...
040 (7715295.002.000) 12/18 13:29:24 Started transferring input files
	Transferring to host: <128.142.248.46:9618?addrs=128.142.248.46-9618+[2001-1458-301-73--100-11e]-9618&alias=b7g23p0256.cern.ch&noUDP&sock=slot1_2_53679_7620_15085>
...
040 (7715295.002.000) 12/18 13:29:24 Finished transferring input files
...
001 (7715295.002.000) 12/18 13:29:24 Job executing on host: <128.142.248.46:9618?addrs=128.142.248.46-9618+[2001-1458-301-73--100-11e]-9618&alias=b7g23p0256.cern.ch&noUDP&sock=startd_53626_8dd6>
...
006 (7715295.002.000) 12/18 13:29:32 Image size of job updated: 24356
	19  -  MemoryUsage of job (MB)
	18856  -  ResidentSetSize of job (KB)
...
006 (7715295.002.000) 12/18 13:29:42 Image size of job updated: 317644
	19  -  MemoryUsage of job (MB)
	18856  -  ResidentSetSize of job (KB)
...
040 (7715295.002.000) 12/18 13:29:42 Started transferring output files
...
040 (7715295.002.000) 12/18 13:29:42 Finished transferring output files
...
005 (7715295.002.000) 12/18 13:29:42 Job terminated.
	(1) Normal termination (return value 1)
		Usr 0 00:00:01, Sys 0 00:00:01  -  Run Remote Usage
		Usr 0 00:00:00, Sys 0 00:00:00  -  Run Local Usage
		Usr 0 00:00:01, Sys 0 00:00:01  -  Total Remote Usage
		Usr 0 00:00:00, Sys 0 00:00:00  -  Total Local Usage
	44348  -  Run Bytes Sent By Job
	959  -  Run Bytes Received By Job
	44348  -  Total Bytes Sent By Job
	959  -  Total Bytes Received By Job
	Partitionable Resources :    Usage  Request Allocated 
	   Cpus                 :                24        24 
	   Disk (KB)            :       99        1   3278998 
	   Memory (MB)          :       19    48000     48000 

	Job terminated of its own accord at 2022-12-18T12:29:42Z.
...
