000 (7716584.005.000) 12/19 03:30:19 Job submitted from host: <137.138.156.150:9618?addrs=137.138.156.150-9618+[2001-1458-d00-14--9a]-9618&alias=bigbird13.cern.ch&noUDP&sock=schedd_1788_ff6c>
...
040 (7716584.005.000) 12/19 03:31:22 Started transferring input files
	Transferring to host: <128.142.49.50:9618?addrs=128.142.49.50-9618+[2001-1458-301-31--100-30]-9618&alias=b7g22p2614.cern.ch&noUDP&sock=slot1_1_10147_3ab6_37641>
...
040 (7716584.005.000) 12/19 03:31:22 Finished transferring input files
...
001 (7716584.005.000) 12/19 03:31:22 Job executing on host: <128.142.49.50:9618?addrs=128.142.49.50-9618+[2001-1458-301-31--100-30]-9618&alias=b7g22p2614.cern.ch&noUDP&sock=startd_8942_0bf5>
...
006 (7716584.005.000) 12/19 03:31:30 Image size of job updated: 1093904
	913  -  MemoryUsage of job (MB)
	934172  -  ResidentSetSize of job (KB)
...
006 (7716584.005.000) 12/19 03:36:30 Image size of job updated: 11784572
	11352  -  MemoryUsage of job (MB)
	11624164  -  ResidentSetSize of job (KB)
...
006 (7716584.005.000) 12/19 03:41:31 Image size of job updated: 32760680
	26195  -  MemoryUsage of job (MB)
	26822740  -  ResidentSetSize of job (KB)
...
006 (7716584.005.000) 12/19 03:46:31 Image size of job updated: 38729784
	34558  -  MemoryUsage of job (MB)
	35387264  -  ResidentSetSize of job (KB)
...
006 (7716584.005.000) 12/19 03:51:31 Image size of job updated: 41549940
	38400  -  MemoryUsage of job (MB)
	39320592  -  ResidentSetSize of job (KB)
...
006 (7716584.005.000) 12/19 03:56:32 Image size of job updated: 45519676
	42345  -  MemoryUsage of job (MB)
	43360644  -  ResidentSetSize of job (KB)
...
006 (7716584.005.000) 12/19 04:01:33 Image size of job updated: 49809048
	46531  -  MemoryUsage of job (MB)
	47647612  -  ResidentSetSize of job (KB)
...
006 (7716584.005.000) 12/19 04:06:33 Image size of job updated: 54079000
	50696  -  MemoryUsage of job (MB)
	51912048  -  ResidentSetSize of job (KB)
...
006 (7716584.005.000) 12/19 04:11:33 Image size of job updated: 58256916
	54772  -  MemoryUsage of job (MB)
	56085964  -  ResidentSetSize of job (KB)
...
006 (7716584.005.000) 12/19 04:16:34 Image size of job updated: 62290920
	58707  -  MemoryUsage of job (MB)
	60115752  -  ResidentSetSize of job (KB)
...
006 (7716584.005.000) 12/19 04:21:34 Image size of job updated: 66222936
	62483  -  MemoryUsage of job (MB)
	63982256  -  ResidentSetSize of job (KB)
...
006 (7716584.005.000) 12/19 04:26:34 Image size of job updated: 76225432
	72617  -  MemoryUsage of job (MB)
	74359560  -  ResidentSetSize of job (KB)
...
006 (7716584.005.000) 12/19 04:31:35 Image size of job updated: 83190872
	78996  -  MemoryUsage of job (MB)
	80890968  -  ResidentSetSize of job (KB)
...
006 (7716584.005.000) 12/19 04:36:35 Image size of job updated: 83367752
	78996  -  MemoryUsage of job (MB)
	80890968  -  ResidentSetSize of job (KB)
...
040 (7716584.005.000) 12/19 05:54:19 Started transferring output files
...
040 (7716584.005.000) 12/19 05:54:19 Finished transferring output files
...
005 (7716584.005.000) 12/19 05:54:19 Job terminated.
	(1) Normal termination (return value 0)
		Usr 0 02:14:39, Sys 0 00:05:44  -  Run Remote Usage
		Usr 0 00:00:00, Sys 0 00:00:00  -  Run Local Usage
		Usr 0 02:14:39, Sys 0 00:05:44  -  Total Remote Usage
		Usr 0 00:00:00, Sys 0 00:00:00  -  Total Local Usage
	107746  -  Run Bytes Sent By Job
	959  -  Run Bytes Received By Job
	107746  -  Total Bytes Sent By Job
	959  -  Total Bytes Received By Job
	Partitionable Resources :      Usage  Request Allocated 
	   Cpus                 :       1.00       24        24 
	   Disk (KB)            : 1218233           1   3100839 
	   Memory (MB)          :   78996       48000     48000 

	Job terminated of its own accord at 2022-12-19T04:54:19Z.
...
